#
# There is insufficient memory for the Java Runtime Environment to continue.
# Native memory allocation (malloc) failed to allocate 1961296 bytes. Error detail: Chunk::new
# Possible reasons:
#   The system is out of physical RAM or swap space
#   This process is running with CompressedOops enabled, and the Java Heap may be blocking the growth of the native heap
# Possible solutions:
#   Reduce memory load on the system
#   Increase physical memory or swap space
#   Check if swap backing store is full
#   Decrease Java heap size (-Xmx/-Xms)
#   Decrease number of Java threads
#   Decrease Java thread stack sizes (-Xss)
#   Set larger code cache with -XX:ReservedCodeCacheSize=
#   JVM is running with Unscaled Compressed Oops mode in which the Java heap is
#     placed in the first 4GB address space. The Java Heap base address is the
#     maximum limit for the native heap growth. Please use -XX:HeapBaseMinAddress
#     to set the Java Heap base and to place the Java Heap above 4GB virtual address.
# This output file may be truncated or incomplete.
#
#  Out of Memory Error (arena.cpp:168), pid=36108, tid=5876
#
# JRE version: OpenJDK Runtime Environment Temurin-21.0.6+7 (21.0.6+7) (build 21.0.6+7-LTS)
# Java VM: OpenJDK 64-Bit Server VM Temurin-21.0.6+7 (21.0.6+7-LTS, mixed mode, sharing, tiered, compressed oops, compressed class ptrs, parallel gc, windows-amd64)
# No core dump will be written. Minidumps are not enabled by default on client versions of Windows
#

---------------  S U M M A R Y ------------

Command Line: --add-modules=ALL-SYSTEM --add-opens=java.base/java.util=ALL-UNNAMED --add-opens=java.base/java.lang=ALL-UNNAMED --add-opens=java.base/sun.nio.fs=ALL-UNNAMED -Declipse.application=org.eclipse.jdt.ls.core.id1 -Dosgi.bundles.defaultStartLevel=4 -Declipse.product=org.eclipse.jdt.ls.core.product -Djava.import.generatesMetadataFilesAtProjectRoot=false -DDetectVMInstallationsJob.disabled=true -Dfile.encoding=utf8 -XX:+UseParallelGC -XX:GCTimeRatio=4 -XX:AdaptiveSizePolicyWeight=90 -Dsun.zip.disableMemoryMapping=true -Xmx1G -Xms100m -Xlog:disable -javaagent:c:\Users\HP\.vscode\extensions\redhat.java-1.41.1-win32-x64\lombok\lombok-1.18.36.jar -XX:+HeapDumpOnOutOfMemoryError -XX:HeapDumpPath=c:\Users\HP\AppData\Roaming\Code\User\workspaceStorage\d587ff5ec16d4547324857f46d9c1709\redhat.java -Daether.dependencyCollector.impl=bf c:\Users\HP\.vscode\extensions\redhat.java-1.41.1-win32-x64\server\plugins\org.eclipse.equinox.launcher_1.7.0.v20250331-1702.jar -configuration c:\Users\HP\AppData\Roaming\Code\User\globalStorage\redhat.java\1.41.1\config_win -data c:\Users\HP\AppData\Roaming\Code\User\workspaceStorage\d587ff5ec16d4547324857f46d9c1709\redhat.java\jdt_ws --pipe=\\.\pipe\lsp-79a760de0543d16873b07d2a0fb4db5c-sock

Host: AMD Ryzen 5 5500U with Radeon Graphics         , 12 cores, 7G,  Windows 11 , 64 bit Build 26100 (10.0.26100.3624)
Time: Wed Apr 23 22:13:40 2025 SE Asia Standard Time elapsed time: 745.195311 seconds (0d 0h 12m 25s)

---------------  T H R E A D  ---------------

Current thread (0x0000020b180328e0):  JavaThread "C2 CompilerThread0" daemon [_thread_in_native, id=5876, stack(0x0000001c00000000,0x0000001c00100000) (1024K)]


Current CompileTask:
C2:745195 26387 %     4       org.eclipse.jdt.internal.compiler.lookup.MethodVerifier15::checkMethods @ 832 (1164 bytes)

Stack: [0x0000001c00000000,0x0000001c00100000]
Native frames: (J=compiled Java code, j=interpreted, Vv=VM code, C=native code)
V  [jvm.dll+0x6cdee9]
V  [jvm.dll+0x8a83d1]
V  [jvm.dll+0x8aa8fe]
V  [jvm.dll+0x8aafe3]
V  [jvm.dll+0x27f706]
V  [jvm.dll+0xc500d]
V  [jvm.dll+0xc5543]
V  [jvm.dll+0x3b6752]
V  [jvm.dll+0x1e0009]
V  [jvm.dll+0x247b42]
V  [jvm.dll+0x246fcf]
V  [jvm.dll+0x1c75ee]
V  [jvm.dll+0x25685a]
V  [jvm.dll+0x254dfa]
V  [jvm.dll+0x3f0256]
V  [jvm.dll+0x851f8b]
V  [jvm.dll+0x6cc5ed]
C  [ucrtbase.dll+0x37b0]
C  [KERNEL32.DLL+0x2e8d7]
C  [ntdll.dll+0xb14fc]


---------------  P R O C E S S  ---------------

Threads class SMR info:
_java_thread_list=0x0000020b21d63040, length=94, elements={
0x0000020abcafcb80, 0x0000020b180004a0, 0x0000020b18003160, 0x0000020b180077e0,
0x0000020b18008690, 0x0000020b1800b450, 0x0000020b180229a0, 0x0000020b180328e0,
0x0000020b18034bd0, 0x0000020b1810cb90, 0x0000020b1810be70, 0x0000020b1810aac0,
0x0000020b1810d220, 0x0000020b1810d8b0, 0x0000020b1810b7e0, 0x0000020b1810df40,
0x0000020b1810b150, 0x0000020b18de8410, 0x0000020b18de8aa0, 0x0000020b18de9130,
0x0000020b18de5cb0, 0x0000020b18de97c0, 0x0000020b18dea4e0, 0x0000020b18de7060,
0x0000020b18deab70, 0x0000020b18de76f0, 0x0000020b18deb200, 0x0000020b18de7d80,
0x0000020b18deb890, 0x0000020b18debf20, 0x0000020b18dec5b0, 0x0000020b18decc40,
0x0000020b1c951de0, 0x0000020b1c952470, 0x0000020b1c94eff0, 0x0000020b1c94f680,
0x0000020b1c9503a0, 0x0000020b1c952b00, 0x0000020b1c94fd10, 0x0000020b1c953820,
0x0000020b1c953eb0, 0x0000020b1c951750, 0x0000020b1c950a30, 0x0000020b1c954540,
0x0000020b1c9510c0, 0x0000020b1c954bd0, 0x0000020b1c955f80, 0x0000020b1ba29ce0,
0x0000020b1ba2c440, 0x0000020b1ba2d7f0, 0x0000020b1ba2b720, 0x0000020b1ba2d160,
0x0000020b1ba2aa00, 0x0000020b1ba31300, 0x0000020b1ba305e0, 0x0000020b1ba2e510,
0x0000020b1ba2eba0, 0x0000020b1ba2f230, 0x0000020b1ba2f8c0, 0x0000020b1ba30c70,
0x0000020b1ba2ff50, 0x0000020b1bdbd1a0, 0x0000020b1bdbe550, 0x0000020b1bdbebe0,
0x0000020b1bdbf270, 0x0000020b1bdbcb10, 0x0000020b1ba2bdb0, 0x0000020b1ba2cad0,
0x0000020b1bdde6f0, 0x0000020b1bddbf90, 0x0000020b1bddb270, 0x0000020b1bddb900,
0x0000020b1bddd340, 0x0000020b1b922320, 0x0000020b1bdbbdf0, 0x0000020b1bdc0cb0,
0x0000020b1bdd91a0, 0x0000020b1bddabe0, 0x0000020b1bdd7760, 0x0000020b1bdd7df0,
0x0000020b1bdded80, 0x0000020b1bdde060, 0x0000020b1bddc620, 0x0000020b210f5730,
0x0000020b210f6ae0, 0x0000020b210f3cf0, 0x0000020b210f4380, 0x0000020b210f50a0,
0x0000020b210f5dc0, 0x0000020b210f6450, 0x0000020b210f4a10, 0x0000020b1b91fbc0,
0x0000020b1b923d60, 0x0000020b1b921600
}

Java Threads: ( => current thread )
  0x0000020abcafcb80 JavaThread "main"                              [_thread_blocked, id=35000, stack(0x0000001c7f600000,0x0000001c7f700000) (1024K)]
  0x0000020b180004a0 JavaThread "Reference Handler"          daemon [_thread_blocked, id=30884, stack(0x0000001c7fa00000,0x0000001c7fb00000) (1024K)]
  0x0000020b18003160 JavaThread "Finalizer"                  daemon [_thread_blocked, id=34712, stack(0x0000001c7fb00000,0x0000001c7fc00000) (1024K)]
  0x0000020b180077e0 JavaThread "Signal Dispatcher"          daemon [_thread_blocked, id=13308, stack(0x0000001c7fc00000,0x0000001c7fd00000) (1024K)]
  0x0000020b18008690 JavaThread "Attach Listener"            daemon [_thread_blocked, id=8928, stack(0x0000001c7fd00000,0x0000001c7fe00000) (1024K)]
  0x0000020b1800b450 JavaThread "Service Thread"             daemon [_thread_blocked, id=1360, stack(0x0000001c7fe00000,0x0000001c7ff00000) (1024K)]
  0x0000020b180229a0 JavaThread "Monitor Deflation Thread"   daemon [_thread_blocked, id=33708, stack(0x0000001c7ff00000,0x0000001c80000000) (1024K)]
=>0x0000020b180328e0 JavaThread "C2 CompilerThread0"         daemon [_thread_in_native, id=5876, stack(0x0000001c00000000,0x0000001c00100000) (1024K)]
  0x0000020b18034bd0 JavaThread "C1 CompilerThread0"         daemon [_thread_blocked, id=40396, stack(0x0000001c00100000,0x0000001c00200000) (1024K)]
  0x0000020b1810cb90 JavaThread "Common-Cleaner"             daemon [_thread_blocked, id=27112, stack(0x0000001c00200000,0x0000001c00300000) (1024K)]
  0x0000020b1810be70 JavaThread "Notification Thread"        daemon [_thread_blocked, id=9604, stack(0x0000001c00300000,0x0000001c00400000) (1024K)]
  0x0000020b1810aac0 JavaThread "Active Thread: Equinox Container: 4b167a64-95dd-4b0a-869c-ed5945c38f61"        [_thread_blocked, id=13648, stack(0x0000001c00c00000,0x0000001c00d00000) (1024K)]
  0x0000020b1810d220 JavaThread "Refresh Thread: Equinox Container: 4b167a64-95dd-4b0a-869c-ed5945c38f61" daemon [_thread_blocked, id=16548, stack(0x0000001c00d00000,0x0000001c00e00000) (1024K)]
  0x0000020b1810d8b0 JavaThread "Framework Event Dispatcher: Equinox Container: 4b167a64-95dd-4b0a-869c-ed5945c38f61" daemon [_thread_blocked, id=10628, stack(0x0000001c00f00000,0x0000001c01000000) (1024K)]
  0x0000020b1810b7e0 JavaThread "Start Level: Equinox Container: 4b167a64-95dd-4b0a-869c-ed5945c38f61" daemon [_thread_blocked, id=8072, stack(0x0000001c01000000,0x0000001c01100000) (1024K)]
  0x0000020b1810df40 JavaThread "Bundle File Closer"         daemon [_thread_blocked, id=30352, stack(0x0000001c01100000,0x0000001c01200000) (1024K)]
  0x0000020b1810b150 JavaThread "SCR Component Actor"        daemon [_thread_blocked, id=9300, stack(0x0000001c01300000,0x0000001c01400000) (1024K)]
  0x0000020b18de8410 JavaThread "Worker-JM"                         [_thread_blocked, id=34948, stack(0x0000001c01500000,0x0000001c01600000) (1024K)]
  0x0000020b18de8aa0 JavaThread "JNA Cleaner"                daemon [_thread_blocked, id=21936, stack(0x0000001c01600000,0x0000001c01700000) (1024K)]
  0x0000020b18de9130 JavaThread "Java indexing"              daemon [_thread_blocked, id=10944, stack(0x0000001c01b00000,0x0000001c01c00000) (1024K)]
  0x0000020b18de5cb0 JavaThread "Worker-3"                          [_thread_blocked, id=38532, stack(0x0000001c01c00000,0x0000001c01d00000) (1024K)]
  0x0000020b18de97c0 JavaThread "Thread-2"                   daemon [_thread_in_native, id=27508, stack(0x0000001c02000000,0x0000001c02100000) (1024K)]
  0x0000020b18dea4e0 JavaThread "Thread-3"                   daemon [_thread_in_native, id=30608, stack(0x0000001c02100000,0x0000001c02200000) (1024K)]
  0x0000020b18de7060 JavaThread "Thread-4"                   daemon [_thread_in_native, id=23408, stack(0x0000001c02200000,0x0000001c02300000) (1024K)]
  0x0000020b18deab70 JavaThread "Thread-5"                   daemon [_thread_in_native, id=6104, stack(0x0000001c02300000,0x0000001c02400000) (1024K)]
  0x0000020b18de76f0 JavaThread "Thread-6"                   daemon [_thread_in_native, id=22044, stack(0x0000001c02400000,0x0000001c02500000) (1024K)]
  0x0000020b18deb200 JavaThread "Thread-7"                   daemon [_thread_in_native, id=28916, stack(0x0000001c02500000,0x0000001c02600000) (1024K)]
  0x0000020b18de7d80 JavaThread "Thread-8"                   daemon [_thread_in_native, id=34096, stack(0x0000001c02600000,0x0000001c02700000) (1024K)]
  0x0000020b18deb890 JavaThread "Thread-9"                   daemon [_thread_in_native, id=18488, stack(0x0000001c02700000,0x0000001c02800000) (1024K)]
  0x0000020b18debf20 JavaThread "Thread-10"                  daemon [_thread_in_native, id=39908, stack(0x0000001c02800000,0x0000001c02900000) (1024K)]
  0x0000020b18dec5b0 JavaThread "Thread-11"                  daemon [_thread_in_native, id=15832, stack(0x0000001c02900000,0x0000001c02a00000) (1024K)]
  0x0000020b18decc40 JavaThread "Thread-12"                  daemon [_thread_in_native, id=32888, stack(0x0000001c02a00000,0x0000001c02b00000) (1024K)]
  0x0000020b1c951de0 JavaThread "Thread-13"                  daemon [_thread_in_native, id=40412, stack(0x0000001c02b00000,0x0000001c02c00000) (1024K)]
  0x0000020b1c952470 JavaThread "Thread-14"                  daemon [_thread_in_native, id=40880, stack(0x0000001c02c00000,0x0000001c02d00000) (1024K)]
  0x0000020b1c94eff0 JavaThread "pool-2-thread-1"                   [_thread_blocked, id=9076, stack(0x0000001c02d00000,0x0000001c02e00000) (1024K)]
  0x0000020b1c94f680 JavaThread "WorkspaceEventsHandler"            [_thread_blocked, id=24532, stack(0x0000001c02e00000,0x0000001c02f00000) (1024K)]
  0x0000020b1c9503a0 JavaThread "pool-1-thread-1"                   [_thread_blocked, id=34916, stack(0x0000001c02f00000,0x0000001c03000000) (1024K)]
  0x0000020b1c952b00 JavaThread "ForkJoinPool.commonPool-worker-1" daemon [_thread_blocked, id=9156, stack(0x0000001c03000000,0x0000001c03100000) (1024K)]
  0x0000020b1c94fd10 JavaThread "ForkJoinPool.commonPool-worker-3" daemon [_thread_blocked, id=4884, stack(0x0000001c03200000,0x0000001c03300000) (1024K)]
  0x0000020b1c953820 JavaThread "ForkJoinPool.commonPool-worker-4" daemon [_thread_blocked, id=39204, stack(0x0000001c03300000,0x0000001c03400000) (1024K)]
  0x0000020b1c953eb0 JavaThread "ForkJoinPool.commonPool-worker-5" daemon [_thread_blocked, id=18360, stack(0x0000001c03400000,0x0000001c03500000) (1024K)]
  0x0000020b1c951750 JavaThread "ForkJoinPool.commonPool-worker-6" daemon [_thread_blocked, id=39568, stack(0x0000001c03500000,0x0000001c03600000) (1024K)]
  0x0000020b1c950a30 JavaThread "ForkJoinPool.commonPool-worker-7" daemon [_thread_blocked, id=28152, stack(0x0000001c03600000,0x0000001c03700000) (1024K)]
  0x0000020b1c954540 JavaThread "ForkJoinPool.commonPool-worker-8" daemon [_thread_blocked, id=19760, stack(0x0000001c03700000,0x0000001c03800000) (1024K)]
  0x0000020b1c9510c0 JavaThread "ForkJoinPool.commonPool-worker-9" daemon [_thread_blocked, id=360, stack(0x0000001c03800000,0x0000001c03900000) (1024K)]
  0x0000020b1c954bd0 JavaThread "ForkJoinPool.commonPool-worker-11" daemon [_thread_blocked, id=20456, stack(0x0000001c03a00000,0x0000001c03b00000) (1024K)]
  0x0000020b1c955f80 JavaThread "LocalFile Deleter"          daemon [_thread_blocked, id=19184, stack(0x0000001c03d00000,0x0000001c03e00000) (1024K)]
  0x0000020b1ba29ce0 JavaThread "LocalFile Deleter"          daemon [_thread_blocked, id=9844, stack(0x0000001c03f00000,0x0000001c04000000) (1024K)]
  0x0000020b1ba2c440 JavaThread "LocalFile Deleter"          daemon [_thread_blocked, id=14972, stack(0x0000001c04000000,0x0000001c04100000) (1024K)]
  0x0000020b1ba2d7f0 JavaThread "LocalFile Deleter"          daemon [_thread_blocked, id=19284, stack(0x0000001c04100000,0x0000001c04200000) (1024K)]
  0x0000020b1ba2b720 JavaThread "LocalFile Deleter"          daemon [_thread_blocked, id=39000, stack(0x0000001c04500000,0x0000001c04600000) (1024K)]
  0x0000020b1ba2d160 JavaThread "Compiler Source File Reader" daemon [_thread_blocked, id=25152, stack(0x0000001c04700000,0x0000001c04800000) (1024K)]
  0x0000020b1ba2aa00 JavaThread "Compiler Source File Reader" daemon [_thread_blocked, id=11484, stack(0x0000001c04800000,0x0000001c04900000) (1024K)]
  0x0000020b1ba31300 JavaThread "Compiler Source File Reader" daemon [_thread_blocked, id=17304, stack(0x0000001c04900000,0x0000001c04a00000) (1024K)]
  0x0000020b1ba305e0 JavaThread "Compiler Source File Reader" daemon [_thread_blocked, id=24308, stack(0x0000001c04a00000,0x0000001c04b00000) (1024K)]
  0x0000020b1ba2e510 JavaThread "Compiler Source File Reader" daemon [_thread_blocked, id=38988, stack(0x0000001c04b00000,0x0000001c04c00000) (1024K)]
  0x0000020b1ba2eba0 JavaThread "Compiler Source File Reader" daemon [_thread_blocked, id=12660, stack(0x0000001c04c00000,0x0000001c04d00000) (1024K)]
  0x0000020b1ba2f230 JavaThread "Compiler Source File Reader" daemon [_thread_blocked, id=36480, stack(0x0000001c04d00000,0x0000001c04e00000) (1024K)]
  0x0000020b1ba2f8c0 JavaThread "Compiler Source File Reader" daemon [_thread_blocked, id=31764, stack(0x0000001c04e00000,0x0000001c04f00000) (1024K)]
  0x0000020b1ba30c70 JavaThread "Compiler Source File Reader" daemon [_thread_blocked, id=29440, stack(0x0000001c04f00000,0x0000001c05000000) (1024K)]
  0x0000020b1ba2ff50 JavaThread "Compiler Source File Reader" daemon [_thread_blocked, id=11640, stack(0x0000001c05000000,0x0000001c05100000) (1024K)]
  0x0000020b1bdbd1a0 JavaThread "Cleaner-0"                  daemon [_thread_blocked, id=35356, stack(0x0000001c05d00000,0x0000001c05e00000) (1024K)]
  0x0000020b1bdbe550 JavaThread "Java Debug Server"          daemon [_thread_in_native, id=14348, stack(0x0000001c05a00000,0x0000001c05b00000) (1024K)]
  0x0000020b1bdbebe0 JavaThread "RxSchedulerPurge-1"         daemon [_thread_blocked, id=5012, stack(0x0000001c05c00000,0x0000001c05d00000) (1024K)]
  0x0000020b1bdbf270 JavaThread "RxCachedWorkerPoolEvictor-1" daemon [_thread_blocked, id=35980, stack(0x0000001c05f00000,0x0000001c06000000) (1024K)]
  0x0000020b1bdbcb10 JavaThread "ForkJoinPool.commonPool-worker-12" daemon [_thread_blocked, id=12824, stack(0x0000001c01400000,0x0000001c01500000) (1024K)]
  0x0000020b1ba2bdb0 JavaThread "LocalFile Deleter"          daemon [_thread_blocked, id=15456, stack(0x0000001c03b00000,0x0000001c03c00000) (1024K)]
  0x0000020b1ba2cad0 JavaThread "LocalFile Deleter"          daemon [_thread_blocked, id=38652, stack(0x0000001c03e00000,0x0000001c03f00000) (1024K)]
  0x0000020b1bdde6f0 JavaThread "pool-5-thread-3"                   [_thread_in_native, id=22356, stack(0x0000001c05e00000,0x0000001c05f00000) (1024K)]
  0x0000020b1bddbf90 JavaThread "RxNewThreadScheduler-5"     daemon [_thread_blocked, id=22096, stack(0x0000001c06120000,0x0000001c06220000) (1024K)]
  0x0000020b1bddb270 JavaThread "process reaper (pid 13720)" daemon [_thread_in_native, id=5976, stack(0x0000001c06220000,0x0000001c06240000) (128K)]
  0x0000020b1bddb900 JavaThread "Worker-12"                         [_thread_blocked, id=35268, stack(0x0000001c01700000,0x0000001c01800000) (1024K)]
  0x0000020b1bddd340 JavaThread "ForkJoinPool.commonPool-worker-13" daemon [_thread_blocked, id=28276, stack(0x0000001c01800000,0x0000001c01900000) (1024K)]
  0x0000020b1b922320 JavaThread "Worker-15"                         [_thread_blocked, id=15148, stack(0x0000001c01e00000,0x0000001c01f00000) (1024K)]
  0x0000020b1bdbbdf0 JavaThread "Worker-16"                         [_thread_blocked, id=20912, stack(0x0000001c00400000,0x0000001c00500000) (1024K)]
  0x0000020b1bdc0cb0 JavaThread "Compiler Processing Task"   daemon [_thread_blocked, id=28096, stack(0x0000001c01900000,0x0000001c01a00000) (1024K)]
  0x0000020b1bdd91a0 JavaThread "Worker-17"                         [_thread_blocked, id=11628, stack(0x0000001c01a00000,0x0000001c01b00000) (1024K)]
  0x0000020b1bddabe0 JavaThread "LocalFile Deleter"          daemon [_thread_blocked, id=13256, stack(0x0000001c01d00000,0x0000001c01e00000) (1024K)]
  0x0000020b1bdd7760 JavaThread "LocalFile Deleter"          daemon [_thread_blocked, id=33196, stack(0x0000001c01f00000,0x0000001c02000000) (1024K)]
  0x0000020b1bdd7df0 JavaThread "LocalFile Deleter"          daemon [_thread_blocked, id=9164, stack(0x0000001c03100000,0x0000001c03200000) (1024K)]
  0x0000020b1bdded80 JavaThread "LocalFile Deleter"          daemon [_thread_blocked, id=22452, stack(0x0000001c03900000,0x0000001c03a00000) (1024K)]
  0x0000020b1bdde060 JavaThread "LocalFile Deleter"          daemon [_thread_blocked, id=28164, stack(0x0000001c04200000,0x0000001c04300000) (1024K)]
  0x0000020b1bddc620 JavaThread "Compiler Class File Writer" daemon [_thread_blocked, id=22300, stack(0x0000001c04300000,0x0000001c04400000) (1024K)]
  0x0000020b210f5730 JavaThread "Compiler Class File Writer" daemon [_thread_blocked, id=13896, stack(0x0000001c04400000,0x0000001c04500000) (1024K)]
  0x0000020b210f6ae0 JavaThread "Compiler Class File Writer" daemon [_thread_blocked, id=23024, stack(0x0000001c04600000,0x0000001c04700000) (1024K)]
  0x0000020b210f3cf0 JavaThread "Compiler Class File Writer" daemon [_thread_blocked, id=39196, stack(0x0000001c05100000,0x0000001c05200000) (1024K)]
  0x0000020b210f4380 JavaThread "Compiler Class File Writer" daemon [_thread_blocked, id=19708, stack(0x0000001c05200000,0x0000001c05300000) (1024K)]
  0x0000020b210f50a0 JavaThread "Compiler Class File Writer" daemon [_thread_blocked, id=36948, stack(0x0000001c05300000,0x0000001c05400000) (1024K)]
  0x0000020b210f5dc0 JavaThread "Compiler Class File Writer" daemon [_thread_blocked, id=25540, stack(0x0000001c05400000,0x0000001c05500000) (1024K)]
  0x0000020b210f6450 JavaThread "Compiler Class File Writer" daemon [_thread_blocked, id=25172, stack(0x0000001c05500000,0x0000001c05600000) (1024K)]
  0x0000020b210f4a10 JavaThread "Compiler Class File Writer" daemon [_thread_blocked, id=9260, stack(0x0000001c05600000,0x0000001c05700000) (1024K)]
  0x0000020b1b91fbc0 JavaThread "Compiler Class File Writer" daemon [_thread_blocked, id=22280, stack(0x0000001c05700000,0x0000001c05800000) (1024K)]
  0x0000020b1b923d60 JavaThread "pool-1-thread-3"                   [_thread_blocked, id=33040, stack(0x0000001c05900000,0x0000001c05a00000) (1024K)]
  0x0000020b1b921600 JavaThread "Keep-Alive-Timer"           daemon [_thread_blocked, id=24728, stack(0x0000001c05800000,0x0000001c05900000) (1024K)]
Total: 94

Other Threads:
  0x0000020ad0ed4530 VMThread "VM Thread"                           [id=29860, stack(0x0000001c7f900000,0x0000001c7fa00000) (1024K)]
  0x0000020ad0dcca00 WatcherThread "VM Periodic Task Thread"        [id=34004, stack(0x0000001c7f800000,0x0000001c7f900000) (1024K)]
  0x0000020abcb1bd50 WorkerThread "GC Thread#0"                     [id=26640, stack(0x0000001c7f700000,0x0000001c7f800000) (1024K)]
  0x0000020b188e6920 WorkerThread "GC Thread#1"                     [id=40148, stack(0x0000001c00600000,0x0000001c00700000) (1024K)]
  0x0000020b18adec50 WorkerThread "GC Thread#2"                     [id=36808, stack(0x0000001c00700000,0x0000001c00800000) (1024K)]
  0x0000020b18adeff0 WorkerThread "GC Thread#3"                     [id=3716, stack(0x0000001c00800000,0x0000001c00900000) (1024K)]
  0x0000020b18adf390 WorkerThread "GC Thread#4"                     [id=37824, stack(0x0000001c00900000,0x0000001c00a00000) (1024K)]
  0x0000020b18add9a0 WorkerThread "GC Thread#5"                     [id=10356, stack(0x0000001c00a00000,0x0000001c00b00000) (1024K)]
  0x0000020b18addd40 WorkerThread "GC Thread#6"                     [id=33072, stack(0x0000001c00b00000,0x0000001c00c00000) (1024K)]
  0x0000020b18c32570 WorkerThread "GC Thread#7"                     [id=2044, stack(0x0000001c00e00000,0x0000001c00f00000) (1024K)]
  0x0000020b18ac7970 WorkerThread "GC Thread#8"                     [id=8032, stack(0x0000001c00500000,0x0000001c00600000) (1024K)]
  0x0000020b18d9cb40 WorkerThread "GC Thread#9"                     [id=38056, stack(0x0000001c01200000,0x0000001c01300000) (1024K)]
Total: 12

Threads with active compile tasks:
C2 CompilerThread0  745281 26387 %     4       org.eclipse.jdt.internal.compiler.lookup.MethodVerifier15::checkMethods @ 832 (1164 bytes)
Total: 1

VM state: not at safepoint (normal execution)

VM Mutex/Monitor currently owned by a thread: None

Heap address: 0x00000000c0000000, size: 1024 MB, Compressed Oops mode: 32-bit

CDS archive(s) mapped at: [0x0000020ad1000000-0x0000020ad1ba0000-0x0000020ad1ba0000), size 12189696, SharedBaseAddress: 0x0000020ad1000000, ArchiveRelocationMode: 1.
Compressed class space mapped at: 0x0000020ad2000000-0x0000020b12000000, reserved size: 1073741824
Narrow klass base: 0x0000020ad1000000, Narrow klass shift: 0, Narrow klass range: 0x100000000

GC Precious Log:
 CardTable entry size: 512
 CPUs: 12 total, 12 available
 Memory: 7502M
 Large Page Support: Disabled
 NUMA Support: Disabled
 Compressed Oops: Enabled (32-bit)
 Alignments: Space 512K, Generation 512K, Heap 2M
 Heap Min Capacity: 100M
 Heap Initial Capacity: 100M
 Heap Max Capacity: 1G
 Pre-touch: Disabled
 Parallel Workers: 10

Heap:
 PSYoungGen      total 8704K, used 8299K [0x00000000eab00000, 0x00000000eb500000, 0x0000000100000000)
  eden space 7680K, 98% used [0x00000000eab00000,0x00000000eb260860,0x00000000eb280000)
  from space 1024K, 72% used [0x00000000eb380000,0x00000000eb43a400,0x00000000eb480000)
  to   space 1024K, 0% used [0x00000000eb280000,0x00000000eb280000,0x00000000eb380000)
 ParOldGen       total 695808K, used 695636K [0x00000000c0000000, 0x00000000ea780000, 0x00000000eab00000)
  object space 695808K, 99% used [0x00000000c0000000,0x00000000ea755268,0x00000000ea780000)
 Metaspace       used 93388K, committed 95424K, reserved 1179648K
  class space    used 9344K, committed 10304K, reserved 1048576K

Card table byte_map: [0x0000020abc4a0000,0x0000020abc6b0000] _byte_map_base: 0x0000020abbea0000

Marking Bits: (ParMarkBitMap*) 0x00007ff8cb003260
 Begin Bits: [0x0000020acecf0000, 0x0000020acfcf0000)
 End Bits:   [0x0000020acfcf0000, 0x0000020ad0cf0000)

Polling page: 0x0000020aba940000

Metaspace:

Usage:
  Non-class:     82.07 MB used.
      Class:      9.13 MB used.
       Both:     91.20 MB used.

Virtual space:
  Non-class space:      128.00 MB reserved,      83.12 MB ( 65%) committed,  2 nodes.
      Class space:        1.00 GB reserved,      10.06 MB ( <1%) committed,  1 nodes.
             Both:        1.12 GB reserved,      93.19 MB (  8%) committed. 

Chunk freelists:
   Non-Class:  12.18 MB
       Class:  5.97 MB
        Both:  18.15 MB

MaxMetaspaceSize: unlimited
CompressedClassSpaceSize: 1.00 GB
Initial GC threshold: 21.00 MB
Current GC threshold: 152.94 MB
CDS: on
 - commit_granule_bytes: 65536.
 - commit_granule_words: 8192.
 - virtual_space_node_default_size: 8388608.
 - enlarge_chunks_in_place: 1.
 - use_allocation_guard: 0.


Internal statistics:

num_allocs_failed_limit: 17.
num_arena_births: 1972.
num_arena_deaths: 22.
num_vsnodes_births: 3.
num_vsnodes_deaths: 0.
num_space_committed: 1491.
num_space_uncommitted: 0.
num_chunks_returned_to_freelist: 43.
num_chunks_taken_from_freelist: 6686.
num_chunk_merges: 23.
num_chunk_splits: 3977.
num_chunks_enlarged: 2052.
num_inconsistent_stats: 0.

CodeHeap 'non-profiled nmethods': size=120000Kb used=17834Kb max_used=17834Kb free=102165Kb
 bounds [0x0000020ac77c0000, 0x0000020ac8930000, 0x0000020acecf0000]
CodeHeap 'profiled nmethods': size=120000Kb used=37997Kb max_used=45271Kb free=82002Kb
 bounds [0x0000020abfcf0000, 0x0000020ac29c0000, 0x0000020ac7220000]
CodeHeap 'non-nmethods': size=5760Kb used=1539Kb max_used=1608Kb free=4220Kb
 bounds [0x0000020ac7220000, 0x0000020ac7490000, 0x0000020ac77c0000]
 total_blobs=18122 nmethods=17263 adapters=762
 compilation: enabled
              stopped_count=0, restarted_count=0
 full_count=0

Compilation events (20 events):
Event: 744.055 Thread 0x0000020b18034bd0 26426       3       org.jsoup.parser.HtmlTreeBuilder::isElementInQueue (62 bytes)
Event: 744.056 Thread 0x0000020b18034bd0 nmethod 26426 0x0000020ac0b10890 code [0x0000020ac0b10a80, 0x0000020ac0b11108]
Event: 744.056 Thread 0x0000020b18034bd0 26431       3       org.jsoup.nodes.Attributes::get (26 bytes)
Event: 744.057 Thread 0x0000020b18034bd0 nmethod 26431 0x0000020ac0be8a10 code [0x0000020ac0be8be0, 0x0000020ac0be8e78]
Event: 744.057 Thread 0x0000020b18034bd0 26427       3       org.jsoup.parser.HtmlTreeBuilder::insert (133 bytes)
Event: 744.062 Thread 0x0000020b18034bd0 nmethod 26427 0x0000020ac0f9db10 code [0x0000020ac0f9de60, 0x0000020ac0f9f1d0]
Event: 744.062 Thread 0x0000020b18034bd0 26428       3       org.jsoup.parser.Tag::valueOf (8 bytes)
Event: 744.063 Thread 0x0000020b18034bd0 nmethod 26428 0x0000020ac152ee90 code [0x0000020ac152f040, 0x0000020ac152f168]
Event: 744.063 Thread 0x0000020b18034bd0 26429       3       org.jsoup.safety.Cleaner$ElementMeta::<init> (15 bytes)
Event: 744.063 Thread 0x0000020b18034bd0 nmethod 26429 0x0000020ac0f9d510 code [0x0000020ac0f9d6c0, 0x0000020ac0f9d848]
Event: 744.063 Thread 0x0000020b18034bd0 26434       1       org.eclipse.jdt.internal.compiler.parser.RecoveredImport::updatedImportReference (5 bytes)
Event: 744.063 Thread 0x0000020b18034bd0 nmethod 26434 0x0000020ac892a310 code [0x0000020ac892a4a0, 0x0000020ac892a568]
Event: 744.079 Thread 0x0000020b18034bd0 26437       3       org.eclipse.jdt.core.dom.ASTConverter::convert (740 bytes)
Event: 744.091 Thread 0x0000020b18034bd0 nmethod 26437 0x0000020ac1ba7010 code [0x0000020ac1ba7760, 0x0000020ac1bab118]
Event: 744.091 Thread 0x0000020b18034bd0 26439       3       org.eclipse.jdt.core.dom.ASTConverter::buildBodyDeclarations (377 bytes)
Event: 744.095 Thread 0x0000020b18034bd0 nmethod 26439 0x0000020ac1060490 code [0x0000020ac10607c0, 0x0000020ac1062010]
Event: 744.095 Thread 0x0000020b18034bd0 26440       3       org.eclipse.lsp4j.jsonrpc.json.adapters.MessageTypeAdapter::fromJson (42 bytes)
Event: 744.097 Thread 0x0000020b18034bd0 nmethod 26440 0x0000020ac0b1d790 code [0x0000020ac0b1d9e0, 0x0000020ac0b1e3d8]
Event: 744.097 Thread 0x0000020b18034bd0 26438       3       org.eclipse.jdt.core.dom.ASTConverter::setModifiers (95 bytes)
Event: 744.100 Thread 0x0000020b18034bd0 nmethod 26438 0x0000020ac1094410 code [0x0000020ac10946a0, 0x0000020ac1095338]

GC Heap History (20 events):
Event: 742.271 GC heap after
{Heap after GC invocations=1977 (full 8):
 PSYoungGen      total 8192K, used 3072K [0x00000000eab00000, 0x00000000ec000000, 0x0000000100000000)
  eden space 5120K, 0% used [0x00000000eab00000,0x00000000eab00000,0x00000000eb000000)
  from space 3072K, 100% used [0x00000000eb000000,0x00000000eb300000,0x00000000eb300000)
  to   space 7680K, 0% used [0x00000000eb880000,0x00000000eb880000,0x00000000ec000000)
 ParOldGen       total 678912K, used 678867K [0x00000000c0000000, 0x00000000e9700000, 0x00000000eab00000)
  object space 678912K, 99% used [0x00000000c0000000,0x00000000e96f4e90,0x00000000e9700000)
 Metaspace       used 93304K, committed 95232K, reserved 1179648K
  class space    used 9343K, committed 10304K, reserved 1048576K
}
Event: 742.296 GC heap before
{Heap before GC invocations=1978 (full 8):
 PSYoungGen      total 8192K, used 8192K [0x00000000eab00000, 0x00000000ec000000, 0x0000000100000000)
  eden space 5120K, 100% used [0x00000000eab00000,0x00000000eb000000,0x00000000eb000000)
  from space 3072K, 100% used [0x00000000eb000000,0x00000000eb300000,0x00000000eb300000)
  to   space 7680K, 0% used [0x00000000eb880000,0x00000000eb880000,0x00000000ec000000)
 ParOldGen       total 678912K, used 678867K [0x00000000c0000000, 0x00000000e9700000, 0x00000000eab00000)
  object space 678912K, 99% used [0x00000000c0000000,0x00000000e96f4e90,0x00000000e9700000)
 Metaspace       used 93304K, committed 95232K, reserved 1179648K
  class space    used 9343K, committed 10304K, reserved 1048576K
}
Event: 742.306 GC heap after
{Heap after GC invocations=1978 (full 8):
 PSYoungGen      total 11264K, used 4888K [0x00000000eab00000, 0x00000000ebd80000, 0x0000000100000000)
  eden space 6144K, 0% used [0x00000000eab00000,0x00000000eab00000,0x00000000eb100000)
  from space 5120K, 95% used [0x00000000eb880000,0x00000000ebd46000,0x00000000ebd80000)
  to   space 5632K, 0% used [0x00000000eb280000,0x00000000eb280000,0x00000000eb800000)
 ParOldGen       total 682496K, used 682003K [0x00000000c0000000, 0x00000000e9a80000, 0x00000000eab00000)
  object space 682496K, 99% used [0x00000000c0000000,0x00000000e9a04e90,0x00000000e9a80000)
 Metaspace       used 93304K, committed 95232K, reserved 1179648K
  class space    used 9343K, committed 10304K, reserved 1048576K
}
Event: 743.437 GC heap before
{Heap before GC invocations=1979 (full 8):
 PSYoungGen      total 11264K, used 11031K [0x00000000eab00000, 0x00000000ebd80000, 0x0000000100000000)
  eden space 6144K, 99% used [0x00000000eab00000,0x00000000eb0fffb8,0x00000000eb100000)
  from space 5120K, 95% used [0x00000000eb880000,0x00000000ebd46000,0x00000000ebd80000)
  to   space 5632K, 0% used [0x00000000eb280000,0x00000000eb280000,0x00000000eb800000)
 ParOldGen       total 682496K, used 682003K [0x00000000c0000000, 0x00000000e9a80000, 0x00000000eab00000)
  object space 682496K, 99% used [0x00000000c0000000,0x00000000e9a04e90,0x00000000e9a80000)
 Metaspace       used 93326K, committed 95296K, reserved 1179648K
  class space    used 9343K, committed 10304K, reserved 1048576K
}
Event: 743.448 GC heap after
{Heap after GC invocations=1979 (full 8):
 PSYoungGen      total 9216K, used 2644K [0x00000000eab00000, 0x00000000eb900000, 0x0000000100000000)
  eden space 6144K, 0% used [0x00000000eab00000,0x00000000eab00000,0x00000000eb100000)
  from space 3072K, 86% used [0x00000000eb280000,0x00000000eb515200,0x00000000eb580000)
  to   space 3584K, 0% used [0x00000000eb580000,0x00000000eb580000,0x00000000eb900000)
 ParOldGen       total 686592K, used 686507K [0x00000000c0000000, 0x00000000e9e80000, 0x00000000eab00000)
  object space 686592K, 99% used [0x00000000c0000000,0x00000000e9e6ae90,0x00000000e9e80000)
 Metaspace       used 93326K, committed 95296K, reserved 1179648K
  class space    used 9343K, committed 10304K, reserved 1048576K
}
Event: 743.491 GC heap before
{Heap before GC invocations=1980 (full 8):
 PSYoungGen      total 9216K, used 8788K [0x00000000eab00000, 0x00000000eb900000, 0x0000000100000000)
  eden space 6144K, 100% used [0x00000000eab00000,0x00000000eb100000,0x00000000eb100000)
  from space 3072K, 86% used [0x00000000eb280000,0x00000000eb515200,0x00000000eb580000)
  to   space 3584K, 0% used [0x00000000eb580000,0x00000000eb580000,0x00000000eb900000)
 ParOldGen       total 686592K, used 686507K [0x00000000c0000000, 0x00000000e9e80000, 0x00000000eab00000)
  object space 686592K, 99% used [0x00000000c0000000,0x00000000e9e6ae90,0x00000000e9e80000)
 Metaspace       used 93326K, committed 95296K, reserved 1179648K
  class space    used 9343K, committed 10304K, reserved 1048576K
}
Event: 743.497 GC heap after
{Heap after GC invocations=1980 (full 8):
 PSYoungGen      total 8192K, used 1771K [0x00000000eab00000, 0x00000000eb780000, 0x0000000100000000)
  eden space 6144K, 0% used [0x00000000eab00000,0x00000000eab00000,0x00000000eb100000)
  from space 2048K, 86% used [0x00000000eb580000,0x00000000eb73aea0,0x00000000eb780000)
  to   space 2560K, 0% used [0x00000000eb280000,0x00000000eb280000,0x00000000eb500000)
 ParOldGen       total 689152K, used 689054K [0x00000000c0000000, 0x00000000ea100000, 0x00000000eab00000)
  object space 689152K, 99% used [0x00000000c0000000,0x00000000ea0e7ba8,0x00000000ea100000)
 Metaspace       used 93326K, committed 95296K, reserved 1179648K
  class space    used 9343K, committed 10304K, reserved 1048576K
}
Event: 743.512 GC heap before
{Heap before GC invocations=1981 (full 8):
 PSYoungGen      total 8192K, used 7915K [0x00000000eab00000, 0x00000000eb780000, 0x0000000100000000)
  eden space 6144K, 100% used [0x00000000eab00000,0x00000000eb100000,0x00000000eb100000)
  from space 2048K, 86% used [0x00000000eb580000,0x00000000eb73aea0,0x00000000eb780000)
  to   space 2560K, 0% used [0x00000000eb280000,0x00000000eb280000,0x00000000eb500000)
 ParOldGen       total 689152K, used 689054K [0x00000000c0000000, 0x00000000ea100000, 0x00000000eab00000)
  object space 689152K, 99% used [0x00000000c0000000,0x00000000ea0e7ba8,0x00000000ea100000)
 Metaspace       used 93326K, committed 95296K, reserved 1179648K
  class space    used 9343K, committed 10304K, reserved 1048576K
}
Event: 743.515 GC heap after
{Heap after GC invocations=1981 (full 8):
 PSYoungGen      total 7168K, used 864K [0x00000000eab00000, 0x00000000eb600000, 0x0000000100000000)
  eden space 6144K, 0% used [0x00000000eab00000,0x00000000eab00000,0x00000000eb100000)
  from space 1024K, 84% used [0x00000000eb280000,0x00000000eb358000,0x00000000eb380000)
  to   space 1536K, 0% used [0x00000000eb480000,0x00000000eb480000,0x00000000eb600000)
 ParOldGen       total 689664K, used 689502K [0x00000000c0000000, 0x00000000ea180000, 0x00000000eab00000)
  object space 689664K, 99% used [0x00000000c0000000,0x00000000ea157bc8,0x00000000ea180000)
 Metaspace       used 93326K, committed 95296K, reserved 1179648K
  class space    used 9343K, committed 10304K, reserved 1048576K
}
Event: 743.556 GC heap before
{Heap before GC invocations=1982 (full 8):
 PSYoungGen      total 7168K, used 6854K [0x00000000eab00000, 0x00000000eb600000, 0x0000000100000000)
  eden space 6144K, 97% used [0x00000000eab00000,0x00000000eb0d9868,0x00000000eb100000)
  from space 1024K, 84% used [0x00000000eb280000,0x00000000eb358000,0x00000000eb380000)
  to   space 1536K, 0% used [0x00000000eb480000,0x00000000eb480000,0x00000000eb600000)
 ParOldGen       total 689664K, used 689502K [0x00000000c0000000, 0x00000000ea180000, 0x00000000eab00000)
  object space 689664K, 99% used [0x00000000c0000000,0x00000000ea157bc8,0x00000000ea180000)
 Metaspace       used 93329K, committed 95296K, reserved 1179648K
  class space    used 9343K, committed 10304K, reserved 1048576K
}
Event: 743.560 GC heap after
{Heap after GC invocations=1982 (full 8):
 PSYoungGen      total 7680K, used 1520K [0x00000000eab00000, 0x00000000eb700000, 0x0000000100000000)
  eden space 6144K, 0% used [0x00000000eab00000,0x00000000eab00000,0x00000000eb100000)
  from space 1536K, 98% used [0x00000000eb480000,0x00000000eb5fc010,0x00000000eb600000)
  to   space 3072K, 0% used [0x00000000eb100000,0x00000000eb100000,0x00000000eb400000)
 ParOldGen       total 690688K, used 690446K [0x00000000c0000000, 0x00000000ea280000, 0x00000000eab00000)
  object space 690688K, 99% used [0x00000000c0000000,0x00000000ea243bc8,0x00000000ea280000)
 Metaspace       used 93329K, committed 95296K, reserved 1179648K
  class space    used 9343K, committed 10304K, reserved 1048576K
}
Event: 743.624 GC heap before
{Heap before GC invocations=1983 (full 8):
 PSYoungGen      total 7680K, used 7664K [0x00000000eab00000, 0x00000000eb700000, 0x0000000100000000)
  eden space 6144K, 100% used [0x00000000eab00000,0x00000000eb100000,0x00000000eb100000)
  from space 1536K, 98% used [0x00000000eb480000,0x00000000eb5fc010,0x00000000eb600000)
  to   space 3072K, 0% used [0x00000000eb100000,0x00000000eb100000,0x00000000eb400000)
 ParOldGen       total 690688K, used 690446K [0x00000000c0000000, 0x00000000ea280000, 0x00000000eab00000)
  object space 690688K, 99% used [0x00000000c0000000,0x00000000ea243bc8,0x00000000ea280000)
 Metaspace       used 93329K, committed 95296K, reserved 1179648K
  class space    used 9343K, committed 10304K, reserved 1048576K
}
Event: 743.629 GC heap after
{Heap after GC invocations=1983 (full 8):
 PSYoungGen      total 8192K, used 1648K [0x00000000eab00000, 0x00000000eb500000, 0x0000000100000000)
  eden space 6144K, 0% used [0x00000000eab00000,0x00000000eab00000,0x00000000eb100000)
  from space 2048K, 80% used [0x00000000eb100000,0x00000000eb29c290,0x00000000eb300000)
  to   space 2048K, 0% used [0x00000000eb300000,0x00000000eb300000,0x00000000eb500000)
 ParOldGen       total 692224K, used 691847K [0x00000000c0000000, 0x00000000ea400000, 0x00000000eab00000)
  object space 692224K, 99% used [0x00000000c0000000,0x00000000ea3a1f30,0x00000000ea400000)
 Metaspace       used 93329K, committed 95296K, reserved 1179648K
  class space    used 9343K, committed 10304K, reserved 1048576K
}
Event: 743.711 GC heap before
{Heap before GC invocations=1984 (full 8):
 PSYoungGen      total 8192K, used 7792K [0x00000000eab00000, 0x00000000eb500000, 0x0000000100000000)
  eden space 6144K, 100% used [0x00000000eab00000,0x00000000eb100000,0x00000000eb100000)
  from space 2048K, 80% used [0x00000000eb100000,0x00000000eb29c290,0x00000000eb300000)
  to   space 2048K, 0% used [0x00000000eb300000,0x00000000eb300000,0x00000000eb500000)
 ParOldGen       total 692224K, used 691847K [0x00000000c0000000, 0x00000000ea400000, 0x00000000eab00000)
  object space 692224K, 99% used [0x00000000c0000000,0x00000000ea3a1f30,0x00000000ea400000)
 Metaspace       used 93329K, committed 95296K, reserved 1179648K
  class space    used 9343K, committed 10304K, reserved 1048576K
}
Event: 743.718 GC heap after
{Heap after GC invocations=1984 (full 8):
 PSYoungGen      total 7168K, used 969K [0x00000000eab00000, 0x00000000eb400000, 0x0000000100000000)
  eden space 6144K, 0% used [0x00000000eab00000,0x00000000eab00000,0x00000000eb100000)
  from space 1024K, 94% used [0x00000000eb300000,0x00000000eb3f2400,0x00000000eb400000)
  to   space 1536K, 0% used [0x00000000eb100000,0x00000000eb100000,0x00000000eb280000)
 ParOldGen       total 693760K, used 693360K [0x00000000c0000000, 0x00000000ea580000, 0x00000000eab00000)
  object space 693760K, 99% used [0x00000000c0000000,0x00000000ea51c1d0,0x00000000ea580000)
 Metaspace       used 93329K, committed 95296K, reserved 1179648K
  class space    used 9343K, committed 10304K, reserved 1048576K
}
Event: 744.041 GC heap before
{Heap before GC invocations=1985 (full 8):
 PSYoungGen      total 7168K, used 7112K [0x00000000eab00000, 0x00000000eb400000, 0x0000000100000000)
  eden space 6144K, 99% used [0x00000000eab00000,0x00000000eb0ffff0,0x00000000eb100000)
  from space 1024K, 94% used [0x00000000eb300000,0x00000000eb3f2400,0x00000000eb400000)
  to   space 1536K, 0% used [0x00000000eb100000,0x00000000eb100000,0x00000000eb280000)
 ParOldGen       total 693760K, used 693360K [0x00000000c0000000, 0x00000000ea580000, 0x00000000eab00000)
  object space 693760K, 99% used [0x00000000c0000000,0x00000000ea51c1d0,0x00000000ea580000)
 Metaspace       used 93359K, committed 95360K, reserved 1179648K
  class space    used 9343K, committed 10304K, reserved 1048576K
}
Event: 744.045 GC heap after
{Heap after GC invocations=1985 (full 8):
 PSYoungGen      total 7680K, used 645K [0x00000000eab00000, 0x00000000eb380000, 0x0000000100000000)
  eden space 6144K, 0% used [0x00000000eab00000,0x00000000eab00000,0x00000000eb100000)
  from space 1536K, 42% used [0x00000000eb100000,0x00000000eb1a17e0,0x00000000eb280000)
  to   space 1024K, 0% used [0x00000000eb280000,0x00000000eb280000,0x00000000eb380000)
 ParOldGen       total 694272K, used 693796K [0x00000000c0000000, 0x00000000ea600000, 0x00000000eab00000)
  object space 694272K, 99% used [0x00000000c0000000,0x00000000ea589200,0x00000000ea600000)
 Metaspace       used 93359K, committed 95360K, reserved 1179648K
  class space    used 9343K, committed 10304K, reserved 1048576K
}
Event: 744.069 GC heap before
{Heap before GC invocations=1986 (full 8):
 PSYoungGen      total 7680K, used 6789K [0x00000000eab00000, 0x00000000eb380000, 0x0000000100000000)
  eden space 6144K, 100% used [0x00000000eab00000,0x00000000eb100000,0x00000000eb100000)
  from space 1536K, 42% used [0x00000000eb100000,0x00000000eb1a17e0,0x00000000eb280000)
  to   space 1024K, 0% used [0x00000000eb280000,0x00000000eb280000,0x00000000eb380000)
 ParOldGen       total 694272K, used 693796K [0x00000000c0000000, 0x00000000ea600000, 0x00000000eab00000)
  object space 694272K, 99% used [0x00000000c0000000,0x00000000ea589200,0x00000000ea600000)
 Metaspace       used 93368K, committed 95360K, reserved 1179648K
  class space    used 9343K, committed 10304K, reserved 1048576K
}
Event: 744.072 GC heap after
{Heap after GC invocations=1986 (full 8):
 PSYoungGen      total 7168K, used 825K [0x00000000eab00000, 0x00000000eb380000, 0x0000000100000000)
  eden space 6144K, 0% used [0x00000000eab00000,0x00000000eab00000,0x00000000eb100000)
  from space 1024K, 80% used [0x00000000eb280000,0x00000000eb34e410,0x00000000eb380000)
  to   space 1024K, 0% used [0x00000000eb180000,0x00000000eb180000,0x00000000eb280000)
 ParOldGen       total 694272K, used 694202K [0x00000000c0000000, 0x00000000ea600000, 0x00000000eab00000)
  object space 694272K, 99% used [0x00000000c0000000,0x00000000ea5eea28,0x00000000ea600000)
 Metaspace       used 93368K, committed 95360K, reserved 1179648K
  class space    used 9343K, committed 10304K, reserved 1048576K
}
Event: 744.164 GC heap before
{Heap before GC invocations=1987 (full 8):
 PSYoungGen      total 7168K, used 6969K [0x00000000eab00000, 0x00000000eb380000, 0x0000000100000000)
  eden space 6144K, 100% used [0x00000000eab00000,0x00000000eb100000,0x00000000eb100000)
  from space 1024K, 80% used [0x00000000eb280000,0x00000000eb34e410,0x00000000eb380000)
  to   space 1024K, 0% used [0x00000000eb180000,0x00000000eb180000,0x00000000eb280000)
 ParOldGen       total 694272K, used 694202K [0x00000000c0000000, 0x00000000ea600000, 0x00000000eab00000)
  object space 694272K, 99% used [0x00000000c0000000,0x00000000ea5eea28,0x00000000ea600000)
 Metaspace       used 93384K, committed 95360K, reserved 1179648K
  class space    used 9343K, committed 10304K, reserved 1048576K
}

Dll operation events (12 events):
Event: 0.016 Loaded shared library c:\Users\HP\.vscode\extensions\redhat.java-1.41.1-win32-x64\jre\21.0.6-win32-x86_64\bin\java.dll
Event: 0.101 Loaded shared library c:\Users\HP\.vscode\extensions\redhat.java-1.41.1-win32-x64\jre\21.0.6-win32-x86_64\bin\zip.dll
Event: 0.124 Loaded shared library C:\Users\HP\.vscode\extensions\redhat.java-1.41.1-win32-x64\jre\21.0.6-win32-x86_64\bin\instrument.dll
Event: 0.130 Loaded shared library C:\Users\HP\.vscode\extensions\redhat.java-1.41.1-win32-x64\jre\21.0.6-win32-x86_64\bin\net.dll
Event: 0.133 Loaded shared library C:\Users\HP\.vscode\extensions\redhat.java-1.41.1-win32-x64\jre\21.0.6-win32-x86_64\bin\nio.dll
Event: 0.136 Loaded shared library C:\Users\HP\.vscode\extensions\redhat.java-1.41.1-win32-x64\jre\21.0.6-win32-x86_64\bin\zip.dll
Event: 0.156 Loaded shared library C:\Users\HP\.vscode\extensions\redhat.java-1.41.1-win32-x64\jre\21.0.6-win32-x86_64\bin\jimage.dll
Event: 0.248 Loaded shared library c:\Users\HP\.vscode\extensions\redhat.java-1.41.1-win32-x64\jre\21.0.6-win32-x86_64\bin\verify.dll
Event: 1.579 Loaded shared library C:\Users\HP\AppData\Roaming\Code\User\globalStorage\redhat.java\1.41.1\config_win\org.eclipse.equinox.launcher\org.eclipse.equinox.launcher.win32.win32.x86_64_1.2.1300.v20250331-1702\eclipse_11911.dll
Event: 3.549 Loaded shared library C:\Users\HP\AppData\Local\Temp\jna-2312\jna6614119015366533621.dll
Event: 17.497 Loaded shared library C:\Users\HP\.vscode\extensions\redhat.java-1.41.1-win32-x64\jre\21.0.6-win32-x86_64\bin\sunmscapi.dll
Event: 19.074 Loaded shared library C:\Users\HP\.vscode\extensions\redhat.java-1.41.1-win32-x64\jre\21.0.6-win32-x86_64\bin\extnet.dll

Deoptimization events (20 events):
Event: 739.999 Thread 0x0000020b1bdbcb10 DEOPT PACKING pc=0x0000020ac838ae60 sp=0x0000001c014fe710
Event: 739.999 Thread 0x0000020b1bdbcb10 DEOPT UNPACKING pc=0x0000020ac7273aa2 sp=0x0000001c014fe688 mode 2
Event: 743.429 Thread 0x0000020b1c9503a0 Uncommon trap: trap_request=0xffffff45 fr.pc=0x0000020ac83f0d80 relative=0x0000000000000f80
Event: 743.429 Thread 0x0000020b1c9503a0 Uncommon trap: reason=unstable_if action=reinterpret pc=0x0000020ac83f0d80 method=org.eclipse.jdt.internal.codeassist.complete.CompletionScanner.getNextToken0()Lorg/eclipse/jdt/internal/compiler/parser/TerminalToken; @ 484 c2
Event: 743.429 Thread 0x0000020b1c9503a0 DEOPT PACKING pc=0x0000020ac83f0d80 sp=0x0000001c02ffde20
Event: 743.429 Thread 0x0000020b1c9503a0 DEOPT UNPACKING pc=0x0000020ac7273aa2 sp=0x0000001c02ffdd70 mode 2
Event: 743.434 Thread 0x0000020b1c9503a0 Uncommon trap: trap_request=0xffffff45 fr.pc=0x0000020ac783c070 relative=0x00000000000004d0
Event: 743.434 Thread 0x0000020b1c9503a0 Uncommon trap: reason=unstable_if action=reinterpret pc=0x0000020ac783c070 method=org.eclipse.jdt.internal.compiler.ast.ParameterizedSingleTypeReference.traverse(Lorg/eclipse/jdt/internal/compiler/ASTVisitor;Lorg/eclipse/jdt/internal/compiler/lookup/Block
Event: 743.435 Thread 0x0000020b1c9503a0 DEOPT PACKING pc=0x0000020ac783c070 sp=0x0000001c02ffdb70
Event: 743.435 Thread 0x0000020b1c9503a0 DEOPT UNPACKING pc=0x0000020ac7273aa2 sp=0x0000001c02ffdb00 mode 2
Event: 743.475 Thread 0x0000020b1c9503a0 Uncommon trap: trap_request=0xffffff45 fr.pc=0x0000020ac811a2a8 relative=0x0000000000001868
Event: 743.475 Thread 0x0000020b1c9503a0 Uncommon trap: reason=unstable_if action=reinterpret pc=0x0000020ac811a2a8 method=org.eclipse.jdt.internal.compiler.lookup.ClassScope.checkAndSetModifiersForField(Lorg/eclipse/jdt/internal/compiler/lookup/FieldBinding;Lorg/eclipse/jdt/internal/compiler/as
Event: 743.475 Thread 0x0000020b1c9503a0 DEOPT PACKING pc=0x0000020ac811a2a8 sp=0x0000001c02ffdfc0
Event: 743.475 Thread 0x0000020b1c9503a0 DEOPT UNPACKING pc=0x0000020ac7273aa2 sp=0x0000001c02ffdee0 mode 2
Event: 743.476 Thread 0x0000020b1c9503a0 Uncommon trap: trap_request=0xffffff45 fr.pc=0x0000020ac79dcb30 relative=0x0000000000001290
Event: 743.476 Thread 0x0000020b1c9503a0 Uncommon trap: reason=unstable_if action=reinterpret pc=0x0000020ac79dcb30 method=org.eclipse.jdt.internal.compiler.lookup.ClassScope.buildMethods()V @ 208 c2
Event: 743.476 Thread 0x0000020b1c9503a0 DEOPT PACKING pc=0x0000020ac79dcb30 sp=0x0000001c02ffdfc0
Event: 743.476 Thread 0x0000020b1c9503a0 DEOPT UNPACKING pc=0x0000020ac7273aa2 sp=0x0000001c02ffdf70 mode 2
Event: 744.155 Thread 0x0000020b1c950a30 DEOPT PACKING pc=0x0000020ac03d27ef sp=0x0000001c036fe220
Event: 744.156 Thread 0x0000020b1c950a30 DEOPT UNPACKING pc=0x0000020ac7274242 sp=0x0000001c036fd770 mode 0

Classes loaded (20 events):
Event: 686.974 Loading class jdk/internal/module/IllegalAccessLogger
Event: 686.974 Loading class jdk/internal/module/IllegalAccessLogger done
Event: 690.197 Loading class jdk/internal/module/IllegalAccessLogger
Event: 690.197 Loading class jdk/internal/module/IllegalAccessLogger done
Event: 693.869 Loading class jdk/internal/module/IllegalAccessLogger
Event: 693.869 Loading class jdk/internal/module/IllegalAccessLogger done
Event: 694.577 Loading class jdk/internal/module/IllegalAccessLogger
Event: 694.577 Loading class jdk/internal/module/IllegalAccessLogger done
Event: 702.826 Loading class jdk/internal/module/IllegalAccessLogger
Event: 702.826 Loading class jdk/internal/module/IllegalAccessLogger done
Event: 711.770 Loading class jdk/internal/module/IllegalAccessLogger
Event: 711.770 Loading class jdk/internal/module/IllegalAccessLogger done
Event: 714.895 Loading class jdk/internal/module/IllegalAccessLogger
Event: 714.895 Loading class jdk/internal/module/IllegalAccessLogger done
Event: 726.557 Loading class java/nio/channels/CompletionHandler
Event: 726.564 Loading class java/nio/channels/CompletionHandler done
Event: 729.734 Loading class jdk/internal/module/IllegalAccessLogger
Event: 729.734 Loading class jdk/internal/module/IllegalAccessLogger done
Event: 742.145 Loading class jdk/internal/module/IllegalAccessLogger
Event: 742.145 Loading class jdk/internal/module/IllegalAccessLogger done

Classes unloaded (11 events):
Event: 4.145 Thread 0x0000020ad0ed4530 Unloading class 0x0000020ad2193400 'java/lang/invoke/LambdaForm$MH+0x0000020ad2193400'
Event: 4.145 Thread 0x0000020ad0ed4530 Unloading class 0x0000020ad2193000 'java/lang/invoke/LambdaForm$MH+0x0000020ad2193000'
Event: 4.145 Thread 0x0000020ad0ed4530 Unloading class 0x0000020ad2192c00 'java/lang/invoke/LambdaForm$MH+0x0000020ad2192c00'
Event: 4.145 Thread 0x0000020ad0ed4530 Unloading class 0x0000020ad2192800 'java/lang/invoke/LambdaForm$MH+0x0000020ad2192800'
Event: 4.145 Thread 0x0000020ad0ed4530 Unloading class 0x0000020ad2192400 'java/lang/invoke/LambdaForm$BMH+0x0000020ad2192400'
Event: 4.145 Thread 0x0000020ad0ed4530 Unloading class 0x0000020ad2192000 'java/lang/invoke/LambdaForm$DMH+0x0000020ad2192000'
Event: 4.145 Thread 0x0000020ad0ed4530 Unloading class 0x0000020ad2190c00 'java/lang/invoke/LambdaForm$DMH+0x0000020ad2190c00'
Event: 67.915 Thread 0x0000020ad0ed4530 Unloading class 0x0000020ad2699800 'java/lang/invoke/LambdaForm$DMH+0x0000020ad2699800'
Event: 67.915 Thread 0x0000020ad0ed4530 Unloading class 0x0000020ad2699400 'java/lang/invoke/LambdaForm$DMH+0x0000020ad2699400'
Event: 67.915 Thread 0x0000020ad0ed4530 Unloading class 0x0000020ad2699000 'java/lang/invoke/LambdaForm$DMH+0x0000020ad2699000'
Event: 67.915 Thread 0x0000020ad0ed4530 Unloading class 0x0000020ad2698c00 'java/lang/invoke/LambdaForm$DMH+0x0000020ad2698c00'

Classes redefined (0 events):
No events

Internal exceptions (20 events):
Event: 694.611 Thread 0x0000020b18de5cb0 Exception <a 'sun/nio/fs/WindowsException'{0x00000000eab3dc10}> (0x00000000eab3dc10) 
thrown [s\src\hotspot\share\prims\jni.cpp, line 520]
Event: 694.614 Thread 0x0000020b18de5cb0 Exception <a 'sun/nio/fs/WindowsException'{0x00000000eab3f3d8}> (0x00000000eab3f3d8) 
thrown [s\src\hotspot\share\prims\jni.cpp, line 520]
Event: 694.617 Thread 0x0000020b18de5cb0 Exception <a 'sun/nio/fs/WindowsException'{0x00000000eab40ba8}> (0x00000000eab40ba8) 
thrown [s\src\hotspot\share\prims\jni.cpp, line 520]
Event: 695.628 Thread 0x0000020b1c9503a0 Exception <a 'java/lang/ArrayIndexOutOfBoundsException'{0x00000000eac0ae90}> (0x00000000eac0ae90) 
thrown [s\src\hotspot\share\runtime\sharedRuntime.cpp, line 625]
Event: 695.628 Thread 0x0000020b1c9503a0 Exception <a 'java/lang/ArrayIndexOutOfBoundsException'{0x00000000eac0b748}> (0x00000000eac0b748) 
thrown [s\src\hotspot\share\runtime\sharedRuntime.cpp, line 625]
Event: 695.628 Thread 0x0000020b1c9503a0 Exception <a 'java/lang/ArrayIndexOutOfBoundsException'{0x00000000eac0bad8}> (0x00000000eac0bad8) 
thrown [s\src\hotspot\share\runtime\sharedRuntime.cpp, line 625]
Event: 702.667 Thread 0x0000020b18de9130 Exception <a 'sun/nio/fs/WindowsException'{0x00000000eadb18f8}> (0x00000000eadb18f8) 
thrown [s\src\hotspot\share\prims\jni.cpp, line 520]
Event: 703.101 Thread 0x0000020b18de9130 Exception <a 'sun/nio/fs/WindowsException'{0x00000000eae4eac0}> (0x00000000eae4eac0) 
thrown [s\src\hotspot\share\prims\jni.cpp, line 520]
Event: 711.630 Thread 0x0000020b18de9130 Exception <a 'sun/nio/fs/WindowsException'{0x00000000eb4b7408}> (0x00000000eb4b7408) 
thrown [s\src\hotspot\share\prims\jni.cpp, line 520]
Event: 712.411 Thread 0x0000020b18de9130 Exception <a 'sun/nio/fs/WindowsException'{0x00000000ead83a68}> (0x00000000ead83a68) 
thrown [s\src\hotspot\share\prims\jni.cpp, line 520]
Event: 714.745 Thread 0x0000020b18de9130 Exception <a 'sun/nio/fs/WindowsException'{0x00000000eb0608e0}> (0x00000000eb0608e0) 
thrown [s\src\hotspot\share\prims\jni.cpp, line 520]
Event: 715.204 Thread 0x0000020b18de9130 Exception <a 'sun/nio/fs/WindowsException'{0x00000000eab067a0}> (0x00000000eab067a0) 
thrown [s\src\hotspot\share\prims\jni.cpp, line 520]
Event: 729.601 Thread 0x0000020b18de9130 Exception <a 'sun/nio/fs/WindowsException'{0x00000000eb0fb450}> (0x00000000eb0fb450) 
thrown [s\src\hotspot\share\prims\jni.cpp, line 520]
Event: 729.951 Thread 0x0000020b18de9130 Exception <a 'sun/nio/fs/WindowsException'{0x00000000ead69c78}> (0x00000000ead69c78) 
thrown [s\src\hotspot\share\prims\jni.cpp, line 520]
Event: 739.932 Thread 0x0000020b1bdbcb10 Implicit null exception at 0x0000020ac861af6f to 0x0000020ac861b32c
Event: 741.943 Thread 0x0000020b18de9130 Exception <a 'sun/nio/fs/WindowsException'{0x00000000eb2c55e0}> (0x00000000eb2c55e0) 
thrown [s\src\hotspot\share\prims\jni.cpp, line 520]
Event: 742.388 Thread 0x0000020b18de9130 Exception <a 'sun/nio/fs/WindowsException'{0x00000000eae490c0}> (0x00000000eae490c0) 
thrown [s\src\hotspot\share\prims\jni.cpp, line 520]
Event: 743.432 Thread 0x0000020b1c9503a0 Exception <a 'java/lang/ArrayIndexOutOfBoundsException'{0x00000000eb089a28}: Index 395 out of bounds for length 395> (0x00000000eb089a28) 
thrown [s\src\hotspot\share\interpreter\interpreterRuntime.cpp, line 439]
Event: 743.432 Thread 0x0000020b1c9503a0 Exception <a 'java/lang/ArrayIndexOutOfBoundsException'{0x00000000eb08a2c8}: Index 395 out of bounds for length 395> (0x00000000eb08a2c8) 
thrown [s\src\hotspot\share\interpreter\interpreterRuntime.cpp, line 439]
Event: 743.432 Thread 0x0000020b1c9503a0 Exception <a 'java/lang/ArrayIndexOutOfBoundsException'{0x00000000eb08a8a0}: Index 396 out of bounds for length 395> (0x00000000eb08a8a0) 
thrown [s\src\hotspot\share\interpreter\interpreterRuntime.cpp, line 439]

ZGC Phase Switch (0 events):
No events

VM Operations (20 events):
Event: 742.306 Executing VM operation: ParallelGCFailedAllocation (Allocation Failure) done
Event: 743.318 Executing VM operation: Cleanup
Event: 743.318 Executing VM operation: Cleanup done
Event: 743.436 Executing VM operation: ParallelGCFailedAllocation (Allocation Failure)
Event: 743.448 Executing VM operation: ParallelGCFailedAllocation (Allocation Failure) done
Event: 743.490 Executing VM operation: ParallelGCFailedAllocation (Allocation Failure)
Event: 743.497 Executing VM operation: ParallelGCFailedAllocation (Allocation Failure) done
Event: 743.512 Executing VM operation: ParallelGCFailedAllocation (Allocation Failure)
Event: 743.515 Executing VM operation: ParallelGCFailedAllocation (Allocation Failure) done
Event: 743.556 Executing VM operation: ParallelGCFailedAllocation (Allocation Failure)
Event: 743.560 Executing VM operation: ParallelGCFailedAllocation (Allocation Failure) done
Event: 743.624 Executing VM operation: ParallelGCFailedAllocation (Allocation Failure)
Event: 743.629 Executing VM operation: ParallelGCFailedAllocation (Allocation Failure) done
Event: 743.711 Executing VM operation: ParallelGCFailedAllocation (Allocation Failure)
Event: 743.718 Executing VM operation: ParallelGCFailedAllocation (Allocation Failure) done
Event: 744.041 Executing VM operation: ParallelGCFailedAllocation (Allocation Failure)
Event: 744.045 Executing VM operation: ParallelGCFailedAllocation (Allocation Failure) done
Event: 744.069 Executing VM operation: ParallelGCFailedAllocation (Allocation Failure)
Event: 744.072 Executing VM operation: ParallelGCFailedAllocation (Allocation Failure) done
Event: 744.164 Executing VM operation: ParallelGCFailedAllocation (Allocation Failure)

Memory protections (0 events):
No events

Nmethod flushes (20 events):
Event: 690.080 Thread 0x0000020ad0ed4530 flushing  nmethod 0x0000020ac26aaa10
Event: 690.080 Thread 0x0000020ad0ed4530 flushing  nmethod 0x0000020ac271f510
Event: 690.080 Thread 0x0000020ad0ed4530 flushing  nmethod 0x0000020ac27ac910
Event: 690.080 Thread 0x0000020ad0ed4530 flushing  nmethod 0x0000020ac27ae710
Event: 690.080 Thread 0x0000020ad0ed4530 flushing  nmethod 0x0000020ac27b2e90
Event: 690.080 Thread 0x0000020ad0ed4530 flushing  nmethod 0x0000020ac27ba410
Event: 690.080 Thread 0x0000020ad0ed4530 flushing  nmethod 0x0000020ac27bad10
Event: 690.080 Thread 0x0000020ad0ed4530 flushing  nmethod 0x0000020ac27bd210
Event: 690.080 Thread 0x0000020ad0ed4530 flushing  nmethod 0x0000020ac27de710
Event: 690.080 Thread 0x0000020ad0ed4530 flushing  nmethod 0x0000020ac2813c10
Event: 690.080 Thread 0x0000020ad0ed4530 flushing  nmethod 0x0000020ac2816810
Event: 690.080 Thread 0x0000020ad0ed4530 flushing  nmethod 0x0000020ac285b290
Event: 690.080 Thread 0x0000020ad0ed4530 flushing  nmethod 0x0000020ac286a790
Event: 690.081 Thread 0x0000020ad0ed4530 flushing  nmethod 0x0000020ac288d890
Event: 690.081 Thread 0x0000020ad0ed4530 flushing  nmethod 0x0000020ac2893410
Event: 690.081 Thread 0x0000020ad0ed4530 flushing  nmethod 0x0000020ac28a1390
Event: 690.081 Thread 0x0000020ad0ed4530 flushing  nmethod 0x0000020ac28bfc10
Event: 690.081 Thread 0x0000020ad0ed4530 flushing  nmethod 0x0000020ac28eea90
Event: 690.081 Thread 0x0000020ad0ed4530 flushing  nmethod 0x0000020ac28ef410
Event: 690.081 Thread 0x0000020ad0ed4530 flushing  nmethod 0x0000020ac299d190

Events (20 events):
Event: 694.049 Thread 0x0000020b18de5cb0 Thread added: 0x0000020b210f4380
Event: 694.099 Thread 0x0000020b18de5cb0 Thread added: 0x0000020b210f50a0
Event: 694.115 Thread 0x0000020b18de5cb0 Thread added: 0x0000020b210f5dc0
Event: 694.121 Thread 0x0000020b18de5cb0 Thread added: 0x0000020b210f6450
Event: 694.145 Thread 0x0000020b18de5cb0 Thread added: 0x0000020b210f4a10
Event: 694.214 Thread 0x0000020b18de5cb0 Thread added: 0x0000020b1b91fbc0
Event: 697.235 Thread 0x0000020b18034bd0 Thread added: 0x0000020b210d8cf0
Event: 697.335 Thread 0x0000020b1c9503a0 Thread added: 0x0000020b1b923d60
Event: 697.743 Thread 0x0000020b210d8cf0 Thread exited: 0x0000020b210d8cf0
Event: 697.804 Thread 0x0000020b1b923d60 Thread added: 0x0000020b1b921600
Event: 697.805 Thread 0x0000020b1b921600 Thread exited: 0x0000020b1b921600
Event: 697.826 Thread 0x0000020b1b923d60 Thread added: 0x0000020b1b921600
Event: 699.826 Thread 0x0000020b180328e0 Thread added: 0x0000020b1be24560
Event: 699.999 Thread 0x0000020b1be24560 Thread exited: 0x0000020b1be24560
Event: 712.863 Thread 0x0000020b1b921600 Thread exited: 0x0000020b1b921600
Event: 740.003 Thread 0x0000020b18034bd0 Thread added: 0x0000020b1b5d3560
Event: 740.850 Thread 0x0000020b1b5d3560 Thread exited: 0x0000020b1b5d3560
Event: 743.908 Thread 0x0000020b1b923d60 Thread added: 0x0000020b1b921600
Event: 743.909 Thread 0x0000020b1b921600 Thread exited: 0x0000020b1b921600
Event: 743.932 Thread 0x0000020b1b923d60 Thread added: 0x0000020b1b921600


Dynamic libraries:
0x00007ff7d2c80000 - 0x00007ff7d2c8e000 	c:\Users\HP\.vscode\extensions\redhat.java-1.41.1-win32-x64\jre\21.0.6-win32-x86_64\bin\java.exe
0x00007ff9537a0000 - 0x00007ff953a00000 	C:\WINDOWS\SYSTEM32\ntdll.dll
0x00007ff9524b0000 - 0x00007ff952577000 	C:\WINDOWS\System32\KERNEL32.DLL
0x00007ff950b80000 - 0x00007ff950f4b000 	C:\WINDOWS\System32\KERNELBASE.dll
0x00007ff951090000 - 0x00007ff9511db000 	C:\WINDOWS\System32\ucrtbase.dll
0x00007ff93bd00000 - 0x00007ff93bd1e000 	c:\Users\HP\.vscode\extensions\redhat.java-1.41.1-win32-x64\jre\21.0.6-win32-x86_64\bin\VCRUNTIME140.dll
0x00007ff93c750000 - 0x00007ff93c768000 	c:\Users\HP\.vscode\extensions\redhat.java-1.41.1-win32-x64\jre\21.0.6-win32-x86_64\bin\jli.dll
0x00007ff952790000 - 0x00007ff95295c000 	C:\WINDOWS\System32\USER32.dll
0x00007ff936ba0000 - 0x00007ff936e37000 	C:\WINDOWS\WinSxS\amd64_microsoft.windows.common-controls_6595b64144ccf1df_6.0.26100.3624_none_3e086962e3345f24\COMCTL32.dll
0x00007ff9511e0000 - 0x00007ff951207000 	C:\WINDOWS\System32\win32u.dll
0x00007ff951970000 - 0x00007ff951a19000 	C:\WINDOWS\System32\msvcrt.dll
0x00007ff953730000 - 0x00007ff95375a000 	C:\WINDOWS\System32\GDI32.dll
0x00007ff950980000 - 0x00007ff950ab1000 	C:\WINDOWS\System32\gdi32full.dll
0x00007ff950fe0000 - 0x00007ff951083000 	C:\WINDOWS\System32\msvcp_win.dll
0x00007ff951c20000 - 0x00007ff951c4f000 	C:\WINDOWS\System32\IMM32.DLL
0x00007ff942200000 - 0x00007ff94220c000 	c:\Users\HP\.vscode\extensions\redhat.java-1.41.1-win32-x64\jre\21.0.6-win32-x86_64\bin\vcruntime140_1.dll
0x00007ff926bb0000 - 0x00007ff926c3d000 	c:\Users\HP\.vscode\extensions\redhat.java-1.41.1-win32-x64\jre\21.0.6-win32-x86_64\bin\msvcp140.dll
0x00007ff8ca350000 - 0x00007ff8cb0e0000 	c:\Users\HP\.vscode\extensions\redhat.java-1.41.1-win32-x64\jre\21.0.6-win32-x86_64\bin\server\jvm.dll
0x00007ff9525c0000 - 0x00007ff952673000 	C:\WINDOWS\System32\ADVAPI32.dll
0x00007ff953680000 - 0x00007ff953726000 	C:\WINDOWS\System32\sechost.dll
0x00007ff951a20000 - 0x00007ff951b36000 	C:\WINDOWS\System32\RPCRT4.dll
0x00007ff9518f0000 - 0x00007ff951964000 	C:\WINDOWS\System32\WS2_32.dll
0x00007ff947df0000 - 0x00007ff947dfb000 	C:\WINDOWS\SYSTEM32\VERSION.dll
0x00007ff950640000 - 0x00007ff95069e000 	C:\WINDOWS\SYSTEM32\POWRPROF.dll
0x00007ff9420e0000 - 0x00007ff942116000 	C:\WINDOWS\SYSTEM32\WINMM.dll
0x00007ff950620000 - 0x00007ff950634000 	C:\WINDOWS\SYSTEM32\UMPDC.dll
0x00007ff94f790000 - 0x00007ff94f7aa000 	C:\WINDOWS\SYSTEM32\kernel.appcore.dll
0x00007ff941f10000 - 0x00007ff941f1a000 	c:\Users\HP\.vscode\extensions\redhat.java-1.41.1-win32-x64\jre\21.0.6-win32-x86_64\bin\jimage.dll
0x00007ff9482d0000 - 0x00007ff948511000 	C:\WINDOWS\SYSTEM32\DBGHELP.DLL
0x00007ff952960000 - 0x00007ff952ce3000 	C:\WINDOWS\System32\combase.dll
0x00007ff951c60000 - 0x00007ff951d36000 	C:\WINDOWS\System32\OLEAUT32.dll
0x00007ff935630000 - 0x00007ff935669000 	C:\WINDOWS\SYSTEM32\dbgcore.DLL
0x00007ff951390000 - 0x00007ff951429000 	C:\WINDOWS\System32\bcryptPrimitives.dll
0x00007ff941a20000 - 0x00007ff941a2f000 	c:\Users\HP\.vscode\extensions\redhat.java-1.41.1-win32-x64\jre\21.0.6-win32-x86_64\bin\instrument.dll
0x00007ff93b7f0000 - 0x00007ff93b80f000 	c:\Users\HP\.vscode\extensions\redhat.java-1.41.1-win32-x64\jre\21.0.6-win32-x86_64\bin\java.dll
0x00007ff952f50000 - 0x00007ff953679000 	C:\WINDOWS\System32\SHELL32.dll
0x00007ff951430000 - 0x00007ff951598000 	C:\WINDOWS\System32\wintypes.dll
0x00007ff94e5f0000 - 0x00007ff94ee42000 	C:\WINDOWS\SYSTEM32\windows.storage.dll
0x00007ff952260000 - 0x00007ff95234d000 	C:\WINDOWS\System32\SHCORE.dll
0x00007ff952e90000 - 0x00007ff952ef4000 	C:\WINDOWS\System32\shlwapi.dll
0x00007ff950890000 - 0x00007ff9508bf000 	C:\WINDOWS\SYSTEM32\profapi.dll
0x00007ff9390a0000 - 0x00007ff9390b8000 	c:\Users\HP\.vscode\extensions\redhat.java-1.41.1-win32-x64\jre\21.0.6-win32-x86_64\bin\zip.dll
0x00007ff9412c0000 - 0x00007ff9412d0000 	C:\Users\HP\.vscode\extensions\redhat.java-1.41.1-win32-x64\jre\21.0.6-win32-x86_64\bin\net.dll
0x00007ff94c5b0000 - 0x00007ff94c6cd000 	C:\WINDOWS\SYSTEM32\WINHTTP.dll
0x00007ff94fcb0000 - 0x00007ff94fd1a000 	C:\WINDOWS\system32\mswsock.dll
0x00007ff938fe0000 - 0x00007ff938ff6000 	C:\Users\HP\.vscode\extensions\redhat.java-1.41.1-win32-x64\jre\21.0.6-win32-x86_64\bin\nio.dll
0x00007ff93dc20000 - 0x00007ff93dc30000 	c:\Users\HP\.vscode\extensions\redhat.java-1.41.1-win32-x64\jre\21.0.6-win32-x86_64\bin\verify.dll
0x00007ff92c9d0000 - 0x00007ff92ca15000 	C:\Users\HP\AppData\Roaming\Code\User\globalStorage\redhat.java\1.41.1\config_win\org.eclipse.equinox.launcher\org.eclipse.equinox.launcher.win32.win32.x86_64_1.2.1300.v20250331-1702\eclipse_11911.dll
0x00007ff952cf0000 - 0x00007ff952e86000 	C:\WINDOWS\System32\ole32.dll
0x00007ff94ff50000 - 0x00007ff94ff6c000 	C:\WINDOWS\SYSTEM32\CRYPTSP.dll
0x00007ff94f6f0000 - 0x00007ff94f72a000 	C:\WINDOWS\system32\rsaenh.dll
0x00007ff94fd50000 - 0x00007ff94fd7b000 	C:\WINDOWS\SYSTEM32\USERENV.dll
0x00007ff950190000 - 0x00007ff9501b6000 	C:\WINDOWS\SYSTEM32\bcrypt.dll
0x00007ff94ff70000 - 0x00007ff94ff7c000 	C:\WINDOWS\SYSTEM32\CRYPTBASE.dll
0x00007ff94f170000 - 0x00007ff94f1a3000 	C:\WINDOWS\SYSTEM32\IPHLPAPI.DLL
0x00007ff9525b0000 - 0x00007ff9525ba000 	C:\WINDOWS\System32\NSI.dll
0x00007ff9391f0000 - 0x00007ff939239000 	C:\Users\HP\AppData\Local\Temp\jna-2312\jna6614119015366533621.dll
0x00007ff952780000 - 0x00007ff952788000 	C:\WINDOWS\System32\PSAPI.DLL
0x00007ff94d4f0000 - 0x00007ff94d50f000 	C:\WINDOWS\SYSTEM32\dhcpcsvc6.DLL
0x00007ff94d4a0000 - 0x00007ff94d4c5000 	C:\WINDOWS\SYSTEM32\dhcpcsvc.DLL
0x00007ff94f8b0000 - 0x00007ff94f8e5000 	C:\WINDOWS\SYSTEM32\ntmarta.dll
0x00007ff9498d0000 - 0x00007ff9498de000 	C:\Users\HP\.vscode\extensions\redhat.java-1.41.1-win32-x64\jre\21.0.6-win32-x86_64\bin\sunmscapi.dll
0x00007ff951210000 - 0x00007ff951387000 	C:\WINDOWS\System32\CRYPT32.dll
0x00007ff950150000 - 0x00007ff950180000 	C:\WINDOWS\SYSTEM32\ncrypt.dll
0x00007ff950100000 - 0x00007ff95013f000 	C:\WINDOWS\SYSTEM32\NTASN1.dll
0x00007ff94f1b0000 - 0x00007ff94f2d5000 	C:\WINDOWS\SYSTEM32\DNSAPI.dll
0x00007ff94bfb0000 - 0x00007ff94bfbb000 	C:\Windows\System32\rasadhlp.dll
0x00007ff94d0b0000 - 0x00007ff94d135000 	C:\WINDOWS\System32\fwpuclnt.dll
0x00007ff942480000 - 0x00007ff942489000 	C:\Users\HP\.vscode\extensions\redhat.java-1.41.1-win32-x64\jre\21.0.6-win32-x86_64\bin\extnet.dll

dbghelp: loaded successfully - version: 4.0.5 - missing functions: none
symbol engine: initialized successfully - sym options: 0x614 - pdb path: .;c:\Users\HP\.vscode\extensions\redhat.java-1.41.1-win32-x64\jre\21.0.6-win32-x86_64\bin;C:\WINDOWS\SYSTEM32;C:\WINDOWS\WinSxS\amd64_microsoft.windows.common-controls_6595b64144ccf1df_6.0.26100.3624_none_3e086962e3345f24;c:\Users\HP\.vscode\extensions\redhat.java-1.41.1-win32-x64\jre\21.0.6-win32-x86_64\bin\server;C:\Users\HP\AppData\Roaming\Code\User\globalStorage\redhat.java\1.41.1\config_win\org.eclipse.equinox.launcher\org.eclipse.equinox.launcher.win32.win32.x86_64_1.2.1300.v20250331-1702;C:\Users\HP\AppData\Local\Temp\jna-2312

VM Arguments:
jvm_args: --add-modules=ALL-SYSTEM --add-opens=java.base/java.util=ALL-UNNAMED --add-opens=java.base/java.lang=ALL-UNNAMED --add-opens=java.base/sun.nio.fs=ALL-UNNAMED -Declipse.application=org.eclipse.jdt.ls.core.id1 -Dosgi.bundles.defaultStartLevel=4 -Declipse.product=org.eclipse.jdt.ls.core.product -Djava.import.generatesMetadataFilesAtProjectRoot=false -DDetectVMInstallationsJob.disabled=true -Dfile.encoding=utf8 -XX:+UseParallelGC -XX:GCTimeRatio=4 -XX:AdaptiveSizePolicyWeight=90 -Dsun.zip.disableMemoryMapping=true -Xmx1G -Xms100m -Xlog:disable -javaagent:c:\Users\HP\.vscode\extensions\redhat.java-1.41.1-win32-x64\lombok\lombok-1.18.36.jar -XX:+HeapDumpOnOutOfMemoryError -XX:HeapDumpPath=c:\Users\HP\AppData\Roaming\Code\User\workspaceStorage\d587ff5ec16d4547324857f46d9c1709\redhat.java -Daether.dependencyCollector.impl=bf 
java_command: c:\Users\HP\.vscode\extensions\redhat.java-1.41.1-win32-x64\server\plugins\org.eclipse.equinox.launcher_1.7.0.v20250331-1702.jar -configuration c:\Users\HP\AppData\Roaming\Code\User\globalStorage\redhat.java\1.41.1\config_win -data c:\Users\HP\AppData\Roaming\Code\User\workspaceStorage\d587ff5ec16d4547324857f46d9c1709\redhat.java\jdt_ws --pipe=\\.\pipe\lsp-79a760de0543d16873b07d2a0fb4db5c-sock
java_class_path (initial): c:\Users\HP\.vscode\extensions\redhat.java-1.41.1-win32-x64\server\plugins\org.eclipse.equinox.launcher_1.7.0.v20250331-1702.jar
Launcher Type: SUN_STANDARD

[Global flags]
    uintx AdaptiveSizePolicyWeight                 = 90                                        {product} {command line}
     intx CICompilerCount                          = 4                                         {product} {ergonomic}
    uintx GCTimeRatio                              = 4                                         {product} {command line}
     bool HeapDumpOnOutOfMemoryError               = true                                   {manageable} {command line}
    ccstr HeapDumpPath                             = c:\Users\HP\AppData\Roaming\Code\User\workspaceStorage\d587ff5ec16d4547324857f46d9c1709\redhat.java         {manageable} {command line}
   size_t InitialHeapSize                          = 104857600                                 {product} {command line}
   size_t MaxHeapSize                              = 1073741824                                {product} {command line}
   size_t MaxNewSize                               = 357564416                                 {product} {ergonomic}
   size_t MinHeapDeltaBytes                        = 524288                                    {product} {ergonomic}
   size_t MinHeapSize                              = 104857600                                 {product} {command line}
   size_t NewSize                                  = 34603008                                  {product} {ergonomic}
    uintx NonNMethodCodeHeapSize                   = 5839372                                {pd product} {ergonomic}
    uintx NonProfiledCodeHeapSize                  = 122909434                              {pd product} {ergonomic}
   size_t OldSize                                  = 70254592                                  {product} {ergonomic}
    uintx ProfiledCodeHeapSize                     = 122909434                              {pd product} {ergonomic}
    uintx ReservedCodeCacheSize                    = 251658240                              {pd product} {ergonomic}
     bool SegmentedCodeCache                       = true                                      {product} {ergonomic}
   size_t SoftMaxHeapSize                          = 1073741824                             {manageable} {ergonomic}
     bool UseCompressedOops                        = true                           {product lp64_product} {ergonomic}
     bool UseLargePagesIndividualAllocation        = false                                  {pd product} {ergonomic}
     bool UseParallelGC                            = true                                      {product} {command line}

Logging:
Log output configuration:
 #0: stdout all=off uptime,level,tags foldmultilines=false
 #1: stderr all=off uptime,level,tags foldmultilines=false

Environment Variables:
PATH=C:\Program Files\Common Files\Oracle\Java\javapath;C:\windows\system32;C:\windows;C:\windows\System32\Wbem;C:\windows\System32\WindowsPowerShell\v1.0\;C:\windows\System32\OpenSSH\;C:\MinGW\bin;C:\Program Files\HP\HP One Agent;C:\Program Files\Git\cmd;;C:\WINDOWS\system32;C:\WINDOWS;C:\WINDOWS\System32\Wbem;C:\WINDOWS\System32\WindowsPowerShell\v1.0\;C:\WINDOWS\System32\OpenSSH\;C:\Users\HP\AppData\Local\Microsoft\WindowsApps;C:\Users\HP\AppData\Local\Programs\Microsoft VS Code\bin;C:\mingw64\bin;
USERNAME=HP
OS=Windows_NT
PROCESSOR_IDENTIFIER=AMD64 Family 23 Model 104 Stepping 1, AuthenticAMD
TMP=C:\Users\HP\AppData\Local\Temp
TEMP=C:\Users\HP\AppData\Local\Temp




Periodic native trim disabled

---------------  S Y S T E M  ---------------

OS:
 Windows 11 , 64 bit Build 26100 (10.0.26100.3624)
OS uptime: 24 days 14:48 hours
Hyper-V role detected

CPU: total 12 (initial active 12) (12 cores per cpu, 2 threads per core) family 23 model 104 stepping 1 microcode 0x8608104, cx8, cmov, fxsr, ht, mmx, 3dnowpref, sse, sse2, sse3, ssse3, sse4a, sse4.1, sse4.2, popcnt, lzcnt, tsc, tscinvbit, avx, avx2, aes, clmul, bmi1, bmi2, adx, sha, fma, vzeroupper, clflush, clflushopt, hv, rdtscp, rdpid, f16c
Processor Information for processor 0
  Max Mhz: 2100, Current Mhz: 1988, Mhz Limit: 2100
Processor Information for processor 1
  Max Mhz: 2100, Current Mhz: 1988, Mhz Limit: 2100
Processor Information for processor 2
  Max Mhz: 2100, Current Mhz: 2100, Mhz Limit: 2100
Processor Information for processor 3
  Max Mhz: 2100, Current Mhz: 2100, Mhz Limit: 2100
Processor Information for processor 4
  Max Mhz: 2100, Current Mhz: 2100, Mhz Limit: 2100
Processor Information for processor 5
  Max Mhz: 2100, Current Mhz: 2100, Mhz Limit: 2100
Processor Information for processor 6
  Max Mhz: 2100, Current Mhz: 2100, Mhz Limit: 2100
Processor Information for processor 7
  Max Mhz: 2100, Current Mhz: 2100, Mhz Limit: 2100
Processor Information for processor 8
  Max Mhz: 2100, Current Mhz: 2100, Mhz Limit: 2100
Processor Information for processor 9
  Max Mhz: 2100, Current Mhz: 2100, Mhz Limit: 2100
Processor Information for processor 10
  Max Mhz: 2100, Current Mhz: 1988, Mhz Limit: 2100
Processor Information for processor 11
  Max Mhz: 2100, Current Mhz: 2100, Mhz Limit: 2100

Memory: 4k page, system-wide physical 7502M (379M free)
TotalPageFile size 30030M (AvailPageFile size 13M)
current process WorkingSet (physical memory assigned to process): 465M, peak: 971M
current process commit charge ("private bytes"): 1063M, peak: 1071M

vm_info: OpenJDK 64-Bit Server VM (21.0.6+7-LTS) for windows-amd64 JRE (21.0.6+7-LTS), built on 2025-01-21T00:00:00Z by "admin" with MS VC++ 17.7 (VS2022)

END.
