#
# There is insufficient memory for the Java Runtime Environment to continue.
# Native memory allocation (mmap) failed to map 284164096 bytes. Error detail: G1 virtual space
# Possible reasons:
#   The system is out of physical RAM or swap space
#   This process is running with CompressedOops enabled, and the Java Heap may be blocking the growth of the native heap
# Possible solutions:
#   Reduce memory load on the system
#   Increase physical memory or swap space
#   Check if swap backing store is full
#   Decrease Java heap size (-Xmx/-Xms)
#   Decrease number of Java threads
#   Decrease Java thread stack sizes (-Xss)
#   Set larger code cache with -XX:ReservedCodeCacheSize=
#   JVM is running with Unscaled Compressed Oops mode in which the Java heap is
#     placed in the first 4GB address space. The Java Heap base address is the
#     maximum limit for the native heap growth. Please use -XX:HeapBaseMinAddress
#     to set the Java Heap base and to place the Java Heap above 4GB virtual address.
# This output file may be truncated or incomplete.
#
#  Out of Memory Error (os_windows.cpp:3686), pid=37460, tid=1520
#
# JRE version: OpenJDK Runtime Environment Temurin-21.0.6+7 (21.0.6+7) (build 21.0.6+7-LTS)
# Java VM: OpenJDK 64-Bit Server VM Temurin-21.0.6+7 (21.0.6+7-LTS, mixed mode, sharing, tiered, compressed oops, compressed class ptrs, g1 gc, windows-amd64)
# No core dump will be written. Minidumps are not enabled by default on client versions of Windows
#

---------------  S U M M A R Y ------------

Command Line: -XX:+ShowCodeDetailsInExceptionMessages com.projekan.tiket_pesawat.TiketPesawatApplication

Host: AMD Ryzen 5 5500U with Radeon Graphics         , 12 cores, 7G,  Windows 11 , 64 bit Build 26100 (10.0.26100.3624)
Time: Wed Apr 23 21:31:59 2025 SE Asia Standard Time elapsed time: 15.865437 seconds (0d 0h 0m 15s)

---------------  T H R E A D  ---------------

Current thread (0x0000025dee53bcb0):  VMThread "VM Thread"          [id=1520, stack(0x000000aa81100000,0x000000aa81200000) (1024K)]

Stack: [0x000000aa81100000,0x000000aa81200000]
Native frames: (J=compiled Java code, j=interpreted, Vv=VM code, C=native code)
V  [jvm.dll+0x6cdee9]
V  [jvm.dll+0x8a83d1]
V  [jvm.dll+0x8aa8fe]
V  [jvm.dll+0x8aafe3]
V  [jvm.dll+0x27f706]
V  [jvm.dll+0x6ca755]
V  [jvm.dll+0x6bea3a]
V  [jvm.dll+0x355d6a]
V  [jvm.dll+0x35d936]
V  [jvm.dll+0x3af58e]
V  [jvm.dll+0x3af838]
V  [jvm.dll+0x329efc]
V  [jvm.dll+0x329f87]
V  [jvm.dll+0x36dd4c]
V  [jvm.dll+0x36c598]
V  [jvm.dll+0x3296c1]
V  [jvm.dll+0x36bc0a]
V  [jvm.dll+0x8b0cff]
V  [jvm.dll+0x8b2084]
V  [jvm.dll+0x8b25c0]
V  [jvm.dll+0x8b2863]
V  [jvm.dll+0x851f8b]
V  [jvm.dll+0x6cc5ed]
C  [ucrtbase.dll+0x37b0]
C  [KERNEL32.DLL+0x2e8d7]
C  [ntdll.dll+0xb14fc]

VM_Operation (0x000000aa80afa240): G1CollectForAllocation, mode: safepoint, requested by thread 0x0000025dd4c3de80


---------------  P R O C E S S  ---------------

Threads class SMR info:
_java_thread_list=0x0000025df47ff4a0, length=17, elements={
0x0000025dd4c3de80, 0x0000025dee5e3020, 0x0000025dee551e20, 0x0000025dee559dc0,
0x0000025dee55abc0, 0x0000025dee55d180, 0x0000025dee569d20, 0x0000025dee56edf0,
0x0000025dee57d170, 0x0000025dee753360, 0x0000025dee75b9c0, 0x0000025df43e1030,
0x0000025df4e71180, 0x0000025df4190f10, 0x0000025df4cc9c90, 0x0000025df43644c0,
0x0000025df403ea20
}

Java Threads: ( => current thread )
  0x0000025dd4c3de80 JavaThread "main"                              [_thread_blocked, id=19296, stack(0x000000aa80a00000,0x000000aa80b00000) (1024K)]
  0x0000025dee5e3020 JavaThread "Reference Handler"          daemon [_thread_blocked, id=22232, stack(0x000000aa81200000,0x000000aa81300000) (1024K)]
  0x0000025dee551e20 JavaThread "Finalizer"                  daemon [_thread_blocked, id=13152, stack(0x000000aa81300000,0x000000aa81400000) (1024K)]
  0x0000025dee559dc0 JavaThread "Signal Dispatcher"          daemon [_thread_blocked, id=15392, stack(0x000000aa81400000,0x000000aa81500000) (1024K)]
  0x0000025dee55abc0 JavaThread "Attach Listener"            daemon [_thread_blocked, id=29224, stack(0x000000aa81500000,0x000000aa81600000) (1024K)]
  0x0000025dee55d180 JavaThread "Service Thread"             daemon [_thread_blocked, id=33556, stack(0x000000aa81600000,0x000000aa81700000) (1024K)]
  0x0000025dee569d20 JavaThread "Monitor Deflation Thread"   daemon [_thread_blocked, id=9716, stack(0x000000aa81700000,0x000000aa81800000) (1024K)]
  0x0000025dee56edf0 JavaThread "C2 CompilerThread0"         daemon [_thread_blocked, id=21028, stack(0x000000aa81800000,0x000000aa81900000) (1024K)]
  0x0000025dee57d170 JavaThread "C1 CompilerThread0"         daemon [_thread_blocked, id=32944, stack(0x000000aa81900000,0x000000aa81a00000) (1024K)]
  0x0000025dee753360 JavaThread "Notification Thread"        daemon [_thread_blocked, id=27204, stack(0x000000aa81a00000,0x000000aa81b00000) (1024K)]
  0x0000025dee75b9c0 JavaThread "Common-Cleaner"             daemon [_thread_blocked, id=40708, stack(0x000000aa81b00000,0x000000aa81c00000) (1024K)]
  0x0000025df43e1030 JavaThread "mysql-cj-abandoned-connection-cleanup" daemon [_thread_blocked, id=35912, stack(0x000000aa82800000,0x000000aa82900000) (1024K)]
  0x0000025df4e71180 JavaThread "HikariPool-1 housekeeper"   daemon [_thread_blocked, id=35228, stack(0x000000aa82a00000,0x000000aa82b00000) (1024K)]
  0x0000025df4190f10 JavaThread "HikariPool-1 connection adder" daemon [_thread_blocked, id=2420, stack(0x000000aa82b00000,0x000000aa82c00000) (1024K)]
  0x0000025df4cc9c90 JavaThread "Catalina-utility-1"                [_thread_blocked, id=7700, stack(0x000000aa82c00000,0x000000aa82d00000) (1024K)]
  0x0000025df43644c0 JavaThread "Catalina-utility-2"                [_thread_blocked, id=33208, stack(0x000000aa82d00000,0x000000aa82e00000) (1024K)]
  0x0000025df403ea20 JavaThread "container-0"                       [_thread_blocked, id=29468, stack(0x000000aa82e00000,0x000000aa82f00000) (1024K)]
Total: 17

Other Threads:
=>0x0000025dee53bcb0 VMThread "VM Thread"                           [id=1520, stack(0x000000aa81100000,0x000000aa81200000) (1024K)]
  0x0000025dee527d00 WatcherThread "VM Periodic Task Thread"        [id=15284, stack(0x000000aa81000000,0x000000aa81100000) (1024K)]
  0x0000025dd4c98360 WorkerThread "GC Thread#0"                     [id=6648, stack(0x000000aa80b00000,0x000000aa80c00000) (1024K)]
  0x0000025df36b2750 WorkerThread "GC Thread#1"                     [id=34032, stack(0x000000aa81c00000,0x000000aa81d00000) (1024K)]
  0x0000025df3937300 WorkerThread "GC Thread#2"                     [id=18492, stack(0x000000aa81d00000,0x000000aa81e00000) (1024K)]
  0x0000025df371bf60 WorkerThread "GC Thread#3"                     [id=16136, stack(0x000000aa81e00000,0x000000aa81f00000) (1024K)]
  0x0000025df3560800 WorkerThread "GC Thread#4"                     [id=6720, stack(0x000000aa81f00000,0x000000aa82000000) (1024K)]
  0x0000025df3f2f6d0 WorkerThread "GC Thread#5"                     [id=7524, stack(0x000000aa82200000,0x000000aa82300000) (1024K)]
  0x0000025df3f2fa70 WorkerThread "GC Thread#6"                     [id=23080, stack(0x000000aa82300000,0x000000aa82400000) (1024K)]
  0x0000025df3f2fe10 WorkerThread "GC Thread#7"                     [id=20648, stack(0x000000aa82400000,0x000000aa82500000) (1024K)]
  0x0000025df3f30550 WorkerThread "GC Thread#8"                     [id=7308, stack(0x000000aa82500000,0x000000aa82600000) (1024K)]
  0x0000025df572a660 WorkerThread "GC Thread#9"                     [id=16232, stack(0x000000aa82100000,0x000000aa82200000) (1024K)]
  0x0000025dd4ca7cd0 ConcurrentGCThread "G1 Main Marker"            [id=9912, stack(0x000000aa80c00000,0x000000aa80d00000) (1024K)]
  0x0000025dd4ca9560 WorkerThread "G1 Conc#0"                       [id=39904, stack(0x000000aa80d00000,0x000000aa80e00000) (1024K)]
  0x0000025df572a2c0 WorkerThread "G1 Conc#1"                       [id=34824, stack(0x000000aa82600000,0x000000aa82700000) (1024K)]
  0x0000025df5729b80 WorkerThread "G1 Conc#2"                       [id=40168, stack(0x000000aa82700000,0x000000aa82800000) (1024K)]
  0x0000025dee3f4c10 ConcurrentGCThread "G1 Refine#0"               [id=39128, stack(0x000000aa80e00000,0x000000aa80f00000) (1024K)]
  0x0000025dee3f5590 ConcurrentGCThread "G1 Service"                [id=21296, stack(0x000000aa80f00000,0x000000aa81000000) (1024K)]
Total: 18

Threads with active compile tasks:
C2 CompilerThread0  15927 7145       4       org.antlr.v4.runtime.atn.ParserATNSimulator::computeReachSet (575 bytes)
Total: 1

VM state: at safepoint (normal execution)

VM Mutex/Monitor currently owned by a thread:  ([mutex/lock_event])
[0x00007ff8caffe380] Threads_lock - owner thread: 0x0000025dee53bcb0
[0x00007ff8caffe480] Heap_lock - owner thread: 0x0000025dd4c3de80

Heap address: 0x000000008ac00000, size: 1876 MB, Compressed Oops mode: 32-bit

CDS archive(s) mapped at: [0x0000025d80000000-0x0000025d80ba0000-0x0000025d80ba0000), size 12189696, SharedBaseAddress: 0x0000025d80000000, ArchiveRelocationMode: 1.
Compressed class space mapped at: 0x0000025d81000000-0x0000025dc1000000, reserved size: 1073741824
Narrow klass base: 0x0000025d80000000, Narrow klass shift: 0, Narrow klass range: 0x100000000

GC Precious Log:
 CardTable entry size: 512
 Card Set container configuration: InlinePtr #cards 5 size 8 Array Of Cards #cards 12 size 40 Howl #buckets 4 coarsen threshold 1843 Howl Bitmap #cards 512 size 80 coarsen threshold 460 Card regions per heap region 1 cards per card region 2048
 CPUs: 12 total, 12 available
 Memory: 7502M
 Large Page Support: Disabled
 NUMA Support: Disabled
 Compressed Oops: Enabled (32-bit)
 Heap Region Size: 1M
 Heap Min Capacity: 8M
 Heap Initial Capacity: 118M
 Heap Max Capacity: 1876M
 Pre-touch: Disabled
 Parallel Workers: 10
 Concurrent Workers: 3
 Concurrent Refinement Workers: 10
 Periodic GC: Disabled

Heap:
 garbage-first heap   total 181248K, used 108525K [0x000000008ac00000, 0x0000000100000000)
  region size 1024K, 6 young (6144K), 6 survivors (6144K)
 Metaspace       used 68934K, committed 69632K, reserved 1114112K
  class space    used 9544K, committed 9856K, reserved 1048576K

Heap Regions: E=young(eden), S=young(survivor), O=old, HS=humongous(starts), HC=humongous(continues), CS=collection set, F=free, TAMS=top-at-mark-start, PB=parsable bottom
|   0|0x000000008ac00000, 0x000000008ad00000, 0x000000008ad00000|100%|HS|  |TAMS 0x000000008ad00000| PB 0x000000008ac00000| Complete 
|   1|0x000000008ad00000, 0x000000008ae00000, 0x000000008ae00000|100%|HS|  |TAMS 0x000000008ae00000| PB 0x000000008ad00000| Complete 
|   2|0x000000008ae00000, 0x000000008af00000, 0x000000008af00000|100%| O|  |TAMS 0x000000008af00000| PB 0x000000008ae00000| Untracked 
|   3|0x000000008af00000, 0x000000008b000000, 0x000000008b000000|100%| O|  |TAMS 0x000000008b000000| PB 0x000000008af00000| Untracked 
|   4|0x000000008b000000, 0x000000008b100000, 0x000000008b100000|100%| O|  |TAMS 0x000000008b100000| PB 0x000000008b000000| Untracked 
|   5|0x000000008b100000, 0x000000008b200000, 0x000000008b200000|100%| O|  |TAMS 0x000000008b200000| PB 0x000000008b100000| Untracked 
|   6|0x000000008b200000, 0x000000008b300000, 0x000000008b300000|100%| O|  |TAMS 0x000000008b300000| PB 0x000000008b200000| Untracked 
|   7|0x000000008b300000, 0x000000008b400000, 0x000000008b400000|100%| O|  |TAMS 0x000000008b400000| PB 0x000000008b300000| Untracked 
|   8|0x000000008b400000, 0x000000008b500000, 0x000000008b500000|100%| O|  |TAMS 0x000000008b500000| PB 0x000000008b400000| Untracked 
|   9|0x000000008b500000, 0x000000008b600000, 0x000000008b600000|100%| O|  |TAMS 0x000000008b600000| PB 0x000000008b500000| Untracked 
|  10|0x000000008b600000, 0x000000008b700000, 0x000000008b700000|100%| O|  |TAMS 0x000000008b700000| PB 0x000000008b600000| Untracked 
|  11|0x000000008b700000, 0x000000008b800000, 0x000000008b800000|100%| O|  |TAMS 0x000000008b800000| PB 0x000000008b700000| Untracked 
|  12|0x000000008b800000, 0x000000008b900000, 0x000000008b900000|100%| O|  |TAMS 0x000000008b900000| PB 0x000000008b800000| Untracked 
|  13|0x000000008b900000, 0x000000008ba00000, 0x000000008ba00000|100%| O|  |TAMS 0x000000008ba00000| PB 0x000000008b900000| Untracked 
|  14|0x000000008ba00000, 0x000000008bb00000, 0x000000008bb00000|100%| O|  |TAMS 0x000000008bb00000| PB 0x000000008ba00000| Untracked 
|  15|0x000000008bb00000, 0x000000008bc00000, 0x000000008bc00000|100%| O|  |TAMS 0x000000008bc00000| PB 0x000000008bb00000| Untracked 
|  16|0x000000008bc00000, 0x000000008bd00000, 0x000000008bd00000|100%| O|  |TAMS 0x000000008bd00000| PB 0x000000008bc00000| Untracked 
|  17|0x000000008bd00000, 0x000000008be00000, 0x000000008be00000|100%| O|  |TAMS 0x000000008be00000| PB 0x000000008bd00000| Untracked 
|  18|0x000000008be00000, 0x000000008bf00000, 0x000000008bf00000|100%| O|  |TAMS 0x000000008bf00000| PB 0x000000008be00000| Untracked 
|  19|0x000000008bf00000, 0x000000008c000000, 0x000000008c000000|100%| O|  |TAMS 0x000000008c000000| PB 0x000000008bf00000| Untracked 
|  20|0x000000008c000000, 0x000000008c100000, 0x000000008c100000|100%| O|  |TAMS 0x000000008c100000| PB 0x000000008c000000| Untracked 
|  21|0x000000008c100000, 0x000000008c200000, 0x000000008c200000|100%| O|  |TAMS 0x000000008c200000| PB 0x000000008c100000| Untracked 
|  22|0x000000008c200000, 0x000000008c300000, 0x000000008c300000|100%| O|  |TAMS 0x000000008c300000| PB 0x000000008c200000| Untracked 
|  23|0x000000008c300000, 0x000000008c400000, 0x000000008c400000|100%| O|  |TAMS 0x000000008c400000| PB 0x000000008c300000| Untracked 
|  24|0x000000008c400000, 0x000000008c500000, 0x000000008c500000|100%| O|  |TAMS 0x000000008c500000| PB 0x000000008c400000| Untracked 
|  25|0x000000008c500000, 0x000000008c600000, 0x000000008c600000|100%| O|  |TAMS 0x000000008c600000| PB 0x000000008c500000| Untracked 
|  26|0x000000008c600000, 0x000000008c700000, 0x000000008c700000|100%| O|  |TAMS 0x000000008c700000| PB 0x000000008c600000| Untracked 
|  27|0x000000008c700000, 0x000000008c800000, 0x000000008c800000|100%| O|  |TAMS 0x000000008c800000| PB 0x000000008c700000| Untracked 
|  28|0x000000008c800000, 0x000000008c900000, 0x000000008c900000|100%| O|  |TAMS 0x000000008c900000| PB 0x000000008c800000| Untracked 
|  29|0x000000008c900000, 0x000000008ca00000, 0x000000008ca00000|100%| O|  |TAMS 0x000000008ca00000| PB 0x000000008c900000| Untracked 
|  30|0x000000008ca00000, 0x000000008cb00000, 0x000000008cb00000|100%| O|  |TAMS 0x000000008cb00000| PB 0x000000008ca00000| Untracked 
|  31|0x000000008cb00000, 0x000000008cc00000, 0x000000008cc00000|100%| O|  |TAMS 0x000000008cc00000| PB 0x000000008cb00000| Untracked 
|  32|0x000000008cc00000, 0x000000008cd00000, 0x000000008cd00000|100%| O|  |TAMS 0x000000008cd00000| PB 0x000000008cc00000| Untracked 
|  33|0x000000008cd00000, 0x000000008ce00000, 0x000000008ce00000|100%| O|  |TAMS 0x000000008ce00000| PB 0x000000008cd00000| Untracked 
|  34|0x000000008ce00000, 0x000000008cf00000, 0x000000008cf00000|100%| O|  |TAMS 0x000000008cf00000| PB 0x000000008ce00000| Untracked 
|  35|0x000000008cf00000, 0x000000008d000000, 0x000000008d000000|100%| O|  |TAMS 0x000000008d000000| PB 0x000000008cf00000| Untracked 
|  36|0x000000008d000000, 0x000000008d100000, 0x000000008d100000|100%| O|  |TAMS 0x000000008d100000| PB 0x000000008d000000| Untracked 
|  37|0x000000008d100000, 0x000000008d200000, 0x000000008d200000|100%| O|  |TAMS 0x000000008d200000| PB 0x000000008d100000| Untracked 
|  38|0x000000008d200000, 0x000000008d300000, 0x000000008d300000|100%| O|  |TAMS 0x000000008d300000| PB 0x000000008d200000| Untracked 
|  39|0x000000008d300000, 0x000000008d400000, 0x000000008d400000|100%| O|  |TAMS 0x000000008d300000| PB 0x000000008d300000| Untracked 
|  40|0x000000008d400000, 0x000000008d4fb570, 0x000000008d500000| 98%| O|  |TAMS 0x000000008d400000| PB 0x000000008d400000| Untracked 
|  41|0x000000008d500000, 0x000000008d600000, 0x000000008d600000|100%| O|  |TAMS 0x000000008d600000| PB 0x000000008d500000| Untracked 
|  42|0x000000008d600000, 0x000000008d700000, 0x000000008d700000|100%| O|  |TAMS 0x000000008d700000| PB 0x000000008d600000| Untracked 
|  43|0x000000008d700000, 0x000000008d800000, 0x000000008d800000|100%| O|  |TAMS 0x000000008d800000| PB 0x000000008d700000| Untracked 
|  44|0x000000008d800000, 0x000000008d900000, 0x000000008d900000|100%| O|  |TAMS 0x000000008d900000| PB 0x000000008d800000| Untracked 
|  45|0x000000008d900000, 0x000000008da00000, 0x000000008da00000|100%| O|  |TAMS 0x000000008da00000| PB 0x000000008d900000| Untracked 
|  46|0x000000008da00000, 0x000000008da00000, 0x000000008db00000|  0%| F|  |TAMS 0x000000008da00000| PB 0x000000008da00000| Untracked 
|  47|0x000000008db00000, 0x000000008dc00000, 0x000000008dc00000|100%| O|  |TAMS 0x000000008dc00000| PB 0x000000008db00000| Untracked 
|  48|0x000000008dc00000, 0x000000008dd00000, 0x000000008dd00000|100%| O|  |TAMS 0x000000008dd00000| PB 0x000000008dc00000| Untracked 
|  49|0x000000008dd00000, 0x000000008de00000, 0x000000008de00000|100%| O|  |TAMS 0x000000008de00000| PB 0x000000008dd00000| Untracked 
|  50|0x000000008de00000, 0x000000008df00000, 0x000000008df00000|100%| O|  |TAMS 0x000000008df00000| PB 0x000000008de00000| Untracked 
|  51|0x000000008df00000, 0x000000008e000000, 0x000000008e000000|100%|HS|  |TAMS 0x000000008e000000| PB 0x000000008df00000| Complete 
|  52|0x000000008e000000, 0x000000008e000000, 0x000000008e100000|  0%| F|  |TAMS 0x000000008e000000| PB 0x000000008e000000| Untracked 
|  53|0x000000008e100000, 0x000000008e100000, 0x000000008e200000|  0%| F|  |TAMS 0x000000008e100000| PB 0x000000008e100000| Untracked 
|  54|0x000000008e200000, 0x000000008e200000, 0x000000008e300000|  0%| F|  |TAMS 0x000000008e200000| PB 0x000000008e200000| Untracked 
|  55|0x000000008e300000, 0x000000008e300000, 0x000000008e400000|  0%| F|  |TAMS 0x000000008e300000| PB 0x000000008e300000| Untracked 
|  56|0x000000008e400000, 0x000000008e500000, 0x000000008e500000|100%| O|  |TAMS 0x000000008e500000| PB 0x000000008e400000| Untracked 
|  57|0x000000008e500000, 0x000000008e500000, 0x000000008e600000|  0%| F|  |TAMS 0x000000008e500000| PB 0x000000008e500000| Untracked 
|  58|0x000000008e600000, 0x000000008e600000, 0x000000008e700000|  0%| F|  |TAMS 0x000000008e600000| PB 0x000000008e600000| Untracked 
|  59|0x000000008e700000, 0x000000008e700000, 0x000000008e800000|  0%| F|  |TAMS 0x000000008e700000| PB 0x000000008e700000| Untracked 
|  60|0x000000008e800000, 0x000000008e900000, 0x000000008e900000|100%| O|  |TAMS 0x000000008e900000| PB 0x000000008e800000| Untracked 
|  61|0x000000008e900000, 0x000000008ea00000, 0x000000008ea00000|100%| O|  |TAMS 0x000000008ea00000| PB 0x000000008e900000| Untracked 
|  62|0x000000008ea00000, 0x000000008eb00000, 0x000000008eb00000|100%| O|  |TAMS 0x000000008eb00000| PB 0x000000008ea00000| Untracked 
|  63|0x000000008eb00000, 0x000000008ec00000, 0x000000008ec00000|100%| O|  |TAMS 0x000000008ec00000| PB 0x000000008eb00000| Untracked 
|  64|0x000000008ec00000, 0x000000008ed00000, 0x000000008ed00000|100%| O|  |TAMS 0x000000008ed00000| PB 0x000000008ec00000| Untracked 
|  65|0x000000008ed00000, 0x000000008ee00000, 0x000000008ee00000|100%| O|  |TAMS 0x000000008ee00000| PB 0x000000008ed00000| Untracked 
|  66|0x000000008ee00000, 0x000000008ef00000, 0x000000008ef00000|100%| O|  |TAMS 0x000000008ef00000| PB 0x000000008ee00000| Untracked 
|  67|0x000000008ef00000, 0x000000008f000000, 0x000000008f000000|100%| O|  |TAMS 0x000000008f000000| PB 0x000000008ef00000| Untracked 
|  68|0x000000008f000000, 0x000000008f100000, 0x000000008f100000|100%| O|  |TAMS 0x000000008f100000| PB 0x000000008f000000| Untracked 
|  69|0x000000008f100000, 0x000000008f200000, 0x000000008f200000|100%| O|  |TAMS 0x000000008f200000| PB 0x000000008f100000| Untracked 
|  70|0x000000008f200000, 0x000000008f300000, 0x000000008f300000|100%| O|  |TAMS 0x000000008f300000| PB 0x000000008f200000| Untracked 
|  71|0x000000008f300000, 0x000000008f400000, 0x000000008f400000|100%| O|  |TAMS 0x000000008f400000| PB 0x000000008f300000| Untracked 
|  72|0x000000008f400000, 0x000000008f500000, 0x000000008f500000|100%| O|  |TAMS 0x000000008f500000| PB 0x000000008f400000| Untracked 
|  73|0x000000008f500000, 0x000000008f600000, 0x000000008f600000|100%| O|  |TAMS 0x000000008f600000| PB 0x000000008f500000| Untracked 
|  74|0x000000008f600000, 0x000000008f700000, 0x000000008f700000|100%| O|  |TAMS 0x000000008f700000| PB 0x000000008f600000| Untracked 
|  75|0x000000008f700000, 0x000000008f800000, 0x000000008f800000|100%| O|  |TAMS 0x000000008f800000| PB 0x000000008f700000| Untracked 
|  76|0x000000008f800000, 0x000000008f900000, 0x000000008f900000|100%| O|  |TAMS 0x000000008f900000| PB 0x000000008f800000| Untracked 
|  77|0x000000008f900000, 0x000000008fa00000, 0x000000008fa00000|100%| O|  |TAMS 0x000000008fa00000| PB 0x000000008f900000| Untracked 
|  78|0x000000008fa00000, 0x000000008fb00000, 0x000000008fb00000|100%| O|  |TAMS 0x000000008fb00000| PB 0x000000008fa00000| Untracked 
|  79|0x000000008fb00000, 0x000000008fc00000, 0x000000008fc00000|100%| O|  |TAMS 0x000000008fc00000| PB 0x000000008fb00000| Untracked 
|  80|0x000000008fc00000, 0x000000008fd00000, 0x000000008fd00000|100%| O|  |TAMS 0x000000008fd00000| PB 0x000000008fc00000| Untracked 
|  81|0x000000008fd00000, 0x000000008fe00000, 0x000000008fe00000|100%|HS|  |TAMS 0x000000008fe00000| PB 0x000000008fd00000| Complete 
|  82|0x000000008fe00000, 0x000000008ff00000, 0x000000008ff00000|100%|HC|  |TAMS 0x000000008ff00000| PB 0x000000008fe00000| Complete 
|  83|0x000000008ff00000, 0x0000000090000000, 0x0000000090000000|100%| O|  |TAMS 0x0000000090000000| PB 0x000000008ff00000| Untracked 
|  84|0x0000000090000000, 0x0000000090100000, 0x0000000090100000|100%| O|  |TAMS 0x0000000090100000| PB 0x0000000090000000| Untracked 
|  85|0x0000000090100000, 0x0000000090200000, 0x0000000090200000|100%| O|  |TAMS 0x0000000090200000| PB 0x0000000090100000| Untracked 
|  86|0x0000000090200000, 0x0000000090300000, 0x0000000090300000|100%| O|  |TAMS 0x0000000090300000| PB 0x0000000090200000| Untracked 
|  87|0x0000000090300000, 0x0000000090400000, 0x0000000090400000|100%| O|  |TAMS 0x0000000090400000| PB 0x0000000090300000| Untracked 
|  88|0x0000000090400000, 0x0000000090500000, 0x0000000090500000|100%| O|  |TAMS 0x0000000090500000| PB 0x0000000090400000| Untracked 
|  89|0x0000000090500000, 0x0000000090600000, 0x0000000090600000|100%| O|  |TAMS 0x0000000090600000| PB 0x0000000090500000| Untracked 
|  90|0x0000000090600000, 0x0000000090700000, 0x0000000090700000|100%| O|  |TAMS 0x0000000090700000| PB 0x0000000090600000| Untracked 
|  91|0x0000000090700000, 0x0000000090800000, 0x0000000090800000|100%| O|  |TAMS 0x0000000090800000| PB 0x0000000090700000| Untracked 
|  92|0x0000000090800000, 0x0000000090900000, 0x0000000090900000|100%| O|  |TAMS 0x0000000090900000| PB 0x0000000090800000| Untracked 
|  93|0x0000000090900000, 0x0000000090a00000, 0x0000000090a00000|100%| O|  |TAMS 0x0000000090a00000| PB 0x0000000090900000| Untracked 
|  94|0x0000000090a00000, 0x0000000090b00000, 0x0000000090b00000|100%| O|  |TAMS 0x0000000090b00000| PB 0x0000000090a00000| Untracked 
|  95|0x0000000090b00000, 0x0000000090c00000, 0x0000000090c00000|100%| O|  |TAMS 0x0000000090c00000| PB 0x0000000090b00000| Untracked 
|  96|0x0000000090c00000, 0x0000000090d00000, 0x0000000090d00000|100%| O|  |TAMS 0x0000000090d00000| PB 0x0000000090c00000| Untracked 
|  97|0x0000000090d00000, 0x0000000090e00000, 0x0000000090e00000|100%| O|  |TAMS 0x0000000090e00000| PB 0x0000000090d00000| Untracked 
|  98|0x0000000090e00000, 0x0000000090f00000, 0x0000000090f00000|100%| O|  |TAMS 0x0000000090f00000| PB 0x0000000090e00000| Untracked 
|  99|0x0000000090f00000, 0x0000000091000000, 0x0000000091000000|100%| O|  |TAMS 0x0000000091000000| PB 0x0000000090f00000| Untracked 
| 100|0x0000000091000000, 0x0000000091100000, 0x0000000091100000|100%| O|  |TAMS 0x000000009105acc8| PB 0x0000000091000000| Untracked 
| 101|0x0000000091100000, 0x0000000091100000, 0x0000000091200000|  0%| F|  |TAMS 0x0000000091100000| PB 0x0000000091100000| Untracked 
| 102|0x0000000091200000, 0x0000000091200000, 0x0000000091300000|  0%| F|  |TAMS 0x0000000091200000| PB 0x0000000091200000| Untracked 
| 103|0x0000000091300000, 0x0000000091300000, 0x0000000091400000|  0%| F|  |TAMS 0x0000000091300000| PB 0x0000000091300000| Untracked 
| 104|0x0000000091400000, 0x0000000091400000, 0x0000000091500000|  0%| F|  |TAMS 0x0000000091400000| PB 0x0000000091400000| Untracked 
| 105|0x0000000091500000, 0x0000000091500000, 0x0000000091600000|  0%| F|  |TAMS 0x0000000091500000| PB 0x0000000091500000| Untracked 
| 106|0x0000000091600000, 0x0000000091600000, 0x0000000091700000|  0%| F|  |TAMS 0x0000000091600000| PB 0x0000000091600000| Untracked 
| 107|0x0000000091700000, 0x0000000091700000, 0x0000000091800000|  0%| F|  |TAMS 0x0000000091700000| PB 0x0000000091700000| Untracked 
| 108|0x0000000091800000, 0x0000000091800000, 0x0000000091900000|  0%| F|  |TAMS 0x0000000091800000| PB 0x0000000091800000| Untracked 
| 109|0x0000000091900000, 0x0000000091900000, 0x0000000091a00000|  0%| F|  |TAMS 0x0000000091900000| PB 0x0000000091900000| Untracked 
| 110|0x0000000091a00000, 0x0000000091a00000, 0x0000000091b00000|  0%| F|  |TAMS 0x0000000091a00000| PB 0x0000000091a00000| Untracked 
| 111|0x0000000091b00000, 0x0000000091b00000, 0x0000000091c00000|  0%| F|  |TAMS 0x0000000091b00000| PB 0x0000000091b00000| Untracked 
| 112|0x0000000091c00000, 0x0000000091c00000, 0x0000000091d00000|  0%| F|  |TAMS 0x0000000091c00000| PB 0x0000000091c00000| Untracked 
| 113|0x0000000091d00000, 0x0000000091d00000, 0x0000000091e00000|  0%| F|  |TAMS 0x0000000091d00000| PB 0x0000000091d00000| Untracked 
| 114|0x0000000091e00000, 0x0000000091e00000, 0x0000000091f00000|  0%| F|  |TAMS 0x0000000091e00000| PB 0x0000000091e00000| Untracked 
| 115|0x0000000091f00000, 0x0000000091f00000, 0x0000000092000000|  0%| F|  |TAMS 0x0000000091f00000| PB 0x0000000091f00000| Untracked 
| 116|0x0000000092000000, 0x0000000092000000, 0x0000000092100000|  0%| F|  |TAMS 0x0000000092000000| PB 0x0000000092000000| Untracked 
| 117|0x0000000092100000, 0x0000000092200000, 0x0000000092200000|100%| S|CS|TAMS 0x0000000092100000| PB 0x0000000092100000| Complete 
| 118|0x0000000092200000, 0x0000000092300000, 0x0000000092300000|100%| S|CS|TAMS 0x0000000092200000| PB 0x0000000092200000| Complete 
| 119|0x0000000092300000, 0x0000000092400000, 0x0000000092400000|100%| S|CS|TAMS 0x0000000092300000| PB 0x0000000092300000| Complete 
| 120|0x0000000092400000, 0x0000000092500000, 0x0000000092500000|100%| S|CS|TAMS 0x0000000092400000| PB 0x0000000092400000| Complete 
| 121|0x0000000092500000, 0x0000000092600000, 0x0000000092600000|100%| S|CS|TAMS 0x0000000092500000| PB 0x0000000092500000| Complete 
| 122|0x0000000092600000, 0x0000000092700000, 0x0000000092700000|100%| S|CS|TAMS 0x0000000092600000| PB 0x0000000092600000| Complete 
| 123|0x0000000092700000, 0x0000000092700000, 0x0000000092800000|  0%| F|  |TAMS 0x0000000092700000| PB 0x0000000092700000| Untracked 
| 124|0x0000000092800000, 0x0000000092800000, 0x0000000092900000|  0%| F|  |TAMS 0x0000000092800000| PB 0x0000000092800000| Untracked 
| 125|0x0000000092900000, 0x0000000092900000, 0x0000000092a00000|  0%| F|  |TAMS 0x0000000092900000| PB 0x0000000092900000| Untracked 
| 126|0x0000000092a00000, 0x0000000092a00000, 0x0000000092b00000|  0%| F|  |TAMS 0x0000000092a00000| PB 0x0000000092a00000| Untracked 
| 127|0x0000000092b00000, 0x0000000092b00000, 0x0000000092c00000|  0%| F|  |TAMS 0x0000000092b00000| PB 0x0000000092b00000| Untracked 
| 128|0x0000000092c00000, 0x0000000092c00000, 0x0000000092d00000|  0%| F|  |TAMS 0x0000000092c00000| PB 0x0000000092c00000| Untracked 
| 129|0x0000000092d00000, 0x0000000092d00000, 0x0000000092e00000|  0%| F|  |TAMS 0x0000000092d00000| PB 0x0000000092d00000| Untracked 
| 130|0x0000000092e00000, 0x0000000092e00000, 0x0000000092f00000|  0%| F|  |TAMS 0x0000000092e00000| PB 0x0000000092e00000| Untracked 
| 131|0x0000000092f00000, 0x0000000092f00000, 0x0000000093000000|  0%| F|  |TAMS 0x0000000092f00000| PB 0x0000000092f00000| Untracked 
| 132|0x0000000093000000, 0x0000000093000000, 0x0000000093100000|  0%| F|  |TAMS 0x0000000093000000| PB 0x0000000093000000| Untracked 
| 133|0x0000000093100000, 0x0000000093100000, 0x0000000093200000|  0%| F|  |TAMS 0x0000000093100000| PB 0x0000000093100000| Untracked 
| 134|0x0000000093200000, 0x0000000093200000, 0x0000000093300000|  0%| F|  |TAMS 0x0000000093200000| PB 0x0000000093200000| Untracked 
| 135|0x0000000093300000, 0x0000000093300000, 0x0000000093400000|  0%| F|  |TAMS 0x0000000093300000| PB 0x0000000093300000| Untracked 
| 136|0x0000000093400000, 0x0000000093400000, 0x0000000093500000|  0%| F|  |TAMS 0x0000000093400000| PB 0x0000000093400000| Untracked 
| 137|0x0000000093500000, 0x0000000093500000, 0x0000000093600000|  0%| F|  |TAMS 0x0000000093500000| PB 0x0000000093500000| Untracked 
| 138|0x0000000093600000, 0x0000000093600000, 0x0000000093700000|  0%| F|  |TAMS 0x0000000093600000| PB 0x0000000093600000| Untracked 
| 139|0x0000000093700000, 0x0000000093700000, 0x0000000093800000|  0%| F|  |TAMS 0x0000000093700000| PB 0x0000000093700000| Untracked 
| 140|0x0000000093800000, 0x0000000093800000, 0x0000000093900000|  0%| F|  |TAMS 0x0000000093800000| PB 0x0000000093800000| Untracked 
| 141|0x0000000093900000, 0x0000000093900000, 0x0000000093a00000|  0%| F|  |TAMS 0x0000000093900000| PB 0x0000000093900000| Untracked 
| 142|0x0000000093a00000, 0x0000000093a00000, 0x0000000093b00000|  0%| F|  |TAMS 0x0000000093a00000| PB 0x0000000093a00000| Untracked 
| 143|0x0000000093b00000, 0x0000000093b00000, 0x0000000093c00000|  0%| F|  |TAMS 0x0000000093b00000| PB 0x0000000093b00000| Untracked 
| 144|0x0000000093c00000, 0x0000000093c00000, 0x0000000093d00000|  0%| F|  |TAMS 0x0000000093c00000| PB 0x0000000093c00000| Untracked 
| 145|0x0000000093d00000, 0x0000000093d00000, 0x0000000093e00000|  0%| F|  |TAMS 0x0000000093d00000| PB 0x0000000093d00000| Untracked 
| 146|0x0000000093e00000, 0x0000000093e00000, 0x0000000093f00000|  0%| F|  |TAMS 0x0000000093e00000| PB 0x0000000093e00000| Untracked 
| 147|0x0000000093f00000, 0x0000000093f00000, 0x0000000094000000|  0%| F|  |TAMS 0x0000000093f00000| PB 0x0000000093f00000| Untracked 
| 148|0x0000000094000000, 0x0000000094000000, 0x0000000094100000|  0%| F|  |TAMS 0x0000000094000000| PB 0x0000000094000000| Untracked 
| 149|0x0000000094100000, 0x0000000094100000, 0x0000000094200000|  0%| F|  |TAMS 0x0000000094100000| PB 0x0000000094100000| Untracked 
| 150|0x0000000094200000, 0x0000000094200000, 0x0000000094300000|  0%| F|  |TAMS 0x0000000094200000| PB 0x0000000094200000| Untracked 
| 151|0x0000000094300000, 0x0000000094300000, 0x0000000094400000|  0%| F|  |TAMS 0x0000000094300000| PB 0x0000000094300000| Untracked 
| 152|0x0000000094400000, 0x0000000094400000, 0x0000000094500000|  0%| F|  |TAMS 0x0000000094400000| PB 0x0000000094400000| Untracked 
| 153|0x0000000094500000, 0x0000000094500000, 0x0000000094600000|  0%| F|  |TAMS 0x0000000094500000| PB 0x0000000094500000| Untracked 
| 154|0x0000000094600000, 0x0000000094600000, 0x0000000094700000|  0%| F|  |TAMS 0x0000000094600000| PB 0x0000000094600000| Untracked 
| 155|0x0000000094700000, 0x0000000094700000, 0x0000000094800000|  0%| F|  |TAMS 0x0000000094700000| PB 0x0000000094700000| Untracked 
| 156|0x0000000094800000, 0x0000000094800000, 0x0000000094900000|  0%| F|  |TAMS 0x0000000094800000| PB 0x0000000094800000| Untracked 
| 157|0x0000000094900000, 0x0000000094900000, 0x0000000094a00000|  0%| F|  |TAMS 0x0000000094900000| PB 0x0000000094900000| Untracked 
| 158|0x0000000094a00000, 0x0000000094a00000, 0x0000000094b00000|  0%| F|  |TAMS 0x0000000094a00000| PB 0x0000000094a00000| Untracked 
| 159|0x0000000094b00000, 0x0000000094b00000, 0x0000000094c00000|  0%| F|  |TAMS 0x0000000094b00000| PB 0x0000000094b00000| Untracked 
|1859|0x00000000fef00000, 0x00000000fef00000, 0x00000000ff000000|  0%| F|  |TAMS 0x00000000fef00000| PB 0x00000000fef00000| Untracked 
|1860|0x00000000ff000000, 0x00000000ff000000, 0x00000000ff100000|  0%| F|  |TAMS 0x00000000ff000000| PB 0x00000000ff000000| Untracked 
|1861|0x00000000ff100000, 0x00000000ff100000, 0x00000000ff200000|  0%| F|  |TAMS 0x00000000ff100000| PB 0x00000000ff100000| Untracked 
|1862|0x00000000ff200000, 0x00000000ff200000, 0x00000000ff300000|  0%| F|  |TAMS 0x00000000ff200000| PB 0x00000000ff200000| Untracked 
|1863|0x00000000ff300000, 0x00000000ff300000, 0x00000000ff400000|  0%| F|  |TAMS 0x00000000ff300000| PB 0x00000000ff300000| Untracked 
|1864|0x00000000ff400000, 0x00000000ff400000, 0x00000000ff500000|  0%| F|  |TAMS 0x00000000ff400000| PB 0x00000000ff400000| Untracked 
|1865|0x00000000ff500000, 0x00000000ff500000, 0x00000000ff600000|  0%| F|  |TAMS 0x00000000ff500000| PB 0x00000000ff500000| Untracked 
|1866|0x00000000ff600000, 0x00000000ff600000, 0x00000000ff700000|  0%| F|  |TAMS 0x00000000ff600000| PB 0x00000000ff600000| Untracked 
|1867|0x00000000ff700000, 0x00000000ff700000, 0x00000000ff800000|  0%| F|  |TAMS 0x00000000ff700000| PB 0x00000000ff700000| Untracked 
|1868|0x00000000ff800000, 0x00000000ff800000, 0x00000000ff900000|  0%| F|  |TAMS 0x00000000ff800000| PB 0x00000000ff800000| Untracked 
|1869|0x00000000ff900000, 0x00000000ffa00000, 0x00000000ffa00000|100%| O|  |TAMS 0x00000000ffa00000| PB 0x00000000ff900000| Untracked 
|1870|0x00000000ffa00000, 0x00000000ffb00000, 0x00000000ffb00000|100%| O|  |TAMS 0x00000000ffb00000| PB 0x00000000ffa00000| Untracked 
|1871|0x00000000ffb00000, 0x00000000ffc00000, 0x00000000ffc00000|100%| O|  |TAMS 0x00000000ffc00000| PB 0x00000000ffb00000| Untracked 
|1872|0x00000000ffc00000, 0x00000000ffd00000, 0x00000000ffd00000|100%| O|  |TAMS 0x00000000ffd00000| PB 0x00000000ffc00000| Untracked 
|1873|0x00000000ffd00000, 0x00000000ffe00000, 0x00000000ffe00000|100%| O|  |TAMS 0x00000000ffe00000| PB 0x00000000ffd00000| Untracked 
|1874|0x00000000ffe00000, 0x00000000fff00000, 0x00000000fff00000|100%| O|  |TAMS 0x00000000fff00000| PB 0x00000000ffe00000| Untracked 
|1875|0x00000000fff00000, 0x0000000100000000, 0x0000000100000000|100%| O|  |TAMS 0x0000000100000000| PB 0x00000000fff00000| Untracked 

Card table byte_map: [0x0000025de97f0000,0x0000025de9ba0000] _byte_map_base: 0x0000025de939a000

Marking Bits: (CMBitMap*) 0x0000025dd4c98970
 Bits: [0x0000025de9ba0000, 0x0000025deb8f0000)

Polling page: 0x0000025dd65b0000

Metaspace:

Usage:
  Non-class:     58.00 MB used.
      Class:      9.32 MB used.
       Both:     67.32 MB used.

Virtual space:
  Non-class space:       64.00 MB reserved,      58.38 MB ( 91%) committed,  1 nodes.
      Class space:        1.00 GB reserved,       9.62 MB ( <1%) committed,  1 nodes.
             Both:        1.06 GB reserved,      68.00 MB (  6%) committed. 

Chunk freelists:
   Non-Class:  4.92 MB
       Class:  6.31 MB
        Both:  11.23 MB

MaxMetaspaceSize: unlimited
CompressedClassSpaceSize: 1.00 GB
Initial GC threshold: 21.00 MB
Current GC threshold: 113.38 MB
CDS: on
 - commit_granule_bytes: 65536.
 - commit_granule_words: 8192.
 - virtual_space_node_default_size: 8388608.
 - enlarge_chunks_in_place: 1.
 - use_allocation_guard: 0.


Internal statistics:

num_allocs_failed_limit: 9.
num_arena_births: 922.
num_arena_deaths: 0.
num_vsnodes_births: 2.
num_vsnodes_deaths: 0.
num_space_committed: 1088.
num_space_uncommitted: 0.
num_chunks_returned_to_freelist: 9.
num_chunks_taken_from_freelist: 3411.
num_chunk_merges: 9.
num_chunk_splits: 2504.
num_chunks_enlarged: 1999.
num_inconsistent_stats: 0.

CodeHeap 'non-profiled nmethods': size=120000Kb used=3783Kb max_used=4232Kb free=116216Kb
 bounds [0x0000025de1270000, 0x0000025de16a0000, 0x0000025de87a0000]
CodeHeap 'profiled nmethods': size=120000Kb used=10969Kb max_used=12182Kb free=109030Kb
 bounds [0x0000025dd97a0000, 0x0000025dda390000, 0x0000025de0cd0000]
CodeHeap 'non-nmethods': size=5760Kb used=1682Kb max_used=1732Kb free=4077Kb
 bounds [0x0000025de0cd0000, 0x0000025de0f40000, 0x0000025de1270000]
 total_blobs=6658 nmethods=5940 adapters=621
 compilation: enabled
              stopped_count=0, restarted_count=0
 full_count=0

Compilation events (20 events):
Event: 13.782 Thread 0x0000025dee56edf0 nmethod 7142 0x0000025de143bf90 code [0x0000025de143c120, 0x0000025de143c1b8]
Event: 13.793 Thread 0x0000025dee57d170 7143       3       org.antlr.v4.runtime.atn.ParserATNSimulator::closure (44 bytes)
Event: 13.793 Thread 0x0000025dee57d170 nmethod 7143 0x0000025dd9982f90 code [0x0000025dd9983140, 0x0000025dd9983338]
Event: 13.793 Thread 0x0000025dee57d170 7144       3       org.antlr.v4.runtime.Parser::enterOuterAlt (51 bytes)
Event: 13.794 Thread 0x0000025dee56edf0 7145       4       org.antlr.v4.runtime.atn.ParserATNSimulator::computeReachSet (575 bytes)
Event: 13.794 Thread 0x0000025dee57d170 nmethod 7144 0x0000025dd99a8a90 code [0x0000025dd99a8ce0, 0x0000025dd99a9900]
Event: 13.794 Thread 0x0000025dee57d170 7146       3       java.lang.StrictMath::floor (12 bytes)
Event: 13.794 Thread 0x0000025dee57d170 nmethod 7146 0x0000025dd9800c10 code [0x0000025dd9800de0, 0x0000025dd9800f10]
Event: 13.794 Thread 0x0000025dee57d170 7147       3       org.antlr.v4.runtime.CommonTokenStream::LB (69 bytes)
Event: 13.795 Thread 0x0000025dee57d170 nmethod 7147 0x0000025dd97a1f10 code [0x0000025dd97a2100, 0x0000025dd97a26a0]
Event: 13.795 Thread 0x0000025dee57d170 7148       3       org.antlr.v4.runtime.Parser::enterRule (50 bytes)
Event: 13.796 Thread 0x0000025dee57d170 nmethod 7148 0x0000025dd9968190 code [0x0000025dd99683a0, 0x0000025dd9968c30]
Event: 13.796 Thread 0x0000025dee57d170 7149       3       org.antlr.v4.runtime.Parser::addContextToParseTree (25 bytes)
Event: 13.797 Thread 0x0000025dee57d170 nmethod 7149 0x0000025dd989a010 code [0x0000025dd989a220, 0x0000025dd989a9c8]
Event: 13.797 Thread 0x0000025dee57d170 7150       1       org.antlr.v4.runtime.Parser::getTokenStream (5 bytes)
Event: 13.797 Thread 0x0000025dee57d170 nmethod 7150 0x0000025de15eed10 code [0x0000025de15eeea0, 0x0000025de15eef68]
Event: 13.797 Thread 0x0000025dee57d170 7152       1       org.antlr.v4.runtime.misc.IntegerList::size (5 bytes)
Event: 13.797 Thread 0x0000025dee57d170 nmethod 7152 0x0000025de12d4990 code [0x0000025de12d4b20, 0x0000025de12d4be8]
Event: 13.797 Thread 0x0000025dee57d170 7151       1       org.antlr.v4.runtime.tree.TerminalNodeImpl::setParent (6 bytes)
Event: 13.797 Thread 0x0000025dee57d170 nmethod 7151 0x0000025de135a490 code [0x0000025de135a620, 0x0000025de135a730]

GC Heap History (20 events):
Event: 11.082 GC heap after
{Heap after GC invocations=11 (full 0):
 garbage-first heap   total 107520K, used 31091K [0x000000008ac00000, 0x0000000100000000)
  region size 1024K, 4 young (4096K), 4 survivors (4096K)
 Metaspace       used 59563K, committed 60096K, reserved 1114112K
  class space    used 8009K, committed 8256K, reserved 1048576K
}
Event: 12.624 GC heap before
{Heap before GC invocations=12 (full 0):
 garbage-first heap   total 106496K, used 90483K [0x000000008ac00000, 0x0000000100000000)
  region size 1024K, 62 young (63488K), 4 survivors (4096K)
 Metaspace       used 67097K, committed 67776K, reserved 1114112K
  class space    used 9167K, committed 9472K, reserved 1048576K
}
Event: 12.634 GC heap after
{Heap after GC invocations=13 (full 0):
 garbage-first heap   total 106496K, used 37964K [0x000000008ac00000, 0x0000000100000000)
  region size 1024K, 8 young (8192K), 8 survivors (8192K)
 Metaspace       used 67097K, committed 67776K, reserved 1114112K
  class space    used 9167K, committed 9472K, reserved 1048576K
}
Event: 12.886 GC heap before
{Heap before GC invocations=13 (full 0):
 garbage-first heap   total 106496K, used 91212K [0x000000008ac00000, 0x0000000100000000)
  region size 1024K, 59 young (60416K), 8 survivors (8192K)
 Metaspace       used 67115K, committed 67776K, reserved 1114112K
  class space    used 9168K, committed 9472K, reserved 1048576K
}
Event: 12.907 GC heap after
{Heap after GC invocations=14 (full 0):
 garbage-first heap   total 117760K, used 56320K [0x000000008ac00000, 0x0000000100000000)
  region size 1024K, 8 young (8192K), 8 survivors (8192K)
 Metaspace       used 67115K, committed 67776K, reserved 1114112K
  class space    used 9168K, committed 9472K, reserved 1048576K
}
Event: 13.000 GC heap before
{Heap before GC invocations=14 (full 0):
 garbage-first heap   total 117760K, used 96256K [0x000000008ac00000, 0x0000000100000000)
  region size 1024K, 47 young (48128K), 8 survivors (8192K)
 Metaspace       used 67139K, committed 67840K, reserved 1114112K
  class space    used 9168K, committed 9472K, reserved 1048576K
}
Event: 13.010 GC heap after
{Heap after GC invocations=15 (full 0):
 garbage-first heap   total 117760K, used 62678K [0x000000008ac00000, 0x0000000100000000)
  region size 1024K, 5 young (5120K), 5 survivors (5120K)
 Metaspace       used 67139K, committed 67840K, reserved 1114112K
  class space    used 9168K, committed 9472K, reserved 1048576K
}
Event: 13.259 GC heap before
{Heap before GC invocations=15 (full 0):
 garbage-first heap   total 117760K, used 98518K [0x000000008ac00000, 0x0000000100000000)
  region size 1024K, 41 young (41984K), 5 survivors (5120K)
 Metaspace       used 68930K, committed 69632K, reserved 1114112K
  class space    used 9544K, committed 9856K, reserved 1048576K
}
Event: 13.266 GC heap after
{Heap after GC invocations=16 (full 0):
 garbage-first heap   total 117760K, used 68052K [0x000000008ac00000, 0x0000000100000000)
  region size 1024K, 6 young (6144K), 6 survivors (6144K)
 Metaspace       used 68930K, committed 69632K, reserved 1114112K
  class space    used 9544K, committed 9856K, reserved 1048576K
}
Event: 13.355 GC heap before
{Heap before GC invocations=17 (full 0):
 garbage-first heap   total 117760K, used 93652K [0x000000008ac00000, 0x0000000100000000)
  region size 1024K, 38 young (38912K), 6 survivors (6144K)
 Metaspace       used 68931K, committed 69632K, reserved 1114112K
  class space    used 9544K, committed 9856K, reserved 1048576K
}
Event: 13.369 GC heap after
{Heap after GC invocations=18 (full 0):
 garbage-first heap   total 181248K, used 72379K [0x000000008ac00000, 0x0000000100000000)
  region size 1024K, 5 young (5120K), 5 survivors (5120K)
 Metaspace       used 68931K, committed 69632K, reserved 1114112K
  class space    used 9544K, committed 9856K, reserved 1048576K
}
Event: 13.511 GC heap before
{Heap before GC invocations=18 (full 0):
 garbage-first heap   total 181248K, used 137915K [0x000000008ac00000, 0x0000000100000000)
  region size 1024K, 68 young (69632K), 5 survivors (5120K)
 Metaspace       used 68932K, committed 69632K, reserved 1114112K
  class space    used 9544K, committed 9856K, reserved 1048576K
}
Event: 13.533 GC heap after
{Heap after GC invocations=19 (full 0):
 garbage-first heap   total 181248K, used 84992K [0x000000008ac00000, 0x0000000100000000)
  region size 1024K, 9 young (9216K), 9 survivors (9216K)
 Metaspace       used 68932K, committed 69632K, reserved 1114112K
  class space    used 9544K, committed 9856K, reserved 1048576K
}
Event: 13.587 GC heap before
{Heap before GC invocations=19 (full 0):
 garbage-first heap   total 181248K, used 120832K [0x000000008ac00000, 0x0000000100000000)
  region size 1024K, 45 young (46080K), 9 survivors (9216K)
 Metaspace       used 68934K, committed 69632K, reserved 1114112K
  class space    used 9544K, committed 9856K, reserved 1048576K
}
Event: 13.604 GC heap after
{Heap after GC invocations=20 (full 0):
 garbage-first heap   total 181248K, used 100352K [0x000000008ac00000, 0x0000000100000000)
  region size 1024K, 8 young (8192K), 8 survivors (8192K)
 Metaspace       used 68934K, committed 69632K, reserved 1114112K
  class space    used 9544K, committed 9856K, reserved 1048576K
}
Event: 13.699 GC heap before
{Heap before GC invocations=21 (full 0):
 garbage-first heap   total 181248K, used 139264K [0x000000008ac00000, 0x0000000100000000)
  region size 1024K, 51 young (52224K), 8 survivors (8192K)
 Metaspace       used 68934K, committed 69632K, reserved 1114112K
  class space    used 9544K, committed 9856K, reserved 1048576K
}
Event: 13.719 GC heap after
{Heap after GC invocations=22 (full 0):
 garbage-first heap   total 181248K, used 109940K [0x000000008ac00000, 0x0000000100000000)
  region size 1024K, 7 young (7168K), 7 survivors (7168K)
 Metaspace       used 68934K, committed 69632K, reserved 1114112K
  class space    used 9544K, committed 9856K, reserved 1048576K
}
Event: 13.769 GC heap before
{Heap before GC invocations=22 (full 0):
 garbage-first heap   total 181248K, used 147828K [0x000000008ac00000, 0x0000000100000000)
  region size 1024K, 44 young (45056K), 7 survivors (7168K)
 Metaspace       used 68934K, committed 69632K, reserved 1114112K
  class space    used 9544K, committed 9856K, reserved 1048576K
}
Event: 13.779 GC heap after
{Heap after GC invocations=23 (full 0):
 garbage-first heap   total 181248K, used 105739K [0x000000008ac00000, 0x0000000100000000)
  region size 1024K, 6 young (6144K), 6 survivors (6144K)
 Metaspace       used 68934K, committed 69632K, reserved 1114112K
  class space    used 9544K, committed 9856K, reserved 1048576K
}
Event: 13.836 GC heap before
{Heap before GC invocations=23 (full 0):
 garbage-first heap   total 181248K, used 147723K [0x000000008ac00000, 0x0000000100000000)
  region size 1024K, 47 young (48128K), 6 survivors (6144K)
 Metaspace       used 68934K, committed 69632K, reserved 1114112K
  class space    used 9544K, committed 9856K, reserved 1048576K
}

Dll operation events (11 events):
Event: 0.012 Loaded shared library C:\Users\HP\.vscode\extensions\redhat.java-1.41.1-win32-x64\jre\21.0.6-win32-x86_64\bin\java.dll
Event: 0.123 Loaded shared library C:\Users\HP\.vscode\extensions\redhat.java-1.41.1-win32-x64\jre\21.0.6-win32-x86_64\bin\zip.dll
Event: 0.267 Loaded shared library C:\Users\HP\.vscode\extensions\redhat.java-1.41.1-win32-x64\jre\21.0.6-win32-x86_64\bin\net.dll
Event: 0.269 Loaded shared library C:\Users\HP\.vscode\extensions\redhat.java-1.41.1-win32-x64\jre\21.0.6-win32-x86_64\bin\nio.dll
Event: 0.273 Loaded shared library C:\Users\HP\.vscode\extensions\redhat.java-1.41.1-win32-x64\jre\21.0.6-win32-x86_64\bin\zip.dll
Event: 0.495 Loaded shared library C:\Users\HP\.vscode\extensions\redhat.java-1.41.1-win32-x64\jre\21.0.6-win32-x86_64\bin\jimage.dll
Event: 3.328 Loaded shared library C:\Users\HP\.vscode\extensions\redhat.java-1.41.1-win32-x64\jre\21.0.6-win32-x86_64\bin\sunmscapi.dll
Event: 6.684 Loaded shared library C:\Users\HP\.vscode\extensions\redhat.java-1.41.1-win32-x64\jre\21.0.6-win32-x86_64\bin\management.dll
Event: 6.691 Loaded shared library C:\Users\HP\.vscode\extensions\redhat.java-1.41.1-win32-x64\jre\21.0.6-win32-x86_64\bin\management_ext.dll
Event: 7.950 Loaded shared library C:\Users\HP\.vscode\extensions\redhat.java-1.41.1-win32-x64\jre\21.0.6-win32-x86_64\bin\verify.dll
Event: 8.824 Loaded shared library C:\Users\HP\.vscode\extensions\redhat.java-1.41.1-win32-x64\jre\21.0.6-win32-x86_64\bin\extnet.dll

Deoptimization events (20 events):
Event: 13.476 Thread 0x0000025dd4c3de80 DEOPT PACKING pc=0x0000025de135b740 sp=0x000000aa80afaa20
Event: 13.476 Thread 0x0000025dd4c3de80 DEOPT UNPACKING pc=0x0000025de0d246a2 sp=0x000000aa80afa9b8 mode 2
Event: 13.477 Thread 0x0000025dd4c3de80 DEOPT PACKING pc=0x0000025dda35bd1f sp=0x000000aa80afbd10
Event: 13.477 Thread 0x0000025dd4c3de80 DEOPT UNPACKING pc=0x0000025de0d24e42 sp=0x000000aa80afb230 mode 0
Event: 13.477 Thread 0x0000025dd4c3de80 DEOPT PACKING pc=0x0000025dda35a29d sp=0x000000aa80afbf20
Event: 13.477 Thread 0x0000025dd4c3de80 DEOPT UNPACKING pc=0x0000025de0d24e42 sp=0x000000aa80afb458 mode 0
Event: 13.534 Thread 0x0000025dd4c3de80 DEOPT PACKING pc=0x0000025dd9dfe8cb sp=0x000000aa80afbe10
Event: 13.534 Thread 0x0000025dd4c3de80 DEOPT UNPACKING pc=0x0000025de0d24e42 sp=0x000000aa80afb290 mode 0
Event: 13.535 Thread 0x0000025dd4c3de80 Uncommon trap: trap_request=0xffffffde fr.pc=0x0000025de135b740 relative=0x0000000000000640
Event: 13.535 Thread 0x0000025dd4c3de80 Uncommon trap: reason=class_check action=maybe_recompile pc=0x0000025de135b740 method=org.antlr.v4.runtime.atn.ParserATNSimulator.canDropLoopEntryEdgeInLeftRecursiveRule(Lorg/antlr/v4/runtime/atn/ATNConfig;)Z @ 193 c2
Event: 13.535 Thread 0x0000025dd4c3de80 DEOPT PACKING pc=0x0000025de135b740 sp=0x000000aa80afa540
Event: 13.535 Thread 0x0000025dd4c3de80 DEOPT UNPACKING pc=0x0000025de0d246a2 sp=0x000000aa80afa4d8 mode 2
Event: 13.732 Thread 0x0000025dd4c3de80 Uncommon trap: trap_request=0xffffff45 fr.pc=0x0000025de1672908 relative=0x0000000000000068
Event: 13.732 Thread 0x0000025dd4c3de80 Uncommon trap: reason=unstable_if action=reinterpret pc=0x0000025de1672908 method=org.antlr.v4.runtime.atn.EmptyPredictionContext.equals(Ljava/lang/Object;)Z @ 2 c2
Event: 13.732 Thread 0x0000025dd4c3de80 DEOPT PACKING pc=0x0000025de1672908 sp=0x000000aa80afa590
Event: 13.732 Thread 0x0000025dd4c3de80 DEOPT UNPACKING pc=0x0000025de0d246a2 sp=0x000000aa80afa518 mode 2
Event: 13.733 Thread 0x0000025dd4c3de80 DEOPT PACKING pc=0x0000025dda36209b sp=0x000000aa80afb800
Event: 13.733 Thread 0x0000025dd4c3de80 DEOPT UNPACKING pc=0x0000025de0d24e42 sp=0x000000aa80aface8 mode 0
Event: 13.794 Thread 0x0000025dd4c3de80 DEOPT PACKING pc=0x0000025dda1852c3 sp=0x000000aa80afb790
Event: 13.794 Thread 0x0000025dd4c3de80 DEOPT UNPACKING pc=0x0000025de0d24e42 sp=0x000000aa80afad28 mode 0

Classes loaded (20 events):
Event: 11.902 Loading class java/util/regex/Pattern$SliceI
Event: 11.902 Loading class java/util/regex/Pattern$SliceI done
Event: 11.902 Loading class java/util/regex/Pattern$LookBehindEndNode
Event: 11.902 Loading class java/util/regex/Pattern$LookBehindEndNode done
Event: 11.902 Loading class java/util/regex/Pattern$NotBehind
Event: 11.902 Loading class java/util/regex/Pattern$NotBehind done
Event: 11.903 Loading class java/util/regex/Pattern$Behind
Event: 11.903 Loading class java/util/regex/Pattern$Behind done
Event: 11.981 Loading class java/util/stream/SortedOps$SizedRefSortingSink
Event: 11.981 Loading class java/util/stream/SortedOps$SizedRefSortingSink done
Event: 12.003 Loading class javax/net/ssl/SSLException
Event: 12.004 Loading class javax/net/ssl/SSLException done
Event: 12.029 Loading class java/nio/channels/CompletionHandler
Event: 12.029 Loading class java/nio/channels/CompletionHandler done
Event: 12.101 Loading class java/util/WeakHashMap$KeyIterator
Event: 12.102 Loading class java/util/WeakHashMap$KeyIterator done
Event: 12.203 Loading class java/util/EmptyStackException
Event: 12.203 Loading class java/util/EmptyStackException done
Event: 12.395 Loading class java/io/InvalidClassException
Event: 12.395 Loading class java/io/InvalidClassException done

Classes unloaded (0 events):
No events

Classes redefined (0 events):
No events

Internal exceptions (20 events):
Event: 10.951 Thread 0x0000025dd4c3de80 Exception <a 'java/lang/NoSuchMethodError'{0x00000000906117d0}: 'java.lang.Object java.lang.invoke.DirectMethodHandle$Holder.newInvokeSpecial(java.lang.Object, java.lang.Object, java.lang.Object, java.lang.Object, java.lang.Object, int, java.lang.Object)'> (0x00000000906117d0) 
thrown [s\src\hotspot\share\interpreter\linkResolver.cpp, line 773]
Event: 10.956 Thread 0x0000025dd4c3de80 Exception <a 'java/lang/NoSuchMethodError'{0x0000000090649718}: 'java.lang.Object java.lang.invoke.DirectMethodHandle$Holder.newInvokeSpecial(java.lang.Object, java.lang.Object, java.lang.Object, java.lang.Object, java.lang.Object, java.lang.Object, java.lang.Object, java.lang.Object, java.lang.Object, java.lang.Object, java.lang.Object, java.lang.Object)'> (0x0000000090649718) 
thrown [s\src\hotspot\share\interpreter\linkResolver.cpp, line 773]
Event: 10.957 Thread 0x0000025dd4c3de80 Exception <a 'java/lang/NoSuchMethodError'{0x000000009064e7e0}: 'java.lang.Object java.lang.invoke.DirectMethodHandle$Holder.invokeSpecial(java.lang.Object, java.lang.Object, java.lang.Object, java.lang.Object, java.lang.Object, java.lang.Object, java.lang.Object, java.lang.Object, java.lang.Object, java.lang.Object, java.lang.Object, java.lang.Object, java.lang.Object)'> (0x000000009064e7e0) 
thrown [s\src\hotspot\share\interpreter\linkResolver.cpp, line 773]
Event: 10.957 Thread 0x0000025dd4c3de80 Exception <a 'java/lang/NoSuchMethodError'{0x00000000906534d8}: 'java.lang.Object java.lang.invoke.Invokers$Holder.linkToTargetMethod(java.lang.Object, java.lang.Object, java.lang.Object, java.lang.Object, java.lang.Object, java.lang.Object, java.lang.Object, java.lang.Object, java.lang.Object, java.lang.Object, java.lang.Object, java.lang.Object)'> (0x00000000906534d8) 
thrown [s\src\hotspot\share\interpreter\linkResolver.cpp, line 773]
Event: 10.991 Thread 0x0000025dd4c3de80 Exception <a 'java/lang/IncompatibleClassChangeError'{0x00000000905e6270}: Found class java.lang.Object, but interface was expected> (0x00000000905e6270) 
thrown [s\src\hotspot\share\interpreter\linkResolver.cpp, line 840]
Event: 11.003 Thread 0x0000025dd4c3de80 Exception <a 'java/lang/NoSuchMethodError'{0x0000000090472fb0}: 'java.lang.Object java.lang.invoke.DirectMethodHandle$Holder.newInvokeSpecial(java.lang.Object, java.lang.Object, java.lang.Object, java.lang.Object, java.lang.Object, java.lang.Object, java.lang.Object, int)'> (0x0000000090472fb0) 
thrown [s\src\hotspot\share\interpreter\linkResolver.cpp, line 773]
Event: 11.003 Thread 0x0000025dd4c3de80 Exception <a 'java/lang/NoSuchMethodError'{0x0000000090477d60}: 'java.lang.Object java.lang.invoke.DirectMethodHandle$Holder.invokeSpecial(java.lang.Object, java.lang.Object, java.lang.Object, java.lang.Object, java.lang.Object, java.lang.Object, java.lang.Object, java.lang.Object, int)'> (0x0000000090477d60) 
thrown [s\src\hotspot\share\interpreter\linkResolver.cpp, line 773]
Event: 11.003 Thread 0x0000025dd4c3de80 Exception <a 'java/lang/NoSuchMethodError'{0x000000009047c598}: 'java.lang.Object java.lang.invoke.Invokers$Holder.linkToTargetMethod(java.lang.Object, java.lang.Object, java.lang.Object, java.lang.Object, java.lang.Object, java.lang.Object, int, java.lang.Object)'> (0x000000009047c598) 
thrown [s\src\hotspot\share\interpreter\linkResolver.cpp, line 773]
Event: 11.029 Thread 0x0000025dd4c3de80 Exception <a 'java/lang/NoSuchMethodError'{0x0000000090398ba8}: 'java.lang.Object java.lang.invoke.DirectMethodHandle$Holder.newInvokeSpecial(java.lang.Object, java.lang.Object, int, java.lang.Object, int, java.lang.Object, java.lang.Object)'> (0x0000000090398ba8) 
thrown [s\src\hotspot\share\interpreter\linkResolver.cpp, line 773]
Event: 11.052 Thread 0x0000025dd4c3de80 Exception <a 'java/lang/NoSuchMethodError'{0x000000009025e2e8}: 'void java.lang.invoke.DirectMethodHandle$Holder.invokeInterface(java.lang.Object, java.lang.Object)'> (0x000000009025e2e8) 
thrown [s\src\hotspot\share\interpreter\linkResolver.cpp, line 773]
Event: 11.414 Thread 0x0000025dd4c3de80 Exception <a 'java/lang/NoSuchMethodError'{0x0000000090712638}: 'java.lang.Object java.lang.invoke.DirectMethodHandle$Holder.invokeSpecial(java.lang.Object, java.lang.Object, int, java.lang.Object, int)'> (0x0000000090712638) 
thrown [s\src\hotspot\share\interpreter\linkResolver.cpp, line 773]
Event: 11.472 Thread 0x0000025dd4c3de80 Implicit null exception at 0x0000025de15dea4c to 0x0000025de15def30
Event: 11.472 Thread 0x0000025dd4c3de80 Implicit null exception at 0x0000025de15eeeba to 0x0000025de15eeef4
Event: 11.505 Thread 0x0000025dd4c3de80 Implicit null exception at 0x0000025de15c6198 to 0x0000025de15c7c0c
Event: 11.516 Thread 0x0000025dd4c3de80 Exception <a 'java/lang/IncompatibleClassChangeError'{0x0000000090377860}: Found class java.lang.Object, but interface was expected> (0x0000000090377860) 
thrown [s\src\hotspot\share\interpreter\linkResolver.cpp, line 840]
Event: 11.551 Thread 0x0000025dd4c3de80 Implicit null exception at 0x0000025de15a7e77 to 0x0000025de15a80e0
Event: 11.575 Thread 0x0000025dd4c3de80 Exception <a 'java/lang/IncompatibleClassChangeError'{0x0000000090123c78}: Found class java.lang.Object, but interface was expected> (0x0000000090123c78) 
thrown [s\src\hotspot\share\interpreter\linkResolver.cpp, line 840]
Event: 11.752 Thread 0x0000025dd4c3de80 Exception <a 'java/lang/IncompatibleClassChangeError'{0x000000008f71d858}: Found class java.lang.Object, but interface was expected> (0x000000008f71d858) 
thrown [s\src\hotspot\share\interpreter\linkResolver.cpp, line 840]
Event: 11.861 Thread 0x0000025dd4c3de80 Exception <a 'java/lang/IncompatibleClassChangeError'{0x000000008f5eaca8}: Found class java.lang.Object, but interface was expected> (0x000000008f5eaca8) 
thrown [s\src\hotspot\share\interpreter\linkResolver.cpp, line 840]
Event: 12.029 Thread 0x0000025dd4c3de80 Exception <a 'java/lang/NoSuchMethodError'{0x000000008f07a6e0}: 'long java.lang.invoke.DirectMethodHandle$Holder.invokeVirtual(java.lang.Object, java.lang.Object)'> (0x000000008f07a6e0) 
thrown [s\src\hotspot\share\interpreter\linkResolver.cpp, line 773]

ZGC Phase Switch (0 events):
No events

VM Operations (20 events):
Event: 13.266 Executing VM operation: G1CollectForAllocation (G1 Evacuation Pause) done
Event: 13.292 Executing VM operation: G1PauseRemark
Event: 13.297 Executing VM operation: G1PauseRemark done
Event: 13.307 Executing VM operation: G1PauseCleanup
Event: 13.308 Executing VM operation: G1PauseCleanup done
Event: 13.355 Executing VM operation: G1CollectForAllocation (G1 Evacuation Pause)
Event: 13.369 Executing VM operation: G1CollectForAllocation (G1 Evacuation Pause) done
Event: 13.511 Executing VM operation: G1CollectForAllocation (G1 Evacuation Pause)
Event: 13.533 Executing VM operation: G1CollectForAllocation (G1 Evacuation Pause) done
Event: 13.587 Executing VM operation: G1TryInitiateConcMark (G1 Humongous Allocation)
Event: 13.604 Executing VM operation: G1TryInitiateConcMark (G1 Humongous Allocation) done
Event: 13.636 Executing VM operation: G1PauseRemark
Event: 13.640 Executing VM operation: G1PauseRemark done
Event: 13.659 Executing VM operation: G1PauseCleanup
Event: 13.659 Executing VM operation: G1PauseCleanup done
Event: 13.699 Executing VM operation: G1CollectForAllocation (G1 Evacuation Pause)
Event: 13.719 Executing VM operation: G1CollectForAllocation (G1 Evacuation Pause) done
Event: 13.769 Executing VM operation: G1CollectForAllocation (G1 Evacuation Pause)
Event: 13.779 Executing VM operation: G1CollectForAllocation (G1 Evacuation Pause) done
Event: 13.836 Executing VM operation: G1CollectForAllocation (G1 Evacuation Pause)

Memory protections (0 events):
No events

Nmethod flushes (20 events):
Event: 13.639 Thread 0x0000025dee53bcb0 flushing  nmethod 0x0000025de1575390
Event: 13.639 Thread 0x0000025dee53bcb0 flushing  nmethod 0x0000025de15eed10
Event: 13.639 Thread 0x0000025dee53bcb0 flushing  nmethod 0x0000025dd98d7c10
Event: 13.639 Thread 0x0000025dee53bcb0 flushing  nmethod 0x0000025dd995dd10
Event: 13.639 Thread 0x0000025dee53bcb0 flushing  nmethod 0x0000025dd995f010
Event: 13.639 Thread 0x0000025dee53bcb0 flushing  nmethod 0x0000025dd9960110
Event: 13.639 Thread 0x0000025dee53bcb0 flushing  nmethod 0x0000025dd9a05490
Event: 13.639 Thread 0x0000025dee53bcb0 flushing  nmethod 0x0000025dd9c3d690
Event: 13.639 Thread 0x0000025dee53bcb0 flushing  nmethod 0x0000025dd9e56410
Event: 13.639 Thread 0x0000025dee53bcb0 flushing  nmethod 0x0000025dd9e9e090
Event: 13.639 Thread 0x0000025dee53bcb0 flushing  nmethod 0x0000025dd9f32810
Event: 13.639 Thread 0x0000025dee53bcb0 flushing  nmethod 0x0000025dda338d10
Event: 13.639 Thread 0x0000025dee53bcb0 flushing  nmethod 0x0000025dda33a890
Event: 13.639 Thread 0x0000025dee53bcb0 flushing  nmethod 0x0000025dda33b110
Event: 13.639 Thread 0x0000025dee53bcb0 flushing  nmethod 0x0000025dda33b690
Event: 13.639 Thread 0x0000025dee53bcb0 flushing  nmethod 0x0000025dda33bb90
Event: 13.639 Thread 0x0000025dee53bcb0 flushing  nmethod 0x0000025dda33c210
Event: 13.639 Thread 0x0000025dee53bcb0 flushing  nmethod 0x0000025dda33d110
Event: 13.639 Thread 0x0000025dee53bcb0 flushing  nmethod 0x0000025dda33de10
Event: 13.639 Thread 0x0000025dee53bcb0 flushing  nmethod 0x0000025dda345f90

Events (20 events):
Event: 0.290 Thread 0x0000025dee56edf0 Thread added: 0x0000025dee757580
Event: 0.998 Thread 0x0000025dee757580 Thread exited: 0x0000025dee757580
Event: 1.726 Thread 0x0000025dee57d170 Thread added: 0x0000025df3534820
Event: 1.894 Thread 0x0000025dd4c3de80 Thread added: 0x0000025df3e7a8f0
Event: 3.096 Thread 0x0000025dd4c3de80 Thread added: 0x0000025df455fe40
Event: 3.133 Thread 0x0000025df455fe40 Thread exited: 0x0000025df455fe40
Event: 3.358 Thread 0x0000025df3e7a8f0 Thread exited: 0x0000025df3e7a8f0
Event: 7.004 Thread 0x0000025dd4c3de80 Thread added: 0x0000025df43e1030
Event: 9.039 Thread 0x0000025dd4c3de80 Thread added: 0x0000025df4e71180
Event: 9.148 Thread 0x0000025df4e71180 Thread added: 0x0000025df4190f10
Event: 9.997 Thread 0x0000025df3534820 Thread exited: 0x0000025df3534820
Event: 10.236 Thread 0x0000025dee57d170 Thread added: 0x0000025df5b019d0
Event: 10.585 Thread 0x0000025df5b019d0 Thread exited: 0x0000025df5b019d0
Event: 10.594 Thread 0x0000025dee57d170 Thread added: 0x0000025df5b019d0
Event: 11.000 Thread 0x0000025df5b019d0 Thread exited: 0x0000025df5b019d0
Event: 11.491 Thread 0x0000025dee57d170 Thread added: 0x0000025df34f1240
Event: 12.050 Thread 0x0000025dd4c3de80 Thread added: 0x0000025df4cc9c90
Event: 12.052 Thread 0x0000025df4cc9c90 Thread added: 0x0000025df43644c0
Event: 12.059 Thread 0x0000025dd4c3de80 Thread added: 0x0000025df403ea20
Event: 13.681 Thread 0x0000025df34f1240 Thread exited: 0x0000025df34f1240


Dynamic libraries:
0x00007ff7d2c80000 - 0x00007ff7d2c8e000 	C:\Users\HP\.vscode\extensions\redhat.java-1.41.1-win32-x64\jre\21.0.6-win32-x86_64\bin\java.exe
0x00007ff9537a0000 - 0x00007ff953a00000 	C:\WINDOWS\SYSTEM32\ntdll.dll
0x00007ff9524b0000 - 0x00007ff952577000 	C:\WINDOWS\System32\KERNEL32.DLL
0x00007ff950b80000 - 0x00007ff950f4b000 	C:\WINDOWS\System32\KERNELBASE.dll
0x00007ff951090000 - 0x00007ff9511db000 	C:\WINDOWS\System32\ucrtbase.dll
0x00007ff93bd00000 - 0x00007ff93bd1e000 	C:\Users\HP\.vscode\extensions\redhat.java-1.41.1-win32-x64\jre\21.0.6-win32-x86_64\bin\VCRUNTIME140.dll
0x00007ff93c750000 - 0x00007ff93c768000 	C:\Users\HP\.vscode\extensions\redhat.java-1.41.1-win32-x64\jre\21.0.6-win32-x86_64\bin\jli.dll
0x00007ff952790000 - 0x00007ff95295c000 	C:\WINDOWS\System32\USER32.dll
0x00007ff936ba0000 - 0x00007ff936e37000 	C:\WINDOWS\WinSxS\amd64_microsoft.windows.common-controls_6595b64144ccf1df_6.0.26100.3624_none_3e086962e3345f24\COMCTL32.dll
0x00007ff9511e0000 - 0x00007ff951207000 	C:\WINDOWS\System32\win32u.dll
0x00007ff951970000 - 0x00007ff951a19000 	C:\WINDOWS\System32\msvcrt.dll
0x00007ff953730000 - 0x00007ff95375a000 	C:\WINDOWS\System32\GDI32.dll
0x00007ff950980000 - 0x00007ff950ab1000 	C:\WINDOWS\System32\gdi32full.dll
0x00007ff950fe0000 - 0x00007ff951083000 	C:\WINDOWS\System32\msvcp_win.dll
0x00007ff951c20000 - 0x00007ff951c4f000 	C:\WINDOWS\System32\IMM32.DLL
0x00007ff942200000 - 0x00007ff94220c000 	C:\Users\HP\.vscode\extensions\redhat.java-1.41.1-win32-x64\jre\21.0.6-win32-x86_64\bin\vcruntime140_1.dll
0x00007ff926bb0000 - 0x00007ff926c3d000 	C:\Users\HP\.vscode\extensions\redhat.java-1.41.1-win32-x64\jre\21.0.6-win32-x86_64\bin\msvcp140.dll
0x00007ff8ca350000 - 0x00007ff8cb0e0000 	C:\Users\HP\.vscode\extensions\redhat.java-1.41.1-win32-x64\jre\21.0.6-win32-x86_64\bin\server\jvm.dll
0x00007ff9525c0000 - 0x00007ff952673000 	C:\WINDOWS\System32\ADVAPI32.dll
0x00007ff953680000 - 0x00007ff953726000 	C:\WINDOWS\System32\sechost.dll
0x00007ff951a20000 - 0x00007ff951b36000 	C:\WINDOWS\System32\RPCRT4.dll
0x00007ff9518f0000 - 0x00007ff951964000 	C:\WINDOWS\System32\WS2_32.dll
0x00007ff950640000 - 0x00007ff95069e000 	C:\WINDOWS\SYSTEM32\POWRPROF.dll
0x00007ff9420e0000 - 0x00007ff942116000 	C:\WINDOWS\SYSTEM32\WINMM.dll
0x00007ff947df0000 - 0x00007ff947dfb000 	C:\WINDOWS\SYSTEM32\VERSION.dll
0x00007ff950620000 - 0x00007ff950634000 	C:\WINDOWS\SYSTEM32\UMPDC.dll
0x00007ff94f790000 - 0x00007ff94f7aa000 	C:\WINDOWS\SYSTEM32\kernel.appcore.dll
0x00007ff941f10000 - 0x00007ff941f1a000 	C:\Users\HP\.vscode\extensions\redhat.java-1.41.1-win32-x64\jre\21.0.6-win32-x86_64\bin\jimage.dll
0x00007ff9482d0000 - 0x00007ff948511000 	C:\WINDOWS\SYSTEM32\DBGHELP.DLL
0x00007ff952960000 - 0x00007ff952ce3000 	C:\WINDOWS\System32\combase.dll
0x00007ff951c60000 - 0x00007ff951d36000 	C:\WINDOWS\System32\OLEAUT32.dll
0x00007ff935630000 - 0x00007ff935669000 	C:\WINDOWS\SYSTEM32\dbgcore.DLL
0x00007ff951390000 - 0x00007ff951429000 	C:\WINDOWS\System32\bcryptPrimitives.dll
0x00007ff93b7f0000 - 0x00007ff93b80f000 	C:\Users\HP\.vscode\extensions\redhat.java-1.41.1-win32-x64\jre\21.0.6-win32-x86_64\bin\java.dll
0x00007ff952f50000 - 0x00007ff953679000 	C:\WINDOWS\System32\SHELL32.dll
0x00007ff951430000 - 0x00007ff951598000 	C:\WINDOWS\System32\wintypes.dll
0x00007ff94e5f0000 - 0x00007ff94ee42000 	C:\WINDOWS\SYSTEM32\windows.storage.dll
0x00007ff952260000 - 0x00007ff95234d000 	C:\WINDOWS\System32\SHCORE.dll
0x00007ff952e90000 - 0x00007ff952ef4000 	C:\WINDOWS\System32\shlwapi.dll
0x00007ff950890000 - 0x00007ff9508bf000 	C:\WINDOWS\SYSTEM32\profapi.dll
0x00007ff9390a0000 - 0x00007ff9390b8000 	C:\Users\HP\.vscode\extensions\redhat.java-1.41.1-win32-x64\jre\21.0.6-win32-x86_64\bin\zip.dll
0x00007ff9412c0000 - 0x00007ff9412d0000 	C:\Users\HP\.vscode\extensions\redhat.java-1.41.1-win32-x64\jre\21.0.6-win32-x86_64\bin\net.dll
0x00007ff94c5b0000 - 0x00007ff94c6cd000 	C:\WINDOWS\SYSTEM32\WINHTTP.dll
0x00007ff94fcb0000 - 0x00007ff94fd1a000 	C:\WINDOWS\system32\mswsock.dll
0x00007ff938fe0000 - 0x00007ff938ff6000 	C:\Users\HP\.vscode\extensions\redhat.java-1.41.1-win32-x64\jre\21.0.6-win32-x86_64\bin\nio.dll
0x00007ff9498d0000 - 0x00007ff9498de000 	C:\Users\HP\.vscode\extensions\redhat.java-1.41.1-win32-x64\jre\21.0.6-win32-x86_64\bin\sunmscapi.dll
0x00007ff951210000 - 0x00007ff951387000 	C:\WINDOWS\System32\CRYPT32.dll
0x00007ff950150000 - 0x00007ff950180000 	C:\WINDOWS\SYSTEM32\ncrypt.dll
0x00007ff950100000 - 0x00007ff95013f000 	C:\WINDOWS\SYSTEM32\NTASN1.dll
0x00007ff94ff50000 - 0x00007ff94ff6c000 	C:\WINDOWS\SYSTEM32\CRYPTSP.dll
0x00007ff94f6f0000 - 0x00007ff94f72a000 	C:\WINDOWS\system32\rsaenh.dll
0x00007ff94fd50000 - 0x00007ff94fd7b000 	C:\WINDOWS\SYSTEM32\USERENV.dll
0x00007ff950190000 - 0x00007ff9501b6000 	C:\WINDOWS\SYSTEM32\bcrypt.dll
0x00007ff94ff70000 - 0x00007ff94ff7c000 	C:\WINDOWS\SYSTEM32\CRYPTBASE.dll
0x00007ff94f170000 - 0x00007ff94f1a3000 	C:\WINDOWS\SYSTEM32\IPHLPAPI.DLL
0x00007ff9525b0000 - 0x00007ff9525ba000 	C:\WINDOWS\System32\NSI.dll
0x00007ff9499b0000 - 0x00007ff9499ba000 	C:\Users\HP\.vscode\extensions\redhat.java-1.41.1-win32-x64\jre\21.0.6-win32-x86_64\bin\management.dll
0x00007ff9499a0000 - 0x00007ff9499ab000 	C:\Users\HP\.vscode\extensions\redhat.java-1.41.1-win32-x64\jre\21.0.6-win32-x86_64\bin\management_ext.dll
0x00007ff952780000 - 0x00007ff952788000 	C:\WINDOWS\System32\PSAPI.DLL
0x00007ff93dc20000 - 0x00007ff93dc30000 	C:\Users\HP\.vscode\extensions\redhat.java-1.41.1-win32-x64\jre\21.0.6-win32-x86_64\bin\verify.dll
0x00007ff94f1b0000 - 0x00007ff94f2d5000 	C:\WINDOWS\SYSTEM32\DNSAPI.dll
0x00007ff94bfb0000 - 0x00007ff94bfbb000 	C:\Windows\System32\rasadhlp.dll
0x00007ff94d0b0000 - 0x00007ff94d135000 	C:\WINDOWS\System32\fwpuclnt.dll
0x00007ff942480000 - 0x00007ff942489000 	C:\Users\HP\.vscode\extensions\redhat.java-1.41.1-win32-x64\jre\21.0.6-win32-x86_64\bin\extnet.dll

dbghelp: loaded successfully - version: 4.0.5 - missing functions: none
symbol engine: initialized successfully - sym options: 0x614 - pdb path: .;C:\Users\HP\.vscode\extensions\redhat.java-1.41.1-win32-x64\jre\21.0.6-win32-x86_64\bin;C:\WINDOWS\SYSTEM32;C:\WINDOWS\WinSxS\amd64_microsoft.windows.common-controls_6595b64144ccf1df_6.0.26100.3624_none_3e086962e3345f24;C:\Users\HP\.vscode\extensions\redhat.java-1.41.1-win32-x64\jre\21.0.6-win32-x86_64\bin\server

VM Arguments:
jvm_args: -XX:+ShowCodeDetailsInExceptionMessages 
java_command: com.projekan.tiket_pesawat.TiketPesawatApplication
java_class_path (initial): C:\spring fajar\tiket_pesawat\target\classes;C:\Users\HP\.m2\repository\com\google\zxing\core\3.5.2\core-3.5.2.jar;C:\Users\HP\.m2\repository\com\google\zxing\javase\3.5.2\javase-3.5.2.jar;C:\Users\HP\.m2\repository\com\beust\jcommander\1.82\jcommander-1.82.jar;C:\Users\HP\.m2\repository\com\github\jai-imageio\jai-imageio-core\1.4.0\jai-imageio-core-1.4.0.jar;C:\Users\HP\.m2\repository\com\itextpdf\itextpdf\5.5.13.3\itextpdf-5.5.13.3.jar;C:\Users\HP\.m2\repository\org\apache\poi\poi-ooxml\5.2.5\poi-ooxml-5.2.5.jar;C:\Users\HP\.m2\repository\org\apache\poi\poi\5.2.5\poi-5.2.5.jar;C:\Users\HP\.m2\repository\commons-codec\commons-codec\1.17.2\commons-codec-1.17.2.jar;C:\Users\HP\.m2\repository\org\apache\commons\commons-math3\3.6.1\commons-math3-3.6.1.jar;C:\Users\HP\.m2\repository\com\zaxxer\SparseBitSet\1.3\SparseBitSet-1.3.jar;C:\Users\HP\.m2\repository\org\apache\poi\poi-ooxml-lite\5.2.5\poi-ooxml-lite-5.2.5.jar;C:\Users\HP\.m2\repository\org\apache\xmlbeans\xmlbeans\5.2.0\xmlbeans-5.2.0.jar;C:\Users\HP\.m2\repository\org\apache\commons\commons-compress\1.25.0\commons-compress-1.25.0.jar;C:\Users\HP\.m2\repository\commons-io\commons-io\2.15.0\commons-io-2.15.0.jar;C:\Users\HP\.m2\repository\com\github\virtuald\curvesapi\1.08\curvesapi-1.08.jar;C:\Users\HP\.m2\repository\org\apache\logging\log4j\log4j-api\2.24.3\log4j-api-2.24.3.jar;C:\Users\HP\.m2\repository\org\apache\commons\commons-collections4\4.4\commons-collections4-4.4.jar;C:\Users\HP\.m2\repository\org\springdoc\springdoc-openapi-starter-webmvc-ui\2.8.6\springdoc-openapi-starter-webmvc-ui-2.8.6.jar;C:\Users\HP\.m2\repository\org\springdoc\springdoc-openapi-starter-webmvc-api\2.8.6\springdoc-openapi-starter-webmvc-api-2.8.6.jar;C:\Users\HP\.m2\repository\org\springdoc\springdoc-openapi-starter-common\2.8.6\springdoc-openapi-starter-common-2.8.6.jar;C:\Users\HP\.m2\repository\io\swagger\core\v3\swagger-core-jakarta\2.2.29\swagger-core-jakarta-2.2.29.jar;C:\Users\HP\.m2\repository\org\apache\commons\commons-lang3\3.17.0\commons-lang3-3.17.0.jar;C:\Users\HP\.m2\repository\io\swagger\core\v3\swagger-annotations-jakarta\2.2.29\swagger-annotations-jakarta-2.2.29.jar;C:\Users\HP\.m2\repository\io\swagger\core\v3\swagger-models-jakarta\2.2.29\swagger-models-jakarta-2.2.29.jar;C:\Users\HP\.m2\repository\com\fasterxml\jackson\dataformat\jackson-dataformat-yaml\2.18.3\jackson-dataformat-yaml-2.18.3.jar;C:\Users\HP\.m2\repository\org\webjars\swagger-ui\5.20.1\swagger-ui-5.20.1.jar;C:\Users\HP\.m2\repository\org\webjars\webjars-locator-lite\1.0.1\webjars-locator-lite-1.0.1.jar;C:\Users\HP\.m2\repository\org\jspecify\jspecify\1.0.0\jspecify-1.0.0.jar;C:\Users\HP\.m2\repository\io\jsonwebtoken\jjwt-api\0.11.2\jjwt-api-0.11.2.jar;C:\Users\HP\.m2\repository\io\jsonwebtoken\jjwt-impl\0.11.2\jjwt-impl-0.11.2.jar;C:\Users\HP\.m2\repository\io\jsonwebtoken\jjwt-jackson\0.11.2\jjwt-jackson-0.11.2.jar;C:\Users\HP\.m2\repository\com\fasterxml\jackson\core\jackson-databind\2.18.3\jackson-databind-2.18.3.jar;C:\Users\HP\.m2\repository\com\fasterxml\jackson\core\jackson-annotations\2.18.3\jackson-annotations-2.18.3.jar;C:\Users\HP\.m2\repository\com\fasterxml\jackson\core\jackson-core\2.18.3\jackson-core-2.18.3.jar;C:\Users\HP\.m2\repository\org\springframework\boot\spring-boot-starter-data-jpa\3.4.4\spring-boot-starter-data-jpa-3.4.4.jar;C:\Users\HP\.m2\repository\org\springframework\boot\spring-boot-starter\3.4.4\spring-boot-starter-3.4.4.jar;C:\Users\HP\.m2\repository\org\springframework\boot\spring-boot\3.4.4\spring-boot-3.4.4.jar;C:\Users\HP\.m2\repository\org\springframework\boot\spring-boot-autoconfigure\3.4.4\spring-boot-autoconfigure-3.4.4.jar;C:\Users\HP\.m2\repository\org\springframework\boot\spring-boot-starter-logging\3.4.4\spring-boot-starter-logging-3.4.4.jar;C:\Users\HP\.m2\repository\ch\qos\logback\logback-classic\1.5.18\logback-classic-1.5.18.jar;C:\Users\HP\.m2\repository\ch\qos\logback\logback-core\1.5.18\logback-core-1.5.18.jar;C:\Users\HP\.m2\repository\org\apache\logging\log4j\log4j-to-slf4j\2.24.3\log4j-to-slf4j-2.24.3.jar;C:\Users\HP\.m2\repository\org\slf4j\jul-to-slf4j\2.0.17\jul-to-slf4j-2.0.17.jar;C:\Users\HP\.m2\repository\jakarta\annotation\jakarta.annotation-api\2.1.1\jakarta.annotation-api-2.1.1.jar;C:\Users\HP\.m2\repository\org\yaml\snakeyaml\2.3\snakeyaml-2.3.jar;C:\Users\HP\.m2\repository\org\springframework\boot\spring-boot-starter-jdbc\3.4.4\spring-boot-starter-jdbc-3.4.4.jar;C:\Users\HP\.m2\repository\com\zaxxer\HikariCP\5.1.0\HikariCP-5.1.0.jar;C:\Users\HP\.m2\repository\org\springframework\spring-jdbc\6.2.5\spring-jdbc-6.2.5.jar;C:\Users\HP\.m2\repository\org\hibernate\orm\hibernate-core\6.6.11.Final\hibernate-core-6.6.11.Final.jar;C:\Users\HP\.m2\repository\jakarta\persistence\jakarta.persistence-api\3.1.0\jakarta.persistence-api-3.1.0.jar;C:\Users\HP\.m2\repository\jakarta\transaction\jakarta.transaction-api\2.0.1\jakarta.transaction-api-2.0.1.jar;C:\Users\HP\.m2\repository\org\jboss\logging\jboss-logging\3.6.1.Final\jboss-logging-3.6.1.Final.jar;C:\Users\HP\.m2\repository\org\hibernate\common\hibernate-commons-annotations\7.0.3.Final\hibernate-commons-annotations-7.0.3.Final.jar;C:\Users\HP\.m2\repository\io\smallrye\jandex\3.2.0\jandex-3.2.0.jar;C:\Users\HP\.m2\repository\com\fasterxml\classmate\1.7.0\classmate-1.7.0.jar;C:\Users\HP\.m2\repository\net\bytebuddy\byte-buddy\1.15.11\byte-buddy-1.15.11.jar;C:\Users\HP\.m2\repository\org\glassfish\jaxb\jaxb-runtime\4.0.5\jaxb-runtime-4.0.5.jar;C:\Users\HP\.m2\repository\org\glassfish\jaxb\jaxb-core\4.0.5\jaxb-core-4.0.5.jar;C:\Users\HP\.m2\repository\org\glassfish\jaxb\txw2\4.0.5\txw2-4.0.5.jar;C:\Users\HP\.m2\repository\com\sun\istack\istack-commons-runtime\4.1.2\istack-commons-runtime-4.1.2.jar;C:\Users\HP\.m2\repository\jakarta\inject\jakarta.inject-api\2.0.1\jakarta.inject-api-2.0.1.jar;C:\Users\HP\.m2\repository\org\antlr\antlr4-runtime\4.13.0\antlr4-runtime-4.13.0.jar;C:\Users\HP\.m2\repository\org\springframework\data\spring-data-jpa\3.4.4\spring-data-jpa-3.4.4.jar;C:\Users\HP\.m2\repository\org\springframework\data\spring-data-commons\3.4.4\spring-data-commons-3.4.4.jar;C:\Users\HP\.m2\repository\org\springframework\spring-orm\6.2.5\spring-orm-6.2.5.jar;C:\Users\HP\.m2\repository\org\springframework\spring-context\6.2.5\spring-context-6.2.5.jar;C:\Users\HP\.m2\repository\org\springframework\spring-beans\6.2.5\spring-beans-6.2.5.jar;C:\Users\HP\.m2\repository\org\slf4j\slf4j-api\2.0.17\slf4j-api-2.0.17.jar;C:\Users\HP\.m2\repository\org\springframework\spring-aspects\6.2.5\spring-aspects-6.2.5.jar;C:\Users\HP\.m2\repository\org\aspectj\aspectjweaver\1.9.23\aspectjweaver-1.9.23.jar;C:\Users\HP\.m2\repository\org\springframework\boot\spring-boot-starter-mail\3.4.4\spring-boot-starter-mail-3.4.4.jar;C:\Users\HP\.m2\repository\org\springframework\spring-context-support\6.2.5\spring-context-support-6.2.5.jar;C:\Users\HP\.m2\repository\org\eclipse\angus\jakarta.mail\2.0.3\jakarta.mail-2.0.3.jar;C:\Users\HP\.m2\repository\jakarta\activation\jakarta.activation-api\2.1.3\jakarta.activation-api-2.1.3.jar;C:\Users\HP\.m2\repository\org\eclipse\angus\angus-activation\2.0.2\angus-activation-2.0.2.jar;C:\Users\HP\.m2\repository\org\springframework\boot\spring-boot-starter-quartz\3.4.4\spring-boot-starter-quartz-3.4.4.jar;C:\Users\HP\.m2\repository\org\springframework\spring-tx\6.2.5\spring-tx-6.2.5.jar;C:\Users\HP\.m2\repository\org\quartz-scheduler\quartz\2.3.2\quartz-2.3.2.jar;C:\Users\HP\.m2\repository\com\mchange\mchange-commons-java\0.2.15\mchange-commons-java-0.2.15.jar;C:\Users\HP\.m2\repository\org\springframework\boot\spring-boot-starter-web\3.4.4\spring-boot-starter-web-3.4.4.jar;C:\Users\HP\.m2\repository\org\springframework\boot\spring-boot-starter-json\3.4.4\spring-boot-starter-json-3.4.4.jar;C:\Users\HP\.m2\repository\com\fasterxml\jackson\datatype\jackson-datatype-jdk8\2.18.3\jackson-datatype-jdk8-2.18.3.jar;C:\Users\HP\.m2\repository\com\fasterxml\jackson\datatype\jackson-datatype-jsr310\2.18.3\jackson-datatype-jsr310-2.18.3.jar;C:\Users\HP\.m2\repository\com\fasterxml\jackson\module\jackson-module-parameter-names\2.18.3\jackson-module-parameter-names-2.18.3.jar;C:\Users\HP\.m2\repository\org\springframework\boot\spring-boot-starter-tomcat\3.4.4\spring-boot-starter-tomcat-3.4.4.jar;C:\Users\HP\.m2\repository\org\apache\tomcat\embed\tomcat-embed-core\10.1.39\tomcat-embed-core-10.1.39.jar;C:\Users\HP\.m2\repository\org\apache\tomcat\embed\tomcat-embed-websocket\10.1.39\tomcat-embed-websocket-10.1.39.jar;C:\Users\HP\.m2\repository\org\springframework\spring-web\6.2.5\spring-web-6.2.5.jar;C:\Users\HP\.m2\repository\io\micrometer\micrometer-observation\1.14.5\micrometer-observation-1.14.5.jar;C:\Users\HP\.m2\repository\io\micrometer\micrometer-commons\1.14.5\micrometer-commons-1.14.5.jar;C:\Users\HP\.m2\repository\org\springframework\spring-webmvc\6.2.5\spring-webmvc-6.2.5.jar;C:\Users\HP\.m2\repository\org\springframework\spring-expression\6.2.5\spring-expression-6.2.5.jar;C:\Users\HP\.m2\repository\com\mysql\mysql-connector-j\9.1.0\mysql-connector-j-9.1.0.jar;C:\Users\HP\.m2\repository\org\projectlombok\lombok\1.18.36\lombok-1.18.36.jar;C:\Users\HP\.m2\repository\jakarta\xml\bind\jakarta.xml.bind-api\4.0.2\jakarta.xml.bind-api-4.0.2.jar;C:\Users\HP\.m2\repository\org\springframework\spring-core\6.2.5\spring-core-6.2.5.jar;C:\Users\HP\.m2\repository\org\springframework\spring-jcl\6.2.5\spring-jcl-6.2.5.jar;C:\Users\HP\.m2\repository\org\springframework\boot\spring-boot-starter-security\3.4.4\spring-boot-starter-security-3.4.4.jar;C:\Users\HP\.m2\repository\org\springframework\spring-aop\6.2.5\spring-aop-6.2.5.jar;C:\Users\HP\.m2\repository\org\springframework\security\spring-security-config\6.4.4\spring-security-config-6.4.4.jar;C:\Users\HP\.m2\repository\org\springframework\security\spring-security-core\6.4.4\spring-security-core-6.4.4.jar;C:\Users\HP\.m2\repository\org\springframework\security\spring-security-crypto\6.4.4\spring-security-crypto-6.4.4.jar;C:\Users\HP\.m2\repository\org\springframework\security\spring-security-web\6.4.4\spring-security-web-6.4.4.jar;C:\Users\HP\.m2\repository\org\springframework\boot\spring-boot-starter-validation\3.4.4\spring-boot-starter-validation-3.4.4.jar;C:\Users\HP\.m2\repository\org\apache\tomcat\embed\tomcat-embed-el\10.1.39\tomcat-embed-el-10.1.39.jar;C:\Users\HP\.m2\repository\org\hibernate\validator\hibernate-validator\8.0.2.Final\hibernate-validator-8.0.2.Final.jar;C:\Users\HP\.m2\repository\jakarta\validation\jakarta.validation-api\3.0.2\jakarta.validation-api-3.0.2.jar;C:\Users\HP\.m2\repository\org\springframework\boot\spring-boot-starter-thymeleaf\3.4.4\spring-boot-starter-thymeleaf-3.4.4.jar;C:\Users\HP\.m2\repository\org\thymeleaf\thymeleaf-spring6\3.1.3.RELEASE\thymeleaf-spring6-3.1.3.RELEASE.jar;C:\Users\HP\.m2\repository\org\thymeleaf\thymeleaf\3.1.3.RELEASE\thymeleaf-3.1.3.RELEASE.jar;C:\Users\HP\.m2\repository\org\attoparser\attoparser\2.0.7.RELEASE\attoparser-2.0.7.RELEASE.jar;C:\Users\HP\.m2\repository\org\unbescape\unbescape\1.1.6.RELEASE\unbescape-1.1.6.RELEASE.jar
Launcher Type: SUN_STANDARD

[Global flags]
     intx CICompilerCount                          = 4                                         {product} {ergonomic}
     uint ConcGCThreads                            = 3                                         {product} {ergonomic}
     uint G1ConcRefinementThreads                  = 10                                        {product} {ergonomic}
   size_t G1HeapRegionSize                         = 1048576                                   {product} {ergonomic}
    uintx GCDrainStackTargetSize                   = 64                                        {product} {ergonomic}
   size_t InitialHeapSize                          = 123731968                                 {product} {ergonomic}
   size_t MarkStackSize                            = 4194304                                   {product} {ergonomic}
   size_t MaxHeapSize                              = 1967128576                                {product} {ergonomic}
   size_t MaxNewSize                               = 1179648000                                {product} {ergonomic}
   size_t MinHeapDeltaBytes                        = 1048576                                   {product} {ergonomic}
   size_t MinHeapSize                              = 8388608                                   {product} {ergonomic}
    uintx NonNMethodCodeHeapSize                   = 5839372                                {pd product} {ergonomic}
    uintx NonProfiledCodeHeapSize                  = 122909434                              {pd product} {ergonomic}
    uintx ProfiledCodeHeapSize                     = 122909434                              {pd product} {ergonomic}
    uintx ReservedCodeCacheSize                    = 251658240                              {pd product} {ergonomic}
     bool SegmentedCodeCache                       = true                                      {product} {ergonomic}
     bool ShowCodeDetailsInExceptionMessages       = true                                   {manageable} {command line}
   size_t SoftMaxHeapSize                          = 1967128576                             {manageable} {ergonomic}
     bool UseCompressedOops                        = true                           {product lp64_product} {ergonomic}
     bool UseG1GC                                  = true                                      {product} {ergonomic}
     bool UseLargePagesIndividualAllocation        = false                                  {pd product} {ergonomic}

Logging:
Log output configuration:
 #0: stdout all=warning uptime,level,tags foldmultilines=false
 #1: stderr all=off uptime,level,tags foldmultilines=false

Environment Variables:
PATH=C:\Program Files\Common Files\Oracle\Java\javapath;C:\windows\system32;C:\windows;C:\windows\System32\Wbem;C:\windows\System32\WindowsPowerShell\v1.0\;C:\windows\System32\OpenSSH\;C:\MinGW\bin;C:\Program Files\HP\HP One Agent;C:\Program Files\Git\cmd;;C:\WINDOWS\system32;C:\WINDOWS;C:\WINDOWS\System32\Wbem;C:\WINDOWS\System32\WindowsPowerShell\v1.0\;C:\WINDOWS\System32\OpenSSH\;C:\Users\HP\AppData\Local\Microsoft\WindowsApps;C:\Users\HP\AppData\Local\Programs\Microsoft VS Code\bin;C:\mingw64\bin;
USERNAME=HP
LANG=en_US.UTF-8
OS=Windows_NT
PROCESSOR_IDENTIFIER=AMD64 Family 23 Model 104 Stepping 1, AuthenticAMD
TMP=C:\Users\HP\AppData\Local\Temp
TEMP=C:\Users\HP\AppData\Local\Temp




Periodic native trim disabled

---------------  S Y S T E M  ---------------

OS:
 Windows 11 , 64 bit Build 26100 (10.0.26100.3624)
OS uptime: 24 days 14:06 hours
Hyper-V role detected

CPU: total 12 (initial active 12) (12 cores per cpu, 2 threads per core) family 23 model 104 stepping 1 microcode 0x8608104, cx8, cmov, fxsr, ht, mmx, 3dnowpref, sse, sse2, sse3, ssse3, sse4a, sse4.1, sse4.2, popcnt, lzcnt, tsc, tscinvbit, avx, avx2, aes, clmul, bmi1, bmi2, adx, sha, fma, vzeroupper, clflush, clflushopt, hv, rdtscp, rdpid, f16c
Processor Information for processor 0
  Max Mhz: 2100, Current Mhz: 2100, Mhz Limit: 2100
Processor Information for processor 1
  Max Mhz: 2100, Current Mhz: 2100, Mhz Limit: 2100
Processor Information for processor 2
  Max Mhz: 2100, Current Mhz: 2100, Mhz Limit: 2100
Processor Information for processor 3
  Max Mhz: 2100, Current Mhz: 2100, Mhz Limit: 2100
Processor Information for processor 4
  Max Mhz: 2100, Current Mhz: 1988, Mhz Limit: 2100
Processor Information for processor 5
  Max Mhz: 2100, Current Mhz: 2100, Mhz Limit: 2100
Processor Information for processor 6
  Max Mhz: 2100, Current Mhz: 2100, Mhz Limit: 2100
Processor Information for processor 7
  Max Mhz: 2100, Current Mhz: 2100, Mhz Limit: 2100
Processor Information for processor 8
  Max Mhz: 2100, Current Mhz: 2100, Mhz Limit: 2100
Processor Information for processor 9
  Max Mhz: 2100, Current Mhz: 2100, Mhz Limit: 2100
Processor Information for processor 10
  Max Mhz: 2100, Current Mhz: 2100, Mhz Limit: 2100
Processor Information for processor 11
  Max Mhz: 2100, Current Mhz: 2100, Mhz Limit: 2100

Memory: 4k page, system-wide physical 7502M (458M free)
TotalPageFile size 30030M (AvailPageFile size 320M)
current process WorkingSet (physical memory assigned to process): 355M, peak: 383M
current process commit charge ("private bytes"): 405M, peak: 695M

vm_info: OpenJDK 64-Bit Server VM (21.0.6+7-LTS) for windows-amd64 JRE (21.0.6+7-LTS), built on 2025-01-21T00:00:00Z by "admin" with MS VC++ 17.7 (VS2022)

END.
